{
  "problem_name": "Prob141_count_clock",
  "model_name": "glm-4.6",
  "parameters": {
    "temperature": 0.8,
    "top_p": 0.95,
    "max_compile_attempts": 3,
    "max_test_attempts": 3
  },
  "compile_attempts": 3,
  "test_attempts": 3,
  "total_attempts": 6,
  "final_compile_success": true,
  "final_test_success": false,
  "first_attempt_compile_success": false,
  "first_attempt_test_success": false,
  "improved_by_iteration": true,
  "history": [
    {
      "attempt": 1,
      "phase": "initial",
      "compile_success": false,
      "compile_error": "=== Static Analysis ===\nPASS: No simulation-hanging patterns detected\n==================================================\n=== Compilation ===\nReturn code: 81\nD:\\WorkSpace\\ResearchCode\\LLM4DSL\\verilog\\Verilog-benchmark\\dataset_code-complete-iccad2023/Prob141_count_clock_test.sv:1: error: `timescale directive can not be inside a module definition.\nD:\\WorkSpace\\ResearchCode\\LLM4DSL\\verilog\\Verilog-benchmark\\dataset_code-complete-iccad2023/Prob141_count_clock_test.sv:6: syntax error\nD:\\WorkSpace\\ResearchCode\\LLM4DSL\\verilog\\Verilog-benchmark\\dataset_code-complete-iccad2023/Prob141_count_clock_test.sv:15: error: malformed statement\nD:\\WorkSpace\\ResearchCode\\LLM4DSL\\verilog\\Verilog-benchmark\\dataset_code-complete-iccad2023/Prob141_count_clock_test.sv:16: syntax error\nD:\\WorkSpace\\ResearchCode\\LLM4DSL\\verilog\\Verilog-benchmark\\dataset_code-complete-iccad2023/Prob141_count_clock_test.sv:16: error: malformed statement\nD:\\WorkSpace\\ResearchCode\\LLM4DSL\\verilog\\Verilog-benchmark\\dataset_code-complete-iccad2023/Prob141_count_clock_test.sv:17: syntax error\nD:\\WorkSpace\\ResearchCode\\LLM4DSL\\verilog\\Verilog-benchmark\\dataset_code-complete-iccad2023/Prob141_count_clock_test.sv:17: error: malformed statement\nD:\\WorkSpace\\ResearchCode\\LLM4DSL\\verilog\\Verilog-benchmark\\dataset_code-complete-iccad2023/Prob141_count_clock_test.sv:36: syntax error\nD:\\WorkSpace\\ResearchCode\\LLM4DSL\\verilog\\Verilog-benchmark\\dataset_code-complete-iccad2023/Prob141_count_clock_test.sv:43: error: malformed statement\nD:\\WorkSpace\\ResearchCode\\LLM4DSL\\verilog\\Verilog-benchmark\\dataset_code-complete-iccad2023/Prob141_count_clock_test.sv:44: syntax error\nD:\\WorkSpace\\ResearchCode\\LLM4DSL\\verilog\\Verilog-benchmark\\dataset_code-complete-iccad2023/Prob141_count_clock_test.sv:46: error: malformed statement\nD:\\WorkSpace\\ResearchCode\\LLM4DSL\\verilog\\Verilog-benchmark\\dataset_code-complete-iccad2023/Prob141_count_clock_test.sv:48: syntax error\nD:\\WorkSpace\\ResearchCode\\LLM4DSL\\verilog\\Verilog-benchmark\\dataset_code-complete-iccad2023/Prob141_count_clock_test.sv:53: Syntax in assignment statement l-value.\nD:\\WorkSpace\\ResearchCode\\LLM4DSL\\verilog\\Verilog-benchmark\\dataset_code-complete-iccad2023/Prob141_count_clock_test.sv:54: syntax error\nD:\\WorkSpace\\ResearchCode\\LLM4DSL\\verilog\\Verilog-benchmark\\dataset_code-complete-iccad2023/Prob141_count_clock_test.sv:54: Syntax in assignment statement l-value.\nD:\\WorkSpace\\ResearchCode\\LLM4DSL\\verilog\\Verilog-benchmark\\dataset_code-complete-iccad2023/Prob141_count_clock_test.sv:56: syntax error\nD:\\WorkSpace\\ResearchCode\\LLM4DSL\\verilog\\Verilog-benchmark\\dataset_code-complete-iccad2023/Prob141_count_clock_test.sv:63: Syntax in assignment statement l-value.\nD:\\WorkSpace\\ResearchCode\\LLM4DSL\\verilog\\Verilog-benchmark\\dataset_code-complete-iccad2023/Prob141_count_clock_test.sv:66: syntax error\nD:\\WorkSpace\\ResearchCode\\LLM4DSL\\verilog\\Verilog-benchmark\\dataset_code-complete-iccad2023/Prob141_count_clock_test.sv:67: Syntax in assignment statement l-value.\nD:\\WorkSpace\\ResearchCode\\LLM4DSL\\verilog\\Verilog-benchmark\\dataset_code-complete-iccad2023/Prob141_count_clock_test.sv:133: syntax error\nD:\\WorkSpace\\ResearchCode\\LLM4DSL\\verilog\\Verilog-benchmark\\dataset_code-complete-iccad2023/Prob141_count_clock_test.sv:135: error: malformed statement\nD:\\WorkSpace\\ResearchCode\\LLM4DSL\\verilog\\Verilog-benchmark\\dataset_code-complete-iccad2023/Prob141_count_clock_test.sv:137: syntax error\nD:\\WorkSpace\\ResearchCode\\LLM4DSL\\verilog\\Verilog-benchmark\\dataset_code-complete-iccad2023/Prob141_count_clock_test.sv:138: error: malformed statement\nD:\\WorkSpace\\ResearchCode\\LLM4DSL\\verilog\\Verilog-benchmark\\dataset_code-complete-iccad2023/Prob141_count_clock_test.sv:139: syntax error\nD:\\WorkSpace\\ResearchCode\\LLM4DSL\\verilog\\Verilog-benchmark\\dataset_code-complete-iccad2023/Prob141_count_clock_test.sv:139: error: malformed statement\nD:\\WorkSpace\\ResearchCode\\LLM4DSL\\verilog\\Verilog-benchmark\\dataset_code-complete-iccad2023/Prob141_count_clock_test.sv:140: syntax error\nD:\\WorkSpace\\ResearchCode\\LLM4DSL\\verilog\\Verilog-benchmark\\dataset_code-complete-iccad2023/Prob141_count_clock_test.sv:140: error: malformed statement\nD:\\WorkSpace\\ResearchCode\\LLM4DSL\\verilog\\Verilog-benchmark\\dataset_code-complete-iccad2023/Prob141_count_clock_test.sv:141: syntax error\nD:\\WorkSpace\\ResearchCode\\LLM4DSL\\verilog\\Verilog-benchmark\\dataset_code-complete-iccad2023/Prob141_count_clock_test.sv:141: error: malformed statement\nD:\\WorkSpace\\ResearchCode\\LLM4DSL\\verilog\\Verilog-benchmark\\dataset_code-complete-iccad2023/Prob141_count_clock_test.sv:142: syntax error\nD:\\WorkSpace\\ResearchCode\\LLM4DSL\\verilog\\Verilog-benchmark\\dataset_code-complete-iccad2023/Prob141_count_clock_test.sv:142: error: malformed statement\nD:\\WorkSpace\\ResearchCode\\LLM4DSL\\verilog\\Verilog-benchmark\\dataset_code-complete-iccad2023/Prob141_count_clock_test.sv:143: syntax error\nD:\\WorkSpace\\ResearchCode\\LLM4DSL\\verilog\\Verilog-benchmark\\dataset_code-complete-iccad2023/Prob141_count_clock_test.sv:143: error: malformed statement\nD:\\WorkSpace\\ResearchCode\\LLM4DSL\\verilog\\Verilog-benchmark\\dataset_code-complete-iccad2023/Prob141_count_clock_test.sv:144: syntax error\nD:\\WorkSpace\\ResearchCode\\LLM4DSL\\verilog\\Verilog-benchmark\\dataset_code-complete-iccad2023/Prob141_count_clock_test.sv:144: error: malformed statement\nD:\\WorkSpace\\ResearchCode\\LLM4DSL\\verilog\\Verilog-benchmark\\dataset_code-complete-iccad2023/Prob141_count_clock_test.sv:145: syntax error\nD:\\WorkSpace\\ResearchCode\\LLM4DSL\\verilog\\Verilog-benchmark\\dataset_code-complete-iccad2023/Prob141_count_clock_test.sv:145: error: malformed statement\nD:\\WorkSpace\\ResearchCode\\LLM4DSL\\verilog\\Verilog-benchmark\\dataset_code-complete-iccad2023/Prob141_count_clock_test.sv:146: syntax error\nD:\\WorkSpace\\ResearchCode\\LLM4DSL\\verilog\\Verilog-benchmark\\dataset_code-complete-iccad2023/Prob141_count_clock_test.sv:146: error: malformed statement\nD:\\WorkSpace\\ResearchCode\\LLM4DSL\\verilog\\Verilog-benchmark\\dataset_code-complete-iccad2023/Prob141_count_clock_test.sv:147: syntax error\nD:\\WorkSpace\\ResearchCode\\LLM4DSL\\verilog\\Verilog-benchmark\\dataset_code-complete-iccad2023/Prob141_count_clock_test.sv:147: error: malformed statement\nD:\\WorkSpace\\ResearchCode\\LLM4DSL\\verilog\\Verilog-benchmark\\dataset_code-complete-iccad2023/Prob141_count_clock_test.sv:149: syntax error\nD:\\WorkSpace\\ResearchCode\\LLM4DSL\\verilog\\Verilog-benchmark\\dataset_code-complete-iccad2023/Prob141_count_clock_test.sv:149: error: malformed statement\nD:\\WorkSpace\\ResearchCode\\LLM4DSL\\verilog\\Verilog-benchmark\\dataset_code-complete-iccad2023/Prob141_count_clock_test.sv:150: syntax error\nD:\\WorkSpace\\ResearchCode\\LLM4DSL\\verilog\\Verilog-benchmark\\dataset_code-complete-iccad2023/Prob141_count_clock_test.sv:150: error: malformed statement\nD:\\WorkSpace\\ResearchCode\\LLM4DSL\\verilog\\Verilog-benchmark\\dataset_code-complete-iccad2023/Prob141_count_clock_test.sv:152: syntax error\nD:\\WorkSpace\\ResearchCode\\LLM4DSL\\verilog\\Verilog-benchmark\\dataset_code-complete-iccad2023/Prob141_count_clock_test.sv:152: error: malformed statement\nD:\\WorkSpace\\ResearchCode\\LLM4DSL\\verilog\\Verilog-benchmark\\dataset_code-complete-iccad2023/Prob141_count_clock_test.sv:155: syntax error\nD:\\WorkSpace\\ResearchCode\\LLM4DSL\\verilog\\Verilog-benchmark\\dataset_code-complete-iccad2023/Prob141_count_clock_test.sv:155: error: malformed statement\nD:\\WorkSpace\\ResearchCode\\LLM4DSL\\verilog\\Verilog-benchmark\\dataset_code-complete-iccad2023/Prob141_count_clock_test.sv:156: syntax error\nD:\\WorkSpace\\ResearchCode\\LLM4DSL\\verilog\\Verilog-benchmark\\dataset_code-complete-iccad2023/Prob141_count_clock_test.sv:156: error: malformed statement\nD:\\WorkSpace\\ResearchCode\\LLM4DSL\\verilog\\Verilog-benchmark\\dataset_code-complete-iccad2023/Prob141_count_clock_test.sv:157: syntax error\nD:\\WorkSpace\\ResearchCode\\LLM4DSL\\verilog\\Verilog-benchmark\\dataset_code-complete-iccad2023/Prob141_count_clock_test.sv:157: error: malformed statement\nD:\\WorkSpace\\ResearchCode\\LLM4DSL\\verilog\\Verilog-benchmark\\dataset_code-complete-iccad2023/Prob141_count_clock_test.sv:159: syntax error\nD:\\WorkSpace\\ResearchCode\\LLM4DSL\\verilog\\Verilog-benchmark\\dataset_code-complete-iccad2023/Prob141_count_clock_test.sv:159: Syntax in assignment statement l-value.\nD:\\WorkSpace\\ResearchCode\\LLM4DSL\\verilog\\Verilog-benchmark\\dataset_code-complete-iccad2023/Prob141_count_clock_test.sv:160: syntax error\nD:\\WorkSpace\\ResearchCode\\LLM4DSL\\verilog\\Verilog-benchmark\\dataset_code-complete-iccad2023/Prob141_count_clock_test.sv:161: Syntax in assignment statement l-value.\nD:\\WorkSpace\\ResearchCode\\LLM4DSL\\verilog\\Verilog-benchmark\\dataset_code-complete-iccad2023/Prob141_count_clock_test.sv:163: syntax error\nD:\\WorkSpace\\ResearchCode\\LLM4DSL\\verilog\\Verilog-benchmark\\dataset_code-complete-iccad2023/Prob141_count_clock_test.sv:163: error: malformed statement\nD:\\WorkSpace\\ResearchCode\\LLM4DSL\\verilog\\Verilog-benchmark\\dataset_code-complete-iccad2023/Prob141_count_clock_test.sv:164: syntax error\nD:\\WorkSpace\\ResearchCode\\LLM4DSL\\verilog\\Verilog-benchmark\\dataset_code-complete-iccad2023/Prob141_count_clock_test.sv:164: error: malformed statement\nD:\\WorkSpace\\ResearchCode\\LLM4DSL\\verilog\\Verilog-benchmark\\dataset_code-complete-iccad2023/Prob141_count_clock_test.sv:165: syntax error\nD:\\WorkSpace\\ResearchCode\\LLM4DSL\\verilog\\Verilog-benchmark\\dataset_code-complete-iccad2023/Prob141_count_clock_test.sv:165: error: malformed statement\nD:\\WorkSpace\\ResearchCode\\LLM4DSL\\verilog\\Verilog-benchmark\\dataset_code-complete-iccad2023/Prob141_count_clock_test.sv:166: syntax error\nD:\\WorkSpace\\ResearchCode\\LLM4DSL\\verilog\\Verilog-benchmark\\dataset_code-complete-iccad2023/Prob141_count_clock_test.sv:166: error: malformed statement\nD:\\WorkSpace\\ResearchCode\\LLM4DSL\\verilog\\Verilog-benchmark\\dataset_code-complete-iccad2023/Prob141_count_clock_test.sv:167: syntax error\nD:\\WorkSpace\\ResearchCode\\LLM4DSL\\verilog\\Verilog-benchmark\\dataset_code-complete-iccad2023/Prob141_count_clock_test.sv:167: error: malformed statement\nD:\\WorkSpace\\ResearchCode\\LLM4DSL\\verilog\\Verilog-benchmark\\dataset_code-complete-iccad2023/Prob141_count_clock_test.sv:168: syntax error\nD:\\WorkSpace\\ResearchCode\\LLM4DSL\\verilog\\Verilog-benchmark\\dataset_code-complete-iccad2023/Prob141_count_clock_test.sv:168: error: malformed statement\nD:\\WorkSpace\\ResearchCode\\LLM4DSL\\verilog\\Verilog-benchmark\\dataset_code-complete-iccad2023/Prob141_count_clock_test.sv:169: syntax error\nD:\\WorkSpace\\ResearchCode\\LLM4DSL\\verilog\\Verilog-benchmark\\dataset_code-complete-iccad2023/Prob141_count_clock_test.sv:169: error: malformed statement\nD:\\WorkSpace\\ResearchCode\\LLM4DSL\\verilog\\Verilog-benchmark\\dataset_code-complete-iccad2023/Prob141_count_clock_test.sv:170: syntax error\nD:\\WorkSpace\\ResearchCode\\LLM4DSL\\verilog\\Verilog-benchmark\\dataset_code-complete-iccad2023/Prob141_count_clock_test.sv:170: error: malformed statement\nD:\\WorkSpace\\ResearchCode\\LLM4DSL\\verilog\\Verilog-benchmark\\dataset_code-complete-iccad2023/Prob141_count_clock_test.sv:171: syntax error\nD:\\WorkSpace\\ResearchCode\\LLM4DSL\\verilog\\Verilog-benchmark\\dataset_code-complete-iccad2023/Prob141_count_clock_test.sv:171: error: malformed statement\nD:\\WorkSpace\\ResearchCode\\LLM4DSL\\verilog\\Verilog-benchmark\\dataset_code-complete-iccad2023/Prob141_count_clock_test.sv:172: syntax error\nD:\\WorkSpace\\ResearchCode\\LLM4DSL\\verilog\\Verilog-benchmark\\dataset_code-complete-iccad2023/Prob141_count_clock_test.sv:172: error: malformed statement\nD:\\WorkSpace\\ResearchCode\\LLM4DSL\\verilog\\Verilog-benchmark\\dataset_code-complete-iccad2023/Prob141_count_clock_test.sv:174: syntax error\nD:\\WorkSpace\\ResearchCode\\LLM4DSL\\verilog\\Verilog-benchmark\\dataset_code-complete-iccad2023/Prob141_count_clock_test.sv:175: error: malformed statement\nD:\\WorkSpace\\ResearchCode\\LLM4DSL\\verilog\\Verilog-benchmark\\dataset_code-complete-iccad2023/Prob141_count_clock_test.sv:177: syntax error\nI give up.\n",
      "test_success": null,
      "test_error": null,
      "mismatch_count": null
    },
    {
      "attempt": 2,
      "phase": "compile_fix",
      "compile_success": false,
      "compile_error": "=== Static Analysis ===\nPASS: No simulation-hanging patterns detected\n==================================================\n=== Compilation ===\nReturn code: 11\nresults/glm_4_6_0shot_temp0_8_topP0_95_iterative\\Prob141_count_clock\\attempt_2\\Prob141_count_clock_code.sv:64: error: Could not find variable ``min_inc'' in ``tb.top_module1''\nresults/glm_4_6_0shot_temp0_8_topP0_95_iterative\\Prob141_count_clock\\attempt_2\\Prob141_count_clock_code.sv:65: error: Could not find variable ``hour_inc'' in ``tb.top_module1''\nresults/glm_4_6_0shot_temp0_8_topP0_95_iterative\\Prob141_count_clock\\attempt_2\\Prob141_count_clock_code.sv:66: error: Could not find variable ``pm_toggle'' in ``tb.top_module1''\nresults/glm_4_6_0shot_temp0_8_topP0_95_iterative\\Prob141_count_clock\\attempt_2\\Prob141_count_clock_code.sv:71: error: Could not find variable ``min_inc'' in ``tb.top_module1''\nresults/glm_4_6_0shot_temp0_8_topP0_95_iterative\\Prob141_count_clock\\attempt_2\\Prob141_count_clock_code.sv:74: error: Could not find variable ``min_inc'' in ``tb.top_module1''\nresults/glm_4_6_0shot_temp0_8_topP0_95_iterative\\Prob141_count_clock\\attempt_2\\Prob141_count_clock_code.sv:78: error: Unable to bind wire/reg/memory `min_inc' in `tb.top_module1'\nresults/glm_4_6_0shot_temp0_8_topP0_95_iterative\\Prob141_count_clock\\attempt_2\\Prob141_count_clock_code.sv:78: error: Unable to elaborate condition expression.\nresults/glm_4_6_0shot_temp0_8_topP0_95_iterative\\Prob141_count_clock\\attempt_2\\Prob141_count_clock_code.sv:91: error: Unable to bind wire/reg/memory `hour_inc' in `tb.top_module1'\nresults/glm_4_6_0shot_temp0_8_topP0_95_iterative\\Prob141_count_clock\\attempt_2\\Prob141_count_clock_code.sv:91: error: Unable to elaborate condition expression.\nresults/glm_4_6_0shot_temp0_8_topP0_95_iterative\\Prob141_count_clock\\attempt_2\\Prob141_count_clock_code.sv:105: error: Unable to bind wire/reg/memory `pm_toggle' in `tb.top_module1'\nresults/glm_4_6_0shot_temp0_8_topP0_95_iterative\\Prob141_count_clock\\attempt_2\\Prob141_count_clock_code.sv:105: error: Unable to elaborate condition expression.\n11 error(s) during elaboration.\n",
      "test_success": null,
      "test_error": null,
      "mismatch_count": null
    },
    {
      "attempt": 3,
      "phase": "compile_fix",
      "compile_success": true,
      "compile_error": null,
      "test_success": false,
      "test_error": "=== Test Execution ===\nReturn code: 0\nVCD info: dumpfile wave.vcd opened for output.\nTIMEOUT\nHint: Output 'pm' has 12 mismatches. First mismatch occurred at time 434270.\nHint: Output 'hh' has 108 mismatches. First mismatch occurred at time 38270.\nHint: Output 'mm' has 3324 mismatches. First mismatch occurred at time 2870.\nHint: Output 'ss' has no mismatches.\nHint: Total mismatched samples is 3382 out of 200000 samples\n\nSimulation finished at 1000000 ps\nMismatches: 3382 in 200000 samples\n",
      "mismatch_count": 3382
    },
    {
      "attempt": 4,
      "phase": "test_fix",
      "compile_success": false,
      "compile_error": "=== Static Analysis ===\nPASS: No simulation-hanging patterns detected\n==================================================\n=== Compilation ===\nReturn code: 3\nD:\\WorkSpace\\ResearchCode\\LLM4DSL\\verilog\\Verilog-benchmark\\dataset_code-complete-iccad2023/Prob141_count_clock_test.sv:1: error: `timescale directive can not be inside a module definition.\nD:\\WorkSpace\\ResearchCode\\LLM4DSL\\verilog\\Verilog-benchmark\\dataset_code-complete-iccad2023/Prob141_count_clock_ref.sv:48: syntax error\nI give up.\n",
      "test_success": null,
      "test_error": null,
      "mismatch_count": null
    },
    {
      "attempt": 5,
      "phase": "test_fix",
      "compile_success": false,
      "compile_error": "=== Static Analysis ===\nPASS: No simulation-hanging patterns detected\n==================================================\n=== Compilation ===\nReturn code: 3\nD:\\WorkSpace\\ResearchCode\\LLM4DSL\\verilog\\Verilog-benchmark\\dataset_code-complete-iccad2023/Prob141_count_clock_test.sv:1: error: `timescale directive can not be inside a module definition.\nD:\\WorkSpace\\ResearchCode\\LLM4DSL\\verilog\\Verilog-benchmark\\dataset_code-complete-iccad2023/Prob141_count_clock_ref.sv:48: syntax error\nI give up.\n",
      "test_success": null,
      "test_error": null,
      "mismatch_count": null
    },
    {
      "attempt": 6,
      "phase": "test_fix",
      "compile_success": false,
      "compile_error": "=== Static Analysis ===\nPASS: No simulation-hanging patterns detected\n==================================================\n=== Compilation ===\nReturn code: 3\nD:\\WorkSpace\\ResearchCode\\LLM4DSL\\verilog\\Verilog-benchmark\\dataset_code-complete-iccad2023/Prob141_count_clock_test.sv:1: error: `timescale directive can not be inside a module definition.\nD:\\WorkSpace\\ResearchCode\\LLM4DSL\\verilog\\Verilog-benchmark\\dataset_code-complete-iccad2023/Prob141_count_clock_ref.sv:48: syntax error\nI give up.\n",
      "test_success": null,
      "test_error": null,
      "mismatch_count": null
    }
  ]
}