Problem: Prob147_circuit10
Code file: results\phi4_14b_0shot_temp0_0_topP0_01_promptv1\Prob147_circuit10/Prob147_circuit10_sample01.sv
Compilation: FAILED
==================================================
=== Static Analysis ===
PASS: No simulation-hanging patterns detected
==================================================
Compilation failed (exit code 1):

results\phi4_14b_0shot_temp0_0_topP0_01_promptv1\Prob147_circuit10/Prob147_circuit10_sample01.sv:22: error: q is not a valid l-value in tb.top_module1.
results\phi4_14b_0shot_temp0_0_topP0_01_promptv1\Prob147_circuit10/Prob147_circuit10_sample01.sv:6:      : q is declared here as wire.
D:\WorkSpace\ResearchCode\LLM4DSL\verilog\Verilog-benchmark\dataset_code-complete-iccad2023/Prob147_circuit10_test.sv:111: warning: output port q is coerced to inout.
1 error(s) during elaboration.
