Problem: Prob078_dualedge
Code file: results\phi4_14b_0shot_temp0_0_topP0_01_promptv1\Prob078_dualedge/Prob078_dualedge_sample01.sv
Compilation: FAILED
==================================================
=== Static Analysis ===
PASS: No simulation-hanging patterns detected
==================================================
Compilation failed (exit code 8):

results\phi4_14b_0shot_temp0_0_topP0_01_promptv1\Prob078_dualedge/Prob078_dualedge_sample01.sv:11: syntax error
results\phi4_14b_0shot_temp0_0_topP0_01_promptv1\Prob078_dualedge/Prob078_dualedge_sample01.sv:13: syntax error
results\phi4_14b_0shot_temp0_0_topP0_01_promptv1\Prob078_dualedge/Prob078_dualedge_sample01.sv:13: error: Malformed conditional expression.
results\phi4_14b_0shot_temp0_0_topP0_01_promptv1\Prob078_dualedge/Prob078_dualedge_sample01.sv:11: error: Malformed conditional expression.
results\phi4_14b_0shot_temp0_0_topP0_01_promptv1\Prob078_dualedge/Prob078_dualedge_sample01.sv:18: syntax error
results\phi4_14b_0shot_temp0_0_topP0_01_promptv1\Prob078_dualedge/Prob078_dualedge_sample01.sv:20: syntax error
results\phi4_14b_0shot_temp0_0_topP0_01_promptv1\Prob078_dualedge/Prob078_dualedge_sample01.sv:20: error: Malformed conditional expression.
results\phi4_14b_0shot_temp0_0_topP0_01_promptv1\Prob078_dualedge/Prob078_dualedge_sample01.sv:18: error: Malformed conditional expression.
