Problem: Prob142_lemmings2
Code file: results\phi4_14b_0shot_temp0_0_topP0_01_promptv1\Prob142_lemmings2/Prob142_lemmings2_sample01.sv
Compilation: FAILED
==================================================
=== Static Analysis ===
PASS: No simulation-hanging patterns detected
==================================================
Compilation failed (exit code 1):

results\phi4_14b_0shot_temp0_0_topP0_01_promptv1\Prob142_lemmings2/Prob142_lemmings2_sample01.sv:19: error: aaah is not a valid l-value in tb.top_module1.
results\phi4_14b_0shot_temp0_0_topP0_01_promptv1\Prob142_lemmings2/Prob142_lemmings2_sample01.sv:10:      : aaah is declared here as wire.
1 error(s) during elaboration.
