Problem: Prob154_fsm_ps2data
Code file: results\phi4_14b_0shot_temp0_0_topP0_01_promptv1\Prob154_fsm_ps2data/Prob154_fsm_ps2data_sample01.sv
Compilation: FAILED
==================================================
=== Static Analysis ===
PASS: No simulation-hanging patterns detected
==================================================
Compilation failed (exit code 4):

results\phi4_14b_0shot_temp0_0_topP0_01_promptv1\Prob154_fsm_ps2data/Prob154_fsm_ps2data_sample01.sv:31: error: done is not a valid l-value in tb.top_module1.
results\phi4_14b_0shot_temp0_0_topP0_01_promptv1\Prob154_fsm_ps2data/Prob154_fsm_ps2data_sample01.sv:7:      : done is declared here as wire.
results\phi4_14b_0shot_temp0_0_topP0_01_promptv1\Prob154_fsm_ps2data/Prob154_fsm_ps2data_sample01.sv:32: error: out_bytes is not a valid l-value in tb.top_module1.
results\phi4_14b_0shot_temp0_0_topP0_01_promptv1\Prob154_fsm_ps2data/Prob154_fsm_ps2data_sample01.sv:6:      : out_bytes is declared here as wire.
results\phi4_14b_0shot_temp0_0_topP0_01_promptv1\Prob154_fsm_ps2data/Prob154_fsm_ps2data_sample01.sv:39: error: done is not a valid l-value in tb.top_module1.
results\phi4_14b_0shot_temp0_0_topP0_01_promptv1\Prob154_fsm_ps2data/Prob154_fsm_ps2data_sample01.sv:7:      : done is declared here as wire.
results\phi4_14b_0shot_temp0_0_topP0_01_promptv1\Prob154_fsm_ps2data/Prob154_fsm_ps2data_sample01.sv:40: error: out_bytes is not a valid l-value in tb.top_module1.
results\phi4_14b_0shot_temp0_0_topP0_01_promptv1\Prob154_fsm_ps2data/Prob154_fsm_ps2data_sample01.sv:6:      : out_bytes is declared here as wire.
results\phi4_14b_0shot_temp0_0_topP0_01_promptv1\Prob154_fsm_ps2data/Prob154_fsm_ps2data_sample01.sv:30: sorry: constant selects in always_* processes are not currently supported (all bits will be included).
4 error(s) during elaboration.
