Problem: Prob139_2013_q2bfsm
Code file: results\phi4_14b_0shot_temp0_0_topP0_01_promptv1\Prob139_2013_q2bfsm/Prob139_2013_q2bfsm_sample01.sv
Compilation: FAILED
==================================================
=== Static Analysis ===
PASS: No simulation-hanging patterns detected
==================================================
Compilation failed (exit code 13):

results\phi4_14b_0shot_temp0_0_topP0_01_promptv1\Prob139_2013_q2bfsm/Prob139_2013_q2bfsm_sample01.sv:23: error: f is not a valid l-value in tb.top_module1.
results\phi4_14b_0shot_temp0_0_topP0_01_promptv1\Prob139_2013_q2bfsm/Prob139_2013_q2bfsm_sample01.sv:7:      : f is declared here as wire.
results\phi4_14b_0shot_temp0_0_topP0_01_promptv1\Prob139_2013_q2bfsm/Prob139_2013_q2bfsm_sample01.sv:24: error: g is not a valid l-value in tb.top_module1.
results\phi4_14b_0shot_temp0_0_topP0_01_promptv1\Prob139_2013_q2bfsm/Prob139_2013_q2bfsm_sample01.sv:8:      : g is declared here as wire.
results\phi4_14b_0shot_temp0_0_topP0_01_promptv1\Prob139_2013_q2bfsm/Prob139_2013_q2bfsm_sample01.sv:32: error: f is not a valid l-value in tb.top_module1.
results\phi4_14b_0shot_temp0_0_topP0_01_promptv1\Prob139_2013_q2bfsm/Prob139_2013_q2bfsm_sample01.sv:7:      : f is declared here as wire.
results\phi4_14b_0shot_temp0_0_topP0_01_promptv1\Prob139_2013_q2bfsm/Prob139_2013_q2bfsm_sample01.sv:33: error: g is not a valid l-value in tb.top_module1.
results\phi4_14b_0shot_temp0_0_topP0_01_promptv1\Prob139_2013_q2bfsm/Prob139_2013_q2bfsm_sample01.sv:8:      : g is declared here as wire.
results\phi4_14b_0shot_temp0_0_topP0_01_promptv1\Prob139_2013_q2bfsm/Prob139_2013_q2bfsm_sample01.sv:37: error: f is not a valid l-value in tb.top_module1.
results\phi4_14b_0shot_temp0_0_topP0_01_promptv1\Prob139_2013_q2bfsm/Prob139_2013_q2bfsm_sample01.sv:7:      : f is declared here as wire.
results\phi4_14b_0shot_temp0_0_topP0_01_promptv1\Prob139_2013_q2bfsm/Prob139_2013_q2bfsm_sample01.sv:38: error: g is not a valid l-value in tb.top_module1.
results\phi4_14b_0shot_temp0_0_topP0_01_promptv1\Prob139_2013_q2bfsm/Prob139_2013_q2bfsm_sample01.sv:8:      : g is declared here as wire.
results\phi4_14b_0shot_temp0_0_topP0_01_promptv1\Prob139_2013_q2bfsm/Prob139_2013_q2bfsm_sample01.sv:46: error: f is not a valid l-value in tb.top_module1.
results\phi4_14b_0shot_temp0_0_topP0_01_promptv1\Prob139_2013_q2bfsm/Prob139_2013_q2bfsm_sample01.sv:7:      : f is declared here as wire.
results\phi4_14b_0shot_temp0_0_topP0_01_promptv1\Prob139_2013_q2bfsm/Prob139_2013_q2bfsm_sample01.sv:47: error: g is not a valid l-value in tb.top_module1.
results\phi4_14b_0shot_temp0_0_topP0_01_promptv1\Prob139_2013_q2bfsm/Prob139_2013_q2bfsm_sample01.sv:8:      : g is declared here as wire.
results\phi4_14b_0shot_temp0_0_topP0_01_promptv1\Prob139_2013_q2bfsm/Prob139_2013_q2bfsm_sample01.sv:55: error: f is not a valid l-value in tb.top_module1.
results\phi4_14b_0shot_temp0_0_topP0_01_promptv1\Prob139_2013_q2bfsm/Prob139_2013_q2bfsm_sample01.sv:7:      : f is declared here as wire.
results\phi4_14b_0shot_temp0_0_topP0_01_promptv1\Prob139_2013_q2bfsm/Prob139_2013_q2bfsm_sample01.sv:56: error: g is not a valid l-value in tb.top_module1.
results\phi4_14b_0shot_temp0_0_topP0_01_promptv1\Prob139_2013_q2bfsm/Prob139_2013_q2bfsm_sample01.sv:8:      : g is declared here as wire.
results\phi4_14b_0shot_temp0_0_topP0_01_promptv1\Prob139_2013_q2bfsm/Prob139_2013_q2bfsm_sample01.sv:64: error: f is not a valid l-value in tb.top_module1.
results\phi4_14b_0shot_temp0_0_topP0_01_promptv1\Prob139_2013_q2bfsm/Prob139_2013_q2bfsm_sample01.sv:7:      : f is declared here as wire.
results\phi4_14b_0shot_temp0_0_topP0_01_promptv1\Prob139_2013_q2bfsm/Prob139_2013_q2bfsm_sample01.sv:66: error: g is not a valid l-value in tb.top_module1.
results\phi4_14b_0shot_temp0_0_topP0_01_promptv1\Prob139_2013_q2bfsm/Prob139_2013_q2bfsm_sample01.sv:8:      : g is declared here as wire.
results\phi4_14b_0shot_temp0_0_topP0_01_promptv1\Prob139_2013_q2bfsm/Prob139_2013_q2bfsm_sample01.sv:69: error: g is not a valid l-value in tb.top_module1.
results\phi4_14b_0shot_temp0_0_topP0_01_promptv1\Prob139_2013_q2bfsm/Prob139_2013_q2bfsm_sample01.sv:8:      : g is declared here as wire.
13 error(s) during elaboration.
