=== Static Analysis ===
PASS: No simulation-hanging patterns detected
==================================================
=== Compilation ===
Return code: 12
results/phi4_14b_0shot_temp0_0_topP0_01_iterative\Prob095_review2015_fsmshift\attempt_3\Prob095_review2015_fsmshift_code.sv:32: syntax error
results/phi4_14b_0shot_temp0_0_topP0_01_iterative\Prob095_review2015_fsmshift\attempt_3\Prob095_review2015_fsmshift_code.sv:32: error: malformed statement
results/phi4_14b_0shot_temp0_0_topP0_01_iterative\Prob095_review2015_fsmshift\attempt_3\Prob095_review2015_fsmshift_code.sv:34: syntax error
results/phi4_14b_0shot_temp0_0_topP0_01_iterative\Prob095_review2015_fsmshift\attempt_3\Prob095_review2015_fsmshift_code.sv:35: Syntax in assignment statement l-value.
results/phi4_14b_0shot_temp0_0_topP0_01_iterative\Prob095_review2015_fsmshift\attempt_3\Prob095_review2015_fsmshift_code.sv:37: syntax error
results/phi4_14b_0shot_temp0_0_topP0_01_iterative\Prob095_review2015_fsmshift\attempt_3\Prob095_review2015_fsmshift_code.sv:39: error: Incomprehensible case expression.
results/phi4_14b_0shot_temp0_0_topP0_01_iterative\Prob095_review2015_fsmshift\attempt_3\Prob095_review2015_fsmshift_code.sv:53: syntax error
results/phi4_14b_0shot_temp0_0_topP0_01_iterative\Prob095_review2015_fsmshift\attempt_3\Prob095_review2015_fsmshift_code.sv:53: error: malformed statement
results/phi4_14b_0shot_temp0_0_topP0_01_iterative\Prob095_review2015_fsmshift\attempt_3\Prob095_review2015_fsmshift_code.sv:55: syntax error
results/phi4_14b_0shot_temp0_0_topP0_01_iterative\Prob095_review2015_fsmshift\attempt_3\Prob095_review2015_fsmshift_code.sv:56: Syntax in assignment statement l-value.
results/phi4_14b_0shot_temp0_0_topP0_01_iterative\Prob095_review2015_fsmshift\attempt_3\Prob095_review2015_fsmshift_code.sv:58: syntax error
results/phi4_14b_0shot_temp0_0_topP0_01_iterative\Prob095_review2015_fsmshift\attempt_3\Prob095_review2015_fsmshift_code.sv:60: error: Incomprehensible case expression.
