=== Static Analysis ===
PASS: No simulation-hanging patterns detected
==================================================
=== Compilation ===
Return code: 14
results/phi4_14b_0shot_temp0_0_topP0_01_iterative\Prob108_rule90\attempt_4\Prob108_rule90_code.sv:23: syntax error
results/phi4_14b_0shot_temp0_0_topP0_01_iterative\Prob108_rule90\attempt_4\Prob108_rule90_code.sv:23: error: malformed statement
results/phi4_14b_0shot_temp0_0_topP0_01_iterative\Prob108_rule90\attempt_4\Prob108_rule90_code.sv:24: syntax error
results/phi4_14b_0shot_temp0_0_topP0_01_iterative\Prob108_rule90\attempt_4\Prob108_rule90_code.sv:28: Syntax in assignment statement l-value.
results/phi4_14b_0shot_temp0_0_topP0_01_iterative\Prob108_rule90\attempt_4\Prob108_rule90_code.sv:33: syntax error
results/phi4_14b_0shot_temp0_0_topP0_01_iterative\Prob108_rule90\attempt_4\Prob108_rule90_code.sv:33: error: malformed statement
results/phi4_14b_0shot_temp0_0_topP0_01_iterative\Prob108_rule90\attempt_4\Prob108_rule90_code.sv:35: syntax error
D:\WorkSpace\ResearchCode\LLM4DSL\verilog\Verilog-benchmark\dataset_code-complete-iccad2023/Prob108_rule90_test.sv:12: error: malformed statement
D:\WorkSpace\ResearchCode\LLM4DSL\verilog\Verilog-benchmark\dataset_code-complete-iccad2023/Prob108_rule90_test.sv:19: syntax error
D:\WorkSpace\ResearchCode\LLM4DSL\verilog\Verilog-benchmark\dataset_code-complete-iccad2023/Prob108_rule90_test.sv:19: error: malformed statement
D:\WorkSpace\ResearchCode\LLM4DSL\verilog\Verilog-benchmark\dataset_code-complete-iccad2023/Prob108_rule90_test.sv:20: syntax error
D:\WorkSpace\ResearchCode\LLM4DSL\verilog\Verilog-benchmark\dataset_code-complete-iccad2023/Prob108_rule90_test.sv:22: error: malformed statement
D:\WorkSpace\ResearchCode\LLM4DSL\verilog\Verilog-benchmark\dataset_code-complete-iccad2023/Prob108_rule90_test.sv:24: syntax error
D:\WorkSpace\ResearchCode\LLM4DSL\verilog\Verilog-benchmark\dataset_code-complete-iccad2023/Prob108_rule90_test.sv:29: Syntax in assignment statement l-value.
