=== Static Analysis ===
PASS: No simulation-hanging patterns detected
==================================================
=== Compilation ===
Return code: 10
D:\WorkSpace\ResearchCode\LLM4DSL\verilog\Verilog-benchmark\dataset_code-complete-iccad2023/Prob156_review2015_fancytimer_ref.sv:25: sorry: This cast operation is not yet supported.
D:\WorkSpace\ResearchCode\LLM4DSL\verilog\Verilog-benchmark\dataset_code-complete-iccad2023/Prob156_review2015_fancytimer_ref.sv:26: sorry: This cast operation is not yet supported.
D:\WorkSpace\ResearchCode\LLM4DSL\verilog\Verilog-benchmark\dataset_code-complete-iccad2023/Prob156_review2015_fancytimer_ref.sv:27: sorry: This cast operation is not yet supported.
D:\WorkSpace\ResearchCode\LLM4DSL\verilog\Verilog-benchmark\dataset_code-complete-iccad2023/Prob156_review2015_fancytimer_ref.sv:28: sorry: This cast operation is not yet supported.
D:\WorkSpace\ResearchCode\LLM4DSL\verilog\Verilog-benchmark\dataset_code-complete-iccad2023/Prob156_review2015_fancytimer_ref.sv:33: sorry: This cast operation is not yet supported.
D:\WorkSpace\ResearchCode\LLM4DSL\verilog\Verilog-benchmark\dataset_code-complete-iccad2023/Prob156_review2015_fancytimer_ref.sv:34: sorry: This cast operation is not yet supported.
D:\WorkSpace\ResearchCode\LLM4DSL\verilog\Verilog-benchmark\dataset_code-complete-iccad2023/Prob156_review2015_fancytimer_ref.sv:35: sorry: This cast operation is not yet supported.
results/gemma3_12b_0shot_temp0_8_topP0_95_iterative\Prob156_review2015_fancytimer\attempt_1\Prob156_review2015_fancytimer_code.sv:45: sorry: constant selects in always_* processes are not currently supported (all bits will be included).
results/gemma3_12b_0shot_temp0_8_topP0_95_iterative\Prob156_review2015_fancytimer\attempt_1\Prob156_review2015_fancytimer_code.sv:101: error: count is not a valid l-value in tb.top_module1.
results/gemma3_12b_0shot_temp0_8_topP0_95_iterative\Prob156_review2015_fancytimer\attempt_1\Prob156_review2015_fancytimer_code.sv:6:      : count is declared here as wire.
results/gemma3_12b_0shot_temp0_8_topP0_95_iterative\Prob156_review2015_fancytimer\attempt_1\Prob156_review2015_fancytimer_code.sv:103: error: count is not a valid l-value in tb.top_module1.
results/gemma3_12b_0shot_temp0_8_topP0_95_iterative\Prob156_review2015_fancytimer\attempt_1\Prob156_review2015_fancytimer_code.sv:6:      : count is declared here as wire.
results/gemma3_12b_0shot_temp0_8_topP0_95_iterative\Prob156_review2015_fancytimer\attempt_1\Prob156_review2015_fancytimer_code.sv:106: error: count is not a valid l-value in tb.top_module1.
results/gemma3_12b_0shot_temp0_8_topP0_95_iterative\Prob156_review2015_fancytimer\attempt_1\Prob156_review2015_fancytimer_code.sv:6:      : count is declared here as wire.
results/gemma3_12b_0shot_temp0_8_topP0_95_iterative\Prob156_review2015_fancytimer\attempt_1\Prob156_review2015_fancytimer_code.sv:78: warning: A non-blocking assignment should not be used in an always_comb process.
results/gemma3_12b_0shot_temp0_8_topP0_95_iterative\Prob156_review2015_fancytimer\attempt_1\Prob156_review2015_fancytimer_code.sv:82: warning: A non-blocking assignment should not be used in an always_comb process.
10 error(s) during elaboration.
