=== Compilation ===
Command: iverilog -Wall -Winfloop -Wno-timescale -g2012 -s tb -o results\phi4_14b_0shot_temp0.0\Prob036_ringer/Prob036_ringer_sample01 results\phi4_14b_0shot_temp0.0\Prob036_ringer/Prob036_ringer_sample01.sv dataset_code-complete-iccad2023/Prob036_ringer_test.sv dataset_code-complete-iccad2023/Prob036_ringer_ref.sv
Return code: 8

--- stdout ---


--- stderr ---
results\phi4_14b_0shot_temp0.0\Prob036_ringer/Prob036_ringer_sample01.sv:13: error: ringer is not a valid l-value in tb.top_module1.
results\phi4_14b_0shot_temp0.0\Prob036_ringer/Prob036_ringer_sample01.sv:6:      : ringer is declared here as wire.
results\phi4_14b_0shot_temp0.0\Prob036_ringer/Prob036_ringer_sample01.sv:14: error: motor is not a valid l-value in tb.top_module1.
results\phi4_14b_0shot_temp0.0\Prob036_ringer/Prob036_ringer_sample01.sv:7:      : motor is declared here as wire.
results\phi4_14b_0shot_temp0.0\Prob036_ringer/Prob036_ringer_sample01.sv:16: error: ringer is not a valid l-value in tb.top_module1.
results\phi4_14b_0shot_temp0.0\Prob036_ringer/Prob036_ringer_sample01.sv:6:      : ringer is declared here as wire.
results\phi4_14b_0shot_temp0.0\Prob036_ringer/Prob036_ringer_sample01.sv:17: error: motor is not a valid l-value in tb.top_module1.
results\phi4_14b_0shot_temp0.0\Prob036_ringer/Prob036_ringer_sample01.sv:7:      : motor is declared here as wire.
results\phi4_14b_0shot_temp0.0\Prob036_ringer/Prob036_ringer_sample01.sv:20: error: ringer is not a valid l-value in tb.top_module1.
results\phi4_14b_0shot_temp0.0\Prob036_ringer/Prob036_ringer_sample01.sv:6:      : ringer is declared here as wire.
results\phi4_14b_0shot_temp0.0\Prob036_ringer/Prob036_ringer_sample01.sv:21: error: motor is not a valid l-value in tb.top_module1.
results\phi4_14b_0shot_temp0.0\Prob036_ringer/Prob036_ringer_sample01.sv:7:      : motor is declared here as wire.
results\phi4_14b_0shot_temp0.0\Prob036_ringer/Prob036_ringer_sample01.sv:10: error: Unable to bind wire/reg/memory `clk' in `tb.top_module1'
results\phi4_14b_0shot_temp0.0\Prob036_ringer/Prob036_ringer_sample01.sv:10: error: Failed to evaluate event expression 'posedge clk'.
8 error(s) during elaboration.
