Problem: Prob078_dualedge
Code file: results\gpt_oss_20b_0shot_temp0_0_topP0_01\Prob078_dualedge/Prob078_dualedge_sample01.sv
Compilation: FAILED
==================================================
=== Static Analysis ===
PASS: No simulation-hanging patterns detected
==================================================
Compilation failed (exit code 3):

D:\WorkSpace\ResearchCode\LLM4DSL\verilog\Verilog-benchmark\dataset_code-complete-iccad2023/Prob078_dualedge_test.sv:1: error: `timescale directive can not be inside a module definition.
D:\WorkSpace\ResearchCode\LLM4DSL\verilog\Verilog-benchmark\dataset_code-complete-iccad2023/Prob078_dualedge_ref.sv:26: syntax error
I give up.
