{
  "problem_name": "Prob046_dff8p",
  "model_name": "gemma3:12b",
  "parameters": {
    "temperature": 0.0,
    "top_p": 0.01,
    "max_compile_attempts": 3,
    "max_test_attempts": 3
  },
  "compile_attempts": 1,
  "test_attempts": 3,
  "total_attempts": 4,
  "final_compile_success": true,
  "final_test_success": false,
  "first_attempt_compile_success": true,
  "first_attempt_test_success": false,
  "improved_by_iteration": false,
  "history": [
    {
      "attempt": 1,
      "phase": "initial",
      "compile_success": true,
      "compile_error": null,
      "test_success": false,
      "test_error": "=== Test Execution ===\nReturn code: 0\nVCD info: dumpfile wave.vcd opened for output.\nHint: Your reset should be synchronous, but doesn't appear to be.\nHint: Output 'q' has 395 mismatches. First mismatch occurred at time 45.\nHint: Total mismatched samples is 395 out of 436 samples\n\nSimulation finished at 2181 ps\nMismatches: 395 in 436 samples\n",
      "mismatch_count": 395
    },
    {
      "attempt": 2,
      "phase": "test_fix",
      "compile_success": false,
      "compile_error": "=== Static Analysis ===\nPASS: No simulation-hanging patterns detected\n==================================================\n=== Compilation ===\nReturn code: 3\nD:\\WorkSpace\\ResearchCode\\LLM4DSL\\verilog\\Verilog-benchmark\\dataset_code-complete-iccad2023/Prob046_dff8p_test.sv:1: error: `timescale directive can not be inside a module definition.\nD:\\WorkSpace\\ResearchCode\\LLM4DSL\\verilog\\Verilog-benchmark\\dataset_code-complete-iccad2023/Prob046_dff8p_ref.sv:17: syntax error\nI give up.\n",
      "test_success": null,
      "test_error": null,
      "mismatch_count": null
    },
    {
      "attempt": 3,
      "phase": "test_fix",
      "compile_success": false,
      "compile_error": "=== Static Analysis ===\nPASS: No simulation-hanging patterns detected\n==================================================\n=== Compilation ===\nReturn code: 4\nresults/gemma3_12b_0shot_temp0_0_topP0_01_iterative\\Prob046_dff8p\\attempt_3\\Prob046_dff8p_code.sv:8: error: 'q' has already been declared in this scope.\nresults/gemma3_12b_0shot_temp0_0_topP0_01_iterative\\Prob046_dff8p\\attempt_3\\Prob046_dff8p_code.sv:6:      : It was declared here as a variable.\nD:\\WorkSpace\\ResearchCode\\LLM4DSL\\verilog\\Verilog-benchmark\\dataset_code-complete-iccad2023/Prob046_dff8p_test.sv:1: error: `timescale directive can not be inside a module definition.\nD:\\WorkSpace\\ResearchCode\\LLM4DSL\\verilog\\Verilog-benchmark\\dataset_code-complete-iccad2023/Prob046_dff8p_ref.sv:17: syntax error\nI give up.\n",
      "test_success": null,
      "test_error": null,
      "mismatch_count": null
    },
    {
      "attempt": 4,
      "phase": "test_fix",
      "compile_success": false,
      "compile_error": "=== Static Analysis ===\nPASS: No simulation-hanging patterns detected\n==================================================\n=== Compilation ===\nReturn code: 4\nresults/gemma3_12b_0shot_temp0_0_topP0_01_iterative\\Prob046_dff8p\\attempt_4\\Prob046_dff8p_code.sv:8: error: 'q' has already been declared in this scope.\nresults/gemma3_12b_0shot_temp0_0_topP0_01_iterative\\Prob046_dff8p\\attempt_4\\Prob046_dff8p_code.sv:6:      : It was declared here as a variable.\nD:\\WorkSpace\\ResearchCode\\LLM4DSL\\verilog\\Verilog-benchmark\\dataset_code-complete-iccad2023/Prob046_dff8p_test.sv:1: error: `timescale directive can not be inside a module definition.\nD:\\WorkSpace\\ResearchCode\\LLM4DSL\\verilog\\Verilog-benchmark\\dataset_code-complete-iccad2023/Prob046_dff8p_ref.sv:17: syntax error\nI give up.\n",
      "test_success": null,
      "test_error": null,
      "mismatch_count": null
    }
  ]
}