=== Static Analysis ===
PASS: No simulation-hanging patterns detected
==================================================
=== Compilation ===
Return code: 8
results/glm_4_6_0shot_temp0_8_topP0_95_iterative\Prob067_countslow\attempt_1\Prob067_countslow_code.sv:8: syntax error
results/glm_4_6_0shot_temp0_8_topP0_95_iterative\Prob067_countslow\attempt_1\Prob067_countslow_code.sv:11: error: invalid module item.
results/glm_4_6_0shot_temp0_8_topP0_95_iterative\Prob067_countslow\attempt_1\Prob067_countslow_code.sv:12: syntax error
results/glm_4_6_0shot_temp0_8_topP0_95_iterative\Prob067_countslow\attempt_1\Prob067_countslow_code.sv:14: error: invalid module item.
results/glm_4_6_0shot_temp0_8_topP0_95_iterative\Prob067_countslow\attempt_1\Prob067_countslow_code.sv:15: syntax error
results/glm_4_6_0shot_temp0_8_topP0_95_iterative\Prob067_countslow\attempt_1\Prob067_countslow_code.sv:16: error: invalid module item.
results/glm_4_6_0shot_temp0_8_topP0_95_iterative\Prob067_countslow\attempt_1\Prob067_countslow_code.sv:17: syntax error
D:\WorkSpace\ResearchCode\LLM4DSL\verilog\Verilog-benchmark\dataset_code-complete-iccad2023/Prob067_countslow_test.sv:13: error: invalid module item.
