Problem: Prob153_gshare
Code file: results\phi4_14b_0shot_temp0_8_topP0_95\Prob153_gshare/Prob153_gshare_sample01.sv
Compilation: FAILED
==================================================
=== Static Analysis ===
PASS: No simulation-hanging patterns detected
==================================================
Compilation failed (exit code 2):

results\phi4_14b_0shot_temp0_8_topP0_95\Prob153_gshare/Prob153_gshare_sample01.sv:38: syntax error
results\phi4_14b_0shot_temp0_8_topP0_95\Prob153_gshare/Prob153_gshare_sample01.sv:38: error: malformed statement
