Problem: Prob120_fsm3s
Code file: results\phi4_14b_0shot_temp0_8_topP0_95\Prob120_fsm3s/Prob120_fsm3s_sample01.sv
Compilation: FAILED
==================================================
=== Static Analysis ===
PASS: No simulation-hanging patterns detected
==================================================
Compilation failed (exit code 4):

results\phi4_14b_0shot_temp0_8_topP0_95\Prob120_fsm3s/Prob120_fsm3s_sample01.sv:34: error: This assignment requires an explicit cast.
results\phi4_14b_0shot_temp0_8_topP0_95\Prob120_fsm3s/Prob120_fsm3s_sample01.sv:35: error: This assignment requires an explicit cast.
results\phi4_14b_0shot_temp0_8_topP0_95\Prob120_fsm3s/Prob120_fsm3s_sample01.sv:36: error: This assignment requires an explicit cast.
results\phi4_14b_0shot_temp0_8_topP0_95\Prob120_fsm3s/Prob120_fsm3s_sample01.sv:37: error: This assignment requires an explicit cast.
4 error(s) during elaboration.
