Problem: Prob152_lemmings3
Code file: results\phi4_14b_0shot_temp0_8_topP0_95\Prob152_lemmings3/Prob152_lemmings3_sample01.sv
Compilation: FAILED
==================================================
=== Static Analysis ===
PASS: No simulation-hanging patterns detected
==================================================
Compilation failed (exit code 4):

results\phi4_14b_0shot_temp0_8_topP0_95\Prob152_lemmings3/Prob152_lemmings3_sample01.sv:45: error: This assignment requires an explicit cast.
results\phi4_14b_0shot_temp0_8_topP0_95\Prob152_lemmings3/Prob152_lemmings3_sample01.sv:60: error: This assignment requires an explicit cast.
results\phi4_14b_0shot_temp0_8_topP0_95\Prob152_lemmings3/Prob152_lemmings3_sample01.sv:72: error: This assignment requires an explicit cast.
results\phi4_14b_0shot_temp0_8_topP0_95\Prob152_lemmings3/Prob152_lemmings3_sample01.sv:84: error: This assignment requires an explicit cast.
4 error(s) during elaboration.
