Problem: Prob108_rule90
Code file: results\phi4_14b_0shot_temp0_8_topP0_95_promptv1\Prob108_rule90/Prob108_rule90_sample01.sv
Compilation: FAILED
==================================================
=== Static Analysis ===
PASS: No simulation-hanging patterns detected
==================================================
Compilation failed (exit code 2):

results\phi4_14b_0shot_temp0_8_topP0_95_promptv1\Prob108_rule90/Prob108_rule90_sample01.sv:15: syntax error
results\phi4_14b_0shot_temp0_8_topP0_95_promptv1\Prob108_rule90/Prob108_rule90_sample01.sv:15: error: malformed statement
