Problem: Prob095_review2015_fsmshift
Code file: results\phi4_14b_0shot_temp0_8_topP0_95_promptv1\Prob095_review2015_fsmshift/Prob095_review2015_fsmshift_sample01.sv
Compilation: FAILED
==================================================
=== Static Analysis ===
PASS: No simulation-hanging patterns detected
==================================================
Compilation failed (exit code 2):

results\phi4_14b_0shot_temp0_8_topP0_95_promptv1\Prob095_review2015_fsmshift/Prob095_review2015_fsmshift_sample01.sv:7: warning: macro logic undefined (and assumed null) at this point.
results\phi4_14b_0shot_temp0_8_topP0_95_promptv1\Prob095_review2015_fsmshift/Prob095_review2015_fsmshift_sample01.sv:7: syntax error
results\phi4_14b_0shot_temp0_8_topP0_95_promptv1\Prob095_review2015_fsmshift/Prob095_review2015_fsmshift_sample01.sv:7: error: invalid module item.
