Problem: Prob134_2014_q3c
Code file: results\phi4_14b_0shot_temp0_8_topP0_95_promptv1\Prob134_2014_q3c/Prob134_2014_q3c_sample01.sv
Compilation: FAILED
==================================================
=== Static Analysis ===
PASS: No simulation-hanging patterns detected
==================================================
Compilation failed (exit code 1):

results\phi4_14b_0shot_temp0_8_topP0_95_promptv1\Prob134_2014_q3c/Prob134_2014_q3c_sample01.sv:10: error: Net Y['sd0] is not defined in this context.
1 error(s) during elaboration.
