Problem: Prob154_fsm_ps2data
Code file: results\phi4_14b_0shot_temp0_8_topP0_95_promptv1\Prob154_fsm_ps2data/Prob154_fsm_ps2data_sample01.sv
Compilation: FAILED
==================================================
=== Static Analysis ===
PASS: No simulation-hanging patterns detected
==================================================
Compilation failed (exit code 4):

results\phi4_14b_0shot_temp0_8_topP0_95_promptv1\Prob154_fsm_ps2data/Prob154_fsm_ps2data_sample01.sv:16: error: done is not a valid l-value in tb.top_module1.
results\phi4_14b_0shot_temp0_8_topP0_95_promptv1\Prob154_fsm_ps2data/Prob154_fsm_ps2data_sample01.sv:7:      : done is declared here as wire.
results\phi4_14b_0shot_temp0_8_topP0_95_promptv1\Prob154_fsm_ps2data/Prob154_fsm_ps2data_sample01.sv:17: error: out_bytes is not a valid l-value in tb.top_module1.
results\phi4_14b_0shot_temp0_8_topP0_95_promptv1\Prob154_fsm_ps2data/Prob154_fsm_ps2data_sample01.sv:6:      : out_bytes is declared here as wire.
results\phi4_14b_0shot_temp0_8_topP0_95_promptv1\Prob154_fsm_ps2data/Prob154_fsm_ps2data_sample01.sv:43: error: done is not a valid l-value in tb.top_module1.
results\phi4_14b_0shot_temp0_8_topP0_95_promptv1\Prob154_fsm_ps2data/Prob154_fsm_ps2data_sample01.sv:7:      : done is declared here as wire.
results\phi4_14b_0shot_temp0_8_topP0_95_promptv1\Prob154_fsm_ps2data/Prob154_fsm_ps2data_sample01.sv:44: error: out_bytes is not a valid l-value in tb.top_module1.
results\phi4_14b_0shot_temp0_8_topP0_95_promptv1\Prob154_fsm_ps2data/Prob154_fsm_ps2data_sample01.sv:6:      : out_bytes is declared here as wire.
4 error(s) during elaboration.
