Problem: Prob131_mt2015_q4
Code file: results\gpt_oss_20b_0shot_temp0_8_topP0_95_promptv1\Prob131_mt2015_q4/Prob131_mt2015_q4_sample01.sv
Compilation: FAILED
==================================================
=== Static Analysis ===
PASS: No simulation-hanging patterns detected
==================================================
Compilation failed (exit code 5):

results\gpt_oss_20b_0shot_temp0_8_topP0_95_promptv1\Prob131_mt2015_q4/Prob131_mt2015_q4_sample01.sv:9: error: Unknown module type: A
results\gpt_oss_20b_0shot_temp0_8_topP0_95_promptv1\Prob131_mt2015_q4/Prob131_mt2015_q4_sample01.sv:10: error: Unknown module type: A
results\gpt_oss_20b_0shot_temp0_8_topP0_95_promptv1\Prob131_mt2015_q4/Prob131_mt2015_q4_sample01.sv:11: error: Unknown module type: B
results\gpt_oss_20b_0shot_temp0_8_topP0_95_promptv1\Prob131_mt2015_q4/Prob131_mt2015_q4_sample01.sv:12: error: Unknown module type: B
5 error(s) during elaboration.
*** These modules were missing:
        A referenced 2 times.
        B referenced 2 times.
***
