Problem: Prob152_lemmings3
Code file: results\gpt_oss_20b_0shot_temp0_8_topP0_95_promptv1\Prob152_lemmings3/Prob152_lemmings3_sample01.sv
Compilation: FAILED
==================================================
=== Static Analysis ===
PASS: No simulation-hanging patterns detected
==================================================
Compilation failed (exit code 3):

D:\WorkSpace\ResearchCode\LLM4DSL\verilog\Verilog-benchmark\dataset_code-complete-iccad2023/Prob152_lemmings3_test.sv:1: error: `timescale directive can not be inside a module definition.
D:\WorkSpace\ResearchCode\LLM4DSL\verilog\Verilog-benchmark\dataset_code-complete-iccad2023/Prob152_lemmings3_ref.sv:49: syntax error
I give up.
