{
  "problem_name": "Prob152_lemmings3",
  "model_name": "phi4:14b",
  "parameters": {
    "temperature": 0.0,
    "top_p": 0.01,
    "max_compile_attempts": 3,
    "max_test_attempts": 3
  },
  "compile_attempts": 3,
  "test_attempts": 0,
  "total_attempts": 3,
  "final_compile_success": false,
  "final_test_success": false,
  "first_attempt_compile_success": false,
  "first_attempt_test_success": false,
  "improved_by_iteration": false,
  "history": [
    {
      "attempt": 1,
      "phase": "initial",
      "compile_success": false,
      "compile_error": "=== Static Analysis ===\nPASS: No simulation-hanging patterns detected\n==================================================\n=== Compilation ===\nReturn code: 2\nresults/phi4_14b_0shot_temp0_0_topP0_01_iterative\\Prob152_lemmings3\\attempt_1\\Prob152_lemmings3_code.sv:62: error: This assignment requires an explicit cast.\nresults/phi4_14b_0shot_temp0_0_topP0_01_iterative\\Prob152_lemmings3\\attempt_1\\Prob152_lemmings3_code.sv:72: error: This assignment requires an explicit cast.\n2 error(s) during elaboration.\n",
      "test_success": null,
      "test_error": null,
      "mismatch_count": null
    },
    {
      "attempt": 2,
      "phase": "compile_fix",
      "compile_success": false,
      "compile_error": "=== Static Analysis ===\nPASS: No simulation-hanging patterns detected\n==================================================\n=== Compilation ===\nReturn code: 2\nresults/phi4_14b_0shot_temp0_0_topP0_01_iterative\\Prob152_lemmings3\\attempt_2\\Prob152_lemmings3_code.sv:62: error: This assignment requires an explicit cast.\nresults/phi4_14b_0shot_temp0_0_topP0_01_iterative\\Prob152_lemmings3\\attempt_2\\Prob152_lemmings3_code.sv:72: error: This assignment requires an explicit cast.\n2 error(s) during elaboration.\n",
      "test_success": null,
      "test_error": null,
      "mismatch_count": null
    },
    {
      "attempt": 3,
      "phase": "compile_fix",
      "compile_success": false,
      "compile_error": "=== Static Analysis ===\nPASS: No simulation-hanging patterns detected\n==================================================\n=== Compilation ===\nReturn code: 2\nresults/phi4_14b_0shot_temp0_0_topP0_01_iterative\\Prob152_lemmings3\\attempt_3\\Prob152_lemmings3_code.sv:62: error: This assignment requires an explicit cast.\nresults/phi4_14b_0shot_temp0_0_topP0_01_iterative\\Prob152_lemmings3\\attempt_3\\Prob152_lemmings3_code.sv:72: error: This assignment requires an explicit cast.\n2 error(s) during elaboration.\n",
      "test_success": null,
      "test_error": null,
      "mismatch_count": null
    }
  ]
}