=== Static Analysis ===
PASS: No simulation-hanging patterns detected
==================================================
=== Compilation ===
Return code: 5
results/phi4_14b_0shot_temp0_0_topP0_01_iterative\Prob098_circuit7\attempt_4\Prob098_circuit7_code.sv:9: syntax error
results/phi4_14b_0shot_temp0_0_topP0_01_iterative\Prob098_circuit7\attempt_4\Prob098_circuit7_code.sv:10: Syntax in assignment statement l-value.
results/phi4_14b_0shot_temp0_0_topP0_01_iterative\Prob098_circuit7\attempt_4\Prob098_circuit7_code.sv:14: syntax error
results/phi4_14b_0shot_temp0_0_topP0_01_iterative\Prob098_circuit7\attempt_4\Prob098_circuit7_code.sv:14: error: Invalid module instantiation
D:\WorkSpace\ResearchCode\LLM4DSL\verilog\Verilog-benchmark\dataset_code-complete-iccad2023/Prob098_circuit7_test.sv:11: error: invalid module item.
