=== Static Analysis ===
PASS: No simulation-hanging patterns detected
==================================================
=== Compilation ===
Return code: 20
results/glm_4_6_0shot_temp0_8_topP0_95_iterative\Prob068_countbcd\attempt_2\Prob068_countbcd_code.sv:9: syntax error
results/glm_4_6_0shot_temp0_8_topP0_95_iterative\Prob068_countbcd\attempt_2\Prob068_countbcd_code.sv:9: error: Invalid module instantiation
results/glm_4_6_0shot_temp0_8_topP0_95_iterative\Prob068_countbcd\attempt_2\Prob068_countbcd_code.sv:18: error: invalid module item.
results/glm_4_6_0shot_temp0_8_topP0_95_iterative\Prob068_countbcd\attempt_2\Prob068_countbcd_code.sv:21: syntax error
results/glm_4_6_0shot_temp0_8_topP0_95_iterative\Prob068_countbcd\attempt_2\Prob068_countbcd_code.sv:21: error: Invalid module instantiation
results/glm_4_6_0shot_temp0_8_topP0_95_iterative\Prob068_countbcd\attempt_2\Prob068_countbcd_code.sv:24: syntax error
results/glm_4_6_0shot_temp0_8_topP0_95_iterative\Prob068_countbcd\attempt_2\Prob068_countbcd_code.sv:24: error: Invalid module instantiation
results/glm_4_6_0shot_temp0_8_topP0_95_iterative\Prob068_countbcd\attempt_2\Prob068_countbcd_code.sv:27: syntax error
results/glm_4_6_0shot_temp0_8_topP0_95_iterative\Prob068_countbcd\attempt_2\Prob068_countbcd_code.sv:27: error: Invalid module instantiation
results/glm_4_6_0shot_temp0_8_topP0_95_iterative\Prob068_countbcd\attempt_2\Prob068_countbcd_code.sv:29: syntax error
results/glm_4_6_0shot_temp0_8_topP0_95_iterative\Prob068_countbcd\attempt_2\Prob068_countbcd_code.sv:29: error: Invalid module instantiation
results/glm_4_6_0shot_temp0_8_topP0_95_iterative\Prob068_countbcd\attempt_2\Prob068_countbcd_code.sv:32: syntax error
D:\WorkSpace\ResearchCode\LLM4DSL\verilog\Verilog-benchmark\dataset_code-complete-iccad2023/Prob068_countbcd_test.sv:1: error: `timescale directive can not be inside a module definition.
results/glm_4_6_0shot_temp0_8_topP0_95_iterative\Prob068_countbcd\attempt_2\Prob068_countbcd_code.sv:32: error: Invalid module instantiation
D:\WorkSpace\ResearchCode\LLM4DSL\verilog\Verilog-benchmark\dataset_code-complete-iccad2023/Prob068_countbcd_test.sv:71: syntax error
D:\WorkSpace\ResearchCode\LLM4DSL\verilog\Verilog-benchmark\dataset_code-complete-iccad2023/Prob068_countbcd_test.sv:73: error: invalid module item.
D:\WorkSpace\ResearchCode\LLM4DSL\verilog\Verilog-benchmark\dataset_code-complete-iccad2023/Prob068_countbcd_test.sv:176: syntax error
D:\WorkSpace\ResearchCode\LLM4DSL\verilog\Verilog-benchmark\dataset_code-complete-iccad2023/Prob068_countbcd_ref.sv:7: error: invalid module item.
D:\WorkSpace\ResearchCode\LLM4DSL\verilog\Verilog-benchmark\dataset_code-complete-iccad2023/Prob068_countbcd_ref.sv:19: syntax error
I give up.
