=== Static Analysis ===
PASS: No simulation-hanging patterns detected
==================================================
=== Compilation ===
Return code: 5
results/gemma3_12b_0shot_temp0_8_topP0_95_iterative\Prob131_mt2015_q4\attempt_1\Prob131_mt2015_q4_code.sv:91: syntax error
results/gemma3_12b_0shot_temp0_8_topP0_95_iterative\Prob131_mt2015_q4\attempt_1\Prob131_mt2015_q4_code.sv:91: error: Invalid module instantiation
results/gemma3_12b_0shot_temp0_8_topP0_95_iterative\Prob131_mt2015_q4\attempt_1\Prob131_mt2015_q4_code.sv:92: error: Invalid module instantiation
D:\WorkSpace\ResearchCode\LLM4DSL\verilog\Verilog-benchmark\dataset_code-complete-iccad2023/Prob131_mt2015_q4_ref.sv:12: syntax error
I give up.
