=== Static Analysis ===
PASS: No simulation-hanging patterns detected
==================================================
=== Compilation ===
Return code: 5
results/gemma3_12b_0shot_temp0_8_topP0_95_iterative\Prob077_wire_decl\attempt_1\Prob077_wire_decl_code.sv:15: syntax error
results/gemma3_12b_0shot_temp0_8_topP0_95_iterative\Prob077_wire_decl\attempt_1\Prob077_wire_decl_code.sv:15: error: Invalid module instantiation
results/gemma3_12b_0shot_temp0_8_topP0_95_iterative\Prob077_wire_decl\attempt_1\Prob077_wire_decl_code.sv:16: error: Invalid module instantiation
results/gemma3_12b_0shot_temp0_8_topP0_95_iterative\Prob077_wire_decl\attempt_1\Prob077_wire_decl_code.sv:19: Gates do not have port names.
results/gemma3_12b_0shot_temp0_8_topP0_95_iterative\Prob077_wire_decl\attempt_1\Prob077_wire_decl_code.sv:25: Gates do not have port names.
