=== Static Analysis ===
PASS: No simulation-hanging patterns detected
==================================================
=== Compilation ===
Return code: 66
results/phi4_14b_0shot_temp0_8_topP0_95_iterative\Prob155_lemmings4\attempt_4\Prob155_lemmings4_code.sv:17: warning: macro WALK_LEFT undefined (and assumed null) at this point.
results/phi4_14b_0shot_temp0_8_topP0_95_iterative\Prob155_lemmings4\attempt_4\Prob155_lemmings4_code.sv:17: warning: macro WALK_RIGHT undefined (and assumed null) at this point.
results/phi4_14b_0shot_temp0_8_topP0_95_iterative\Prob155_lemmings4\attempt_4\Prob155_lemmings4_code.sv:17: warning: macro FALLING undefined (and assumed null) at this point.
results/phi4_14b_0shot_temp0_8_topP0_95_iterative\Prob155_lemmings4\attempt_4\Prob155_lemmings4_code.sv:17: warning: macro DIGGING undefined (and assumed null) at this point.
results/phi4_14b_0shot_temp0_8_topP0_95_iterative\Prob155_lemmings4\attempt_4\Prob155_lemmings4_code.sv:17: warning: macro SPLATTERED undefined (and assumed null) at this point.
results/phi4_14b_0shot_temp0_8_topP0_95_iterative\Prob155_lemmings4\attempt_4\Prob155_lemmings4_code.sv:19: warning: macro WALK_LEFT undefined (and assumed null) at this point.
results/phi4_14b_0shot_temp0_8_topP0_95_iterative\Prob155_lemmings4\attempt_4\Prob155_lemmings4_code.sv:19: warning: macro WALK_RIGHT undefined (and assumed null) at this point.
results/phi4_14b_0shot_temp0_8_topP0_95_iterative\Prob155_lemmings4\attempt_4\Prob155_lemmings4_code.sv:19: warning: macro FALLING undefined (and assumed null) at this point.
results/phi4_14b_0shot_temp0_8_topP0_95_iterative\Prob155_lemmings4\attempt_4\Prob155_lemmings4_code.sv:19: warning: macro ground undefined (and assumed null) at this point.
results/phi4_14b_0shot_temp0_8_topP0_95_iterative\Prob155_lemmings4\attempt_4\Prob155_lemmings4_code.sv:20: warning: macro WALK_LEFT undefined (and assumed null) at this point.
results/phi4_14b_0shot_temp0_8_topP0_95_iterative\Prob155_lemmings4\attempt_4\Prob155_lemmings4_code.sv:20: warning: macro WALK_RIGHT undefined (and assumed null) at this point.
results/phi4_14b_0shot_temp0_8_topP0_95_iterative\Prob155_lemmings4\attempt_4\Prob155_lemmings4_code.sv:21: warning: macro WALK_LEFT undefined (and assumed null) at this point.
results/phi4_14b_0shot_temp0_8_topP0_95_iterative\Prob155_lemmings4\attempt_4\Prob155_lemmings4_code.sv:21: warning: macro WALK_RIGHT undefined (and assumed null) at this point.
results/phi4_14b_0shot_temp0_8_topP0_95_iterative\Prob155_lemmings4\attempt_4\Prob155_lemmings4_code.sv:21: warning: macro DIGGING undefined (and assumed null) at this point.
results/phi4_14b_0shot_temp0_8_topP0_95_iterative\Prob155_lemmings4\attempt_4\Prob155_lemmings4_code.sv:21: warning: macro dig undefined (and assumed null) at this point.
results/phi4_14b_0shot_temp0_8_topP0_95_iterative\Prob155_lemmings4\attempt_4\Prob155_lemmings4_code.sv:22: warning: macro FALLING undefined (and assumed null) at this point.
results/phi4_14b_0shot_temp0_8_topP0_95_iterative\Prob155_lemmings4\attempt_4\Prob155_lemmings4_code.sv:22: warning: macro SPLATTERED undefined (and assumed null) at this point.
results/phi4_14b_0shot_temp0_8_topP0_95_iterative\Prob155_lemmings4\attempt_4\Prob155_lemmings4_code.sv:24: warning: macro walk_left undefined (and assumed null) at this point.
results/phi4_14b_0shot_temp0_8_topP0_95_iterative\Prob155_lemmings4\attempt_4\Prob155_lemmings4_code.sv:24: warning: macro walk_right undefined (and assumed null) at this point.
results/phi4_14b_0shot_temp0_8_topP0_95_iterative\Prob155_lemmings4\attempt_4\Prob155_lemmings4_code.sv:25: warning: macro aaah undefined (and assumed null) at this point.
results/phi4_14b_0shot_temp0_8_topP0_95_iterative\Prob155_lemmings4\attempt_4\Prob155_lemmings4_code.sv:25: warning: macro FALLING undefined (and assumed null) at this point.
results/phi4_14b_0shot_temp0_8_topP0_95_iterative\Prob155_lemmings4\attempt_4\Prob155_lemmings4_code.sv:26: warning: macro areset undefined (and assumed null) at this point.
results/phi4_14b_0shot_temp0_8_topP0_95_iterative\Prob155_lemmings4\attempt_4\Prob155_lemmings4_code.sv:26: warning: macro WALK_LEFT undefined (and assumed null) at this point.
results/phi4_14b_0shot_temp0_8_topP0_95_iteratiresults/phi4_14b_0shot_temp0_8_topP0_95_iterative\Prob155_lemmings4\attempt_4\Prob155_lemmings4_code.sv:14: syntax error
results/phi4_14b_0shot_temp0_8_topP0_95_iterative\Prob155_lemmings4\attempt_4\Prob155_lemmings4_code.sv:19: error: Stray tic (`) here. Perhaps you put white space
results/phi4_14b_0shot_temp0_8_topP0_95_iterative\Prob155_lemmings4\attempt_4\Prob155_lemmings4_code.sv:19:      : between the tic and preprocessor directive?
results/phi4_14b_0shot_temp0_8_topP0_95_iterative\Prob155_lemmings4\attempt_4\Prob155_lemmings4_code.sv:19: error: Stray tic (`) here. Perhaps you put white space
results/phi4_14b_0shot_temp0_8_topP0_95_iterative\Prob155_lemmings4\attempt_4\Prob155_lemmings4_code.sv:19:      : between the tic and preprocessor directive?
results/phi4_14b_0shot_temp0_8_topP0_95_iterative\Prob155_lemmings4\attempt_4\Prob155_lemmings4_code.sv:20: error: Stray tic (`) here. Perhaps you put white space
results/phi4_14b_0shot_temp0_8_topP0_95_iterative\Prob155_lemmings4\attempt_4\Prob155_lemmings4_code.sv:20:      : between the tic and preprocessor directive?
results/phi4_14b_0shot_temp0_8_topP0_95_iterative\Prob155_lemmings4\attempt_4\Prob155_lemmings4_code.sv:20: error: Stray tic (`) here. Perhaps you put white space
results/phi4_14b_0shot_temp0_8_topP0_95_iterative\Prob155_lemmings4\attempt_4\Prob155_lemmings4_code.sv:20:      : between the tic and preprocessor directive?
results/phi4_14b_0shot_temp0_8_topP0_95_iterative\Prob155_lemmings4\attempt_4\Prob155_lemmings4_code.sv:21: error: Stray tic (`) here. Perhaps you put white space
results/phi4_14b_0shot_temp0_8_topP0_95_iterative\Prob155_lemmings4\attempt_4\Prob155_lemmings4_code.sv:21:      : between the tic and preprocessor directive?
results/phi4_14b_0shot_temp0_8_topP0_95_iterative\Prob155_lemmings4\attempt_4\Prob155_lemmings4_code.sv:21: error: Stray tic (`) here. Perhaps you put white space
results/phi4_14b_0shot_temp0_8_topP0_95_iterative\Prob155_lemmings4\attempt_4\Prob155_lemmings4_code.sv:21:      : between the tic and preprocessor directive?
results/phi4_14b_0shot_temp0_8_topP0_95_iterative\Prob155_lemmings4\attempt_4\Prob155_lemmings4_code.sv:21: error: Stray tic (`) here. Perhaps you put white space
results/phi4_14b_0shot_temp0_8_topP0_95_iterative\Prob155_lemmings4\attempt_4\Prob155_lemmings4_code.sv:21:      : between the tic and preprocessor directive?
results/phi4_14b_0shot_temp0_8_topP0_95_iterative\Prob155_lemmings4\attempt_4\Prob155_lemmings4_code.sv:22: error: Stray tic (`) here. Perhaps you put white space
results/phi4_14b_0shot_temp0_8_topP0_95_iterative\Prob155_lemmings4\attempt_4\Prob155_lemmings4_code.sv:22:      : between the tic and preprocessor directive?
results/phi4_14b_0shot_temp0_8_topP0_95_iterative\Prob155_lemmings4\attempt_4\Prob155_lemmings4_code.sv:24: error: Stray tic (`) here. Perhaps you put white space
results/phi4_14b_0shot_temp0_8_topP0_95_iterative\Prob155_lemmings4\attempt_4\Prob155_lemmings4_code.sv:24:      : between the tic and preprocessor directive?
results/phi4_14b_0shot_temp0_8_topP0_95_iterative\Prob155_lemmings4\attempt_4\Prob155_lemmings4_code.sv:24: error: Stray tic (`) here. Perhaps you put white space
results/phi4_14b_0shot_temp0_8_topP0_95_iterative\Prob155_lemmings4\attempt_4\Prob155_lemmings4_code.sv:24:      : between the tic and preprocessor directive?
results/phi4_14b_0shot_temp0_8_topP0_95_iterative\Prob155_lemmings4\attempt_4\Prob155_lemmings4_code.sv:25: error: Stray tic (`) here. Perhaps you put white space
results/phi4_14b_0shot_temp0_8_topP0_95_iterative\Prob155_lemmings4\attempt_4\Prob155_lemmings4_code.sv:25:      : between the tic and preprocessor directive?
results/phi4_14b_0shot_temp0_8_topP0_95_iterative\Prob155_lemmings4\attempt_4\Prob155_lemmings4_code.sv:26: error: Stray tic (`) here. Perhaps you put white space
results/phi4_14b_0shot_temp0_8_topP0_95_iterative\Prob155_lemmings4\attempt_4\Prob155_lemmings4_code.sv:26:      : between the tic and preprocessor directive?
results/phi4_14b_0shot_temp0_8_topP0_95_iterative\Prob155_lemmings4\attempt_4\Prob155_lemmings4_code.sv:30: error: Stray tic (`) here. Perhaps you put white space
results/phi4_14b_0shot_temp0_8_topP0_95_iterative\Prob155_lemmings4\attempt_4\Prob155_lemmings4_code.sv:30:      : between the tic and preprocessor directive?
results/phi4_14b_0shot_temp0_8_topP0_95_iterative\Prob155_lemmings4\attempt_4\Prob155_lemmings4_code.sv:30: error: Stray tic (`) here. Perhaps you put white space
results/phi4_14b_0shot_temp0_8_topP0_95_iterative\Prob155_lemmings4\attempt_4\Prob155_lemmings4_code.sv:30:      : between the tic and preprocessor directive?
results/phi4_14b_0shot_temp0_8_topP0_95_iterative\Prob155_lemmings4\attempt_4\Prob155_lemmings4_code.sv:32: error: Stray tic (`) here. Perhaps you put white space
results/phi4_14b_0shot_temp0_8_topP0_95_iterative\Prob155_lemmings4\attempt_4\Prob155_lemmings4_code.sv:32:      : between the tic and preprocessor directive?
results/phi4_14b_0shot_temp0_8_topP0_95_iterative\Prob155_lemmings4\attempt_4\Prob155_lemmings4_code.sv:34: error: Stray tic (`) here. Perhaps you put white space
results/phi4_14b_0shot_temp0_8_topP0_95_iterative\Prob155_lemmings4\attempt_4\Prob155_lemmings4_code.sv:34:      : between the tic and preprocessor directive?
results/phi4_14b_0shot_temp0_8_topP0_95_iterative\Prob155_lemmings4\attempt_4\Prob155_lemmings4_code.sv:14: error: Invalid module instantiation
results/phi4_14b_0shot_temp0_8_topP0_95_iterative\Prob155_lemmings4\attempt_4\Prob155_lemmings4_code.sv:41: error: Invalid module instantiation
results/phi4_14b_0shot_temp0_8_topP0_95_iterative\Prob155_lemmings4\attempt_4\Prob155_lemmings4_code.sv:47: error: invalid module item.
results/phi4_14b_0shot_temp0_8_topP0_95_iterative\Prob155_lemmings4\attempt_4\Prob155_lemmings4_code.sv:48: syntax error
results/phi4_14b_0shot_temp0_8_topP0_95_iterative\Prob155_lemmings4\attempt_4\Prob155_lemmings4_code.sv:52: error: invalid module item.
results/phi4_14b_0shot_temp0_8_topP0_95_iterative\Prob155_lemmings4\attempt_4\Prob155_lemmings4_code.sv:53: syntax error
results/phi4_14b_0shot_temp0_8_topP0_95_iterative\Prob155_lemmings4\attempt_4\Prob155_lemmings4_code.sv:56: error: invalid module item.
results/phi4_14b_0shot_temp0_8_topP0_95_iterative\Prob155_lemmings4\attempt_4\Prob155_lemmings4_code.sv:59: syntax error
results/phi4_14b_0shot_temp0_8_topP0_95_iterative\Prob155_lemmings4\attempt_4\Prob155_lemmings4_code.sv:59: error: Invalid module instantiation
results/phi4_14b_0shot_temp0_8_topP0_95_iterative\Prob155_lemmings4\attempt_4\Prob155_lemmings4_code.sv:65: error: invalid module item.
results/phi4_14b_0shot_temp0_8_topP0_95_iterative\Prob155_lemmings4\attempt_4\Prob155_lemmings4_code.sv:66: syntax error
results/phi4_14b_0shot_temp0_8_topP0_95_iterative\Prob155_lemmings4\attempt_4\Prob155_lemmings4_code.sv:66: error: Invalid module instantiation
results/phi4_14b_0shot_temp0_8_topP0_95_iterative\Prob155_lemmings4\attempt_4\Prob155_lemmings4_code.sv:67: error: Invalid module instantiation
results/phi4_14b_0shot_temp0_8_topP0_95_iterative\Prob155_lemmings4\attempt_4\Prob155_lemmings4_code.sv:68: error: Invalid module instantiation
results/phi4_14b_0shot_temp0_8_topP0_95_iterative\Prob155_lemmings4\attempt_4\Prob155_lemmings4_code.sv:73: syntax error
results/phi4_14b_0shot_temp0_8_topP0_95_iterative\Prob155_lemmings4\attempt_4\Prob155_lemmings4_code.sv:73: error: Invalid module instantiation
results/phi4_14b_0shot_temp0_8_topP0_95_iterative\Prob155_lemmings4\attempt_4\Prob155_lemmings4_code.sv:75: syntax error
results/phi4_14b_0shot_temp0_8_topP0_95_iterative\Prob155_lemmings4\attempt_4\Prob155_lemmings4_code.sv:75: error: Invalid module instantiation
results/phi4_14b_0shot_temp0_8_topP0_95_iterative\Prob155_lemmings4\attempt_4\Prob155_lemmings4_code.sv:78: syntax error
results/phi4_14b_0shot_temp0_8_topP0_95_iterative\Prob155_lemmings4\attempt_4\Prob155_lemmings4_code.sv:78: error: Invalid module instantiation
results/phi4_14b_0shot_temp0_8_topP0_95_iterative\Prob155_lemmings4\attempt_4\Prob155_lemmings4_code.sv:80: syntax error
results/phi4_14b_0shot_temp0_8_topP0_95_iterative\Prob155_lemmings4\attempt_4\Prob155_lemmings4_code.sv:80: error: Invalid module instantiation
results/phi4_14b_0shot_temp0_8_topP0_95_iterative\Prob155_lemmings4\attempt_4\Prob155_lemmings4_code.sv:87: syntax error
results/phi4_14b_0shot_temp0_8_topP0_95_iterative\Prob155_lemmings4\attempt_4\Prob155_lemmings4_code.sv:87: error: Invalid module instantiation
results/phi4_14b_0shot_temp0_8_topP0_95_iterative\Prob155_lemmings4\attempt_4\Prob155_lemmings4_code.sv:89: syntax error
results/phi4_14b_0shot_temp0_8_topP0_95_iterative\Prob155_lemmings4\attempt_4\Prob155_lemmings4_code.sv:89: error: Invalid module instantiation
results/phi4_14b_0shot_temp0_8_topP0_95_iterative\Prob155_lemmings4\attempt_4\Prob155_lemmings4_code.sv:92: syntax error
results/phi4_14b_0shot_temp0_8_topP0_95_iterative\Prob155_lemmings4\attempt_4\Prob155_lemmings4_code.sv:92: error: Invalid module instantiation
results/phi4_14b_0shot_temp0_8_topP0_95_iterative\Prob155_lemmings4\attempt_4\Prob155_lemmings4_code.sv:94: syntax error
results/phi4_14b_0shot_temp0_8_topP0_95_iterative\Prob155_lemmings4\attempt_4\Prob155_lemmings4_code.sv:94: error: Invalid module instantiation
results/phi4_14b_0shot_temp0_8_topP0_95_iterative\Prob155_lemmings4\attempt_4\Prob155_lemmings4_code.sv:101: syntax error
results/phi4_14b_0shot_temp0_8_topP0_95_iterative\Prob155_lemmings4\attempt_4\Prob155_lemmings4_code.sv:101: error: Invalid module instantiation
results/phi4_14b_0shot_temp0_8_topP0_95_iterative\Prob155_lemmings4\attempt_4\Prob155_lemmings4_code.sv:103: syntax error
results/phi4_14b_0shot_temp0_8_topP0_95_iterative\Prob155_lemmings4\attempt_4\Prob155_lemmings4_code.sv:103: error: Invalid module instantiation
results/phi4_14b_0shot_temp0_8_topP0_95_iterative\Prob155_lemmings4\attempt_4\Prob155_lemmings4_code.sv:105: syntax error
results/phi4_14b_0shot_temp0_8_topP0_95_iterative\Prob155_lemmings4\attempt_4\Prob155_lemmings4_code.sv:105: error: Invalid module instantiation
results/phi4_14b_0shot_temp0_8_topP0_95_iterative\Prob155_lemmings4\attempt_4\Prob155_lemmings4_code.sv:108: syntax error
results/phi4_14b_0shot_temp0_8_topP0_95_iterative\Prob155_lemmings4\attempt_4\Prob155_lemmings4_code.sv:108: error: Invalid module instantiation
results/phi4_14b_0shot_temp0_8_topP0_95_iterative\Prob155_lemmings4\attempt_4\Prob155_lemmings4_code.sv:114: syntax error
results/phi4_14b_0shot_temp0_8_topP0_95_iterative\Prob155_lemmings4\attempt_4\Prob155_lemmings4_code.sv:114: error: Invalid module instantiation
results/phi4_14b_0shot_temp0_8_topP0_95_iterative\Prob155_lemmings4\attempt_4\Prob155_lemmings4_code.sv:115: error: Invalid module instantiation
results/phi4_14b_0shot_temp0_8_topP0_95_iterative\Prob155_lemmings4\attempt_4\Prob155_lemmings4_code.sv:117: syntax error
results/phi4_14b_0shot_temp0_8_topP0_95_iterative\Prob155_lemmings4\attempt_4\Prob155_lemmings4_code.sv:117: error: Invalid module instantiation
results/phi4_14b_0shot_temp0_8_topP0_95_iterative\Prob155_lemmings4\attempt_4\Prob155_lemmings4_code.sv:122: syntax error
results/phi4_14b_0shot_temp0_8_topP0_95_iterative\Prob155_lemmings4\attempt_4\Prob155_lemmings4_code.sv:122: error: Invalid module instantiation
results/phi4_14b_0shot_temp0_8_topP0_95_iterative\Prob155_lemmings4\attempt_4\Prob155_lemmings4_code.sv:126: syntax error
results/phi4_14b_0shot_temp0_8_topP0_95_iterative\Prob155_lemmings4\attempt_4\Prob155_lemmings4_code.sv:126: error: Invalid module instantiation
D:\WorkSpace\ResearchCode\LLM4DSL\verilog\Verilog-benchmark\dataset_code-complete-iccad2023/Prob155_lemmings4_test.sv:1: error: `timescale directive can not be inside a module definition.
ve\Prob155_lemmings4\attempt_4\Prob155_lemmings4_code.sv:30: warning: macro WALK_LEFT undefined (and assumed null) at this point.
results/phi4_14b_0shot_temp0_8_topP0_95_iterative\Prob155_lemmings4\attempt_4\Prob155_lemmings4_code.sv:30: warning: macro WALK_RIGHT undefined (and assumed null) at this point.
results/phi4_14b_0shot_temp0_8_topP0_95_iterative\Prob155_lemmings4\attempt_4\Prob155_lemmings4_code.sv:30: warning: macro DIGGING undefined (and assumed null) at this point.
results/phi4_14b_0shot_temp0_8_topP0_95_iterative\Prob155_lemmings4\attempt_4\Prob155_lemmings4_code.sv:30: warning: macro ground undefined (and assumed null) at this point.
results/phi4_14b_0shot_temp0_8_topP0_95_iterative\Prob155_lemmings4\attempt_4\Prob155_lemmings4_code.sv:32: warning: macro FALLING undefined (and assumed null) at this point.
results/phi4_14b_0shot_temp0_8_topP0_95_iterative\Prob155_lemmings4\attempt_4\Prob155_lemmings4_code.sv:34: warning: macro SPLATTERED undefined (and assumed null) at this point.
D:\WorkSpace\ResearchCode\LLM4DSL\verilog\Verilog-benchmark\dataset_code-complete-iccad2023/Prob155_lemmings4_test.sv:16: error: invalid module item.
