=== Compilation ===
Command: iverilog -Wall -Winfloop -Wno-timescale -g2012 -s tb -o results\phi4_14b_0shot_temp0.0\Prob094_gatesv/Prob094_gatesv_sample01 results\phi4_14b_0shot_temp0.0\Prob094_gatesv/Prob094_gatesv_sample01.sv dataset_code-complete-iccad2023/Prob094_gatesv_test.sv dataset_code-complete-iccad2023/Prob094_gatesv_ref.sv
Return code: 11

--- stdout ---


--- stderr ---
results\phi4_14b_0shot_temp0.0\Prob094_gatesv/Prob094_gatesv_sample01.sv:12: error: out_both['sd2] is not a valid l-value in tb.top_module1.
results\phi4_14b_0shot_temp0.0\Prob094_gatesv/Prob094_gatesv_sample01.sv:5:      : out_both['sd2] is declared here as wire.
results\phi4_14b_0shot_temp0.0\Prob094_gatesv/Prob094_gatesv_sample01.sv:13: error: out_both['sd1] is not a valid l-value in tb.top_module1.
results\phi4_14b_0shot_temp0.0\Prob094_gatesv/Prob094_gatesv_sample01.sv:5:      : out_both['sd1] is declared here as wire.
results\phi4_14b_0shot_temp0.0\Prob094_gatesv/Prob094_gatesv_sample01.sv:14: error: out_both['sd0] is not a valid l-value in tb.top_module1.
results\phi4_14b_0shot_temp0.0\Prob094_gatesv/Prob094_gatesv_sample01.sv:5:      : out_both['sd0] is declared here as wire.
results\phi4_14b_0shot_temp0.0\Prob094_gatesv/Prob094_gatesv_sample01.sv:17: error: out_any['sd3] is not a valid l-value in tb.top_module1.
results\phi4_14b_0shot_temp0.0\Prob094_gatesv/Prob094_gatesv_sample01.sv:6:      : out_any['sd3] is declared here as wire.
results\phi4_14b_0shot_temp0.0\Prob094_gatesv/Prob094_gatesv_sample01.sv:18: error: out_any['sd2] is not a valid l-value in tb.top_module1.
results\phi4_14b_0shot_temp0.0\Prob094_gatesv/Prob094_gatesv_sample01.sv:6:      : out_any['sd2] is declared here as wire.
results\phi4_14b_0shot_temp0.0\Prob094_gatesv/Prob094_gatesv_sample01.sv:19: error: out_any['sd1] is not a valid l-value in tb.top_module1.
results\phi4_14b_0shot_temp0.0\Prob094_gatesv/Prob094_gatesv_sample01.sv:6:      : out_any['sd1] is declared here as wire.
results\phi4_14b_0shot_temp0.0\Prob094_gatesv/Prob094_gatesv_sample01.sv:20: error: out_any['sd0] is not a valid l-value in tb.top_module1.
results\phi4_14b_0shot_temp0.0\Prob094_gatesv/Prob094_gatesv_sample01.sv:6:      : out_any['sd0] is declared here as wire.
results\phi4_14b_0shot_temp0.0\Prob094_gatesv/Prob094_gatesv_sample01.sv:23: error: out_different['sd3] is not a valid l-value in tb.top_module1.
results\phi4_14b_0shot_temp0.0\Prob094_gatesv/Prob094_gatesv_sample01.sv:7:      : out_different['sd3] is declared here as wire.
results\phi4_14b_0shot_temp0.0\Prob094_gatesv/Prob094_gatesv_sample01.sv:24: error: out_different['sd2] is not a valid l-value in tb.top_module1.
results\phi4_14b_0shot_temp0.0\Prob094_gatesv/Prob094_gatesv_sample01.sv:7:      : out_different['sd2] is declared here as wire.
results\phi4_14b_0shot_temp0.0\Prob094_gatesv/Prob094_gatesv_sample01.sv:25: error: out_different['sd1] is not a valid l-value in tb.top_module1.
results\phi4_14b_0shot_temp0.0\Prob094_gatesv/Prob094_gatesv_sample01.sv:7:      : out_different['sd1] is declared here as wire.
results\phi4_14b_0shot_temp0.0\Prob094_gatesv/Prob094_gatesv_sample01.sv:26: error: out_different['sd0] is not a valid l-value in tb.top_module1.
results\phi4_14b_0shot_temp0.0\Prob094_gatesv/Prob094_gatesv_sample01.sv:7:      : out_different['sd0] is declared here as wire.
results\phi4_14b_0shot_temp0.0\Prob094_gatesv/Prob094_gatesv_sample01.sv:10: warning: @* found no sensitivities so it will never trigger.
11 error(s) during elaboration.
