Problem: Prob128_fsm_ps2
Code file: results\gemma3_12b_0shot_temp0_8_topP0_95_promptv1\Prob128_fsm_ps2/Prob128_fsm_ps2_sample01.sv
Compilation: FAILED
==================================================
=== Static Analysis ===
PASS: No simulation-hanging patterns detected
==================================================
Compilation failed (exit code 2):

results\gemma3_12b_0shot_temp0_8_topP0_95_promptv1\Prob128_fsm_ps2/Prob128_fsm_ps2_sample01.sv:14: error: done is not a valid l-value in tb.top_module1.
results\gemma3_12b_0shot_temp0_8_topP0_95_promptv1\Prob128_fsm_ps2/Prob128_fsm_ps2_sample01.sv:6:      : done is declared here as wire.
results\gemma3_12b_0shot_temp0_8_topP0_95_promptv1\Prob128_fsm_ps2/Prob128_fsm_ps2_sample01.sv:32: error: done is not a valid l-value in tb.top_module1.
results\gemma3_12b_0shot_temp0_8_topP0_95_promptv1\Prob128_fsm_ps2/Prob128_fsm_ps2_sample01.sv:6:      : done is declared here as wire.
2 error(s) during elaboration.
