Problem: Prob042_vector4
Code file: results\gemma3_12b_0shot_temp0_8_topP0_95_promptv1\Prob042_vector4/Prob042_vector4_sample01.sv
Compilation: FAILED
==================================================
=== Static Analysis ===
PASS: No simulation-hanging patterns detected
==================================================
Compilation failed (exit code 2):

results\gemma3_12b_0shot_temp0_8_topP0_95_promptv1\Prob042_vector4/Prob042_vector4_sample01.sv:6: syntax error
results\gemma3_12b_0shot_temp0_8_topP0_95_promptv1\Prob042_vector4/Prob042_vector4_sample01.sv:6: error: Syntax error between internal '}' and closing '}' of repeat concatenation.
