Problem: Prob141_count_clock
Code file: results\gemma3_12b_0shot_temp0_8_topP0_95_promptv1\Prob141_count_clock/Prob141_count_clock_sample01.sv
Compilation: FAILED
==================================================
=== Static Analysis ===
PASS: No simulation-hanging patterns detected
==================================================
Compilation failed (exit code 18):

results\gemma3_12b_0shot_temp0_8_topP0_95_promptv1\Prob141_count_clock/Prob141_count_clock_sample01.sv:13: syntax error
results\gemma3_12b_0shot_temp0_8_topP0_95_promptv1\Prob141_count_clock/Prob141_count_clock_sample01.sv:13: error: malformed statement
results\gemma3_12b_0shot_temp0_8_topP0_95_promptv1\Prob141_count_clock/Prob141_count_clock_sample01.sv:35: syntax error
D:\WorkSpace\ResearchCode\LLM4DSL\verilog\Verilog-benchmark\dataset_code-complete-iccad2023/Prob141_count_clock_test.sv:15: error: malformed statement
D:\WorkSpace\ResearchCode\LLM4DSL\verilog\Verilog-benchmark\dataset_code-complete-iccad2023/Prob141_count_clock_test.sv:16: syntax error
D:\WorkSpace\ResearchCode\LLM4DSL\verilog\Verilog-benchmark\dataset_code-complete-iccad2023/Prob141_count_clock_test.sv:16: error: malformed statement
D:\WorkSpace\ResearchCode\LLM4DSL\verilog\Verilog-benchmark\dataset_code-complete-iccad2023/Prob141_count_clock_test.sv:17: syntax error
D:\WorkSpace\ResearchCode\LLM4DSL\verilog\Verilog-benchmark\dataset_code-complete-iccad2023/Prob141_count_clock_test.sv:17: error: malformed statement
D:\WorkSpace\ResearchCode\LLM4DSL\verilog\Verilog-benchmark\dataset_code-complete-iccad2023/Prob141_count_clock_test.sv:36: syntax error
D:\WorkSpace\ResearchCode\LLM4DSL\verilog\Verilog-benchmark\dataset_code-complete-iccad2023/Prob141_count_clock_test.sv:43: error: malformed statement
D:\WorkSpace\ResearchCode\LLM4DSL\verilog\Verilog-benchmark\dataset_code-complete-iccad2023/Prob141_count_clock_test.sv:44: syntax error
D:\WorkSpace\ResearchCode\LLM4DSL\verilog\Verilog-benchmark\dataset_code-complete-iccad2023/Prob141_count_clock_test.sv:46: error: malformed statement
D:\WorkSpace\ResearchCode\LLM4DSL\verilog\Verilog-benchmark\dataset_code-complete-iccad2023/Prob141_count_clock_test.sv:48: syntax error
D:\WorkSpace\ResearchCode\LLM4DSL\verilog\Verilog-benchmark\dataset_code-complete-iccad2023/Prob141_count_clock_test.sv:53: Syntax in assignment statement l-value.
D:\WorkSpace\ResearchCode\LLM4DSL\verilog\Verilog-benchmark\dataset_code-complete-iccad2023/Prob141_count_clock_test.sv:54: syntax error
D:\WorkSpace\ResearchCode\LLM4DSL\verilog\Verilog-benchmark\dataset_code-complete-iccad2023/Prob141_count_clock_test.sv:54: Syntax in assignment statement l-value.
D:\WorkSpace\ResearchCode\LLM4DSL\verilog\Verilog-benchmark\dataset_code-complete-iccad2023/Prob141_count_clock_test.sv:56: syntax error
D:\WorkSpace\ResearchCode\LLM4DSL\verilog\Verilog-benchmark\dataset_code-complete-iccad2023/Prob141_count_clock_test.sv:63: Syntax in assignment statement l-value.
