=== Static Analysis ===
PASS: No simulation-hanging patterns detected
==================================================
=== Compilation ===
Return code: 3
results/gemma3_12b_0shot_temp0_0_topP0_01_iterative\Prob128_fsm_ps2\attempt_2\Prob128_fsm_ps2_code.sv:25: error: done is not a valid l-value in tb.top_module1.
results/gemma3_12b_0shot_temp0_0_topP0_01_iterative\Prob128_fsm_ps2\attempt_2\Prob128_fsm_ps2_code.sv:6:      : done is declared here as wire.
results/gemma3_12b_0shot_temp0_0_topP0_01_iterative\Prob128_fsm_ps2\attempt_2\Prob128_fsm_ps2_code.sv:34: error: done is not a valid l-value in tb.top_module1.
results/gemma3_12b_0shot_temp0_0_topP0_01_iterative\Prob128_fsm_ps2\attempt_2\Prob128_fsm_ps2_code.sv:6:      : done is declared here as wire.
results/gemma3_12b_0shot_temp0_0_topP0_01_iterative\Prob128_fsm_ps2\attempt_2\Prob128_fsm_ps2_code.sv:65: error: done is not a valid l-value in tb.top_module1.
results/gemma3_12b_0shot_temp0_0_topP0_01_iterative\Prob128_fsm_ps2\attempt_2\Prob128_fsm_ps2_code.sv:6:      : done is declared here as wire.
results/gemma3_12b_0shot_temp0_0_topP0_01_iterative\Prob128_fsm_ps2\attempt_2\Prob128_fsm_ps2_code.sv:31: sorry: constant selects in always_* processes are not currently supported (all bits will be included).
3 error(s) during elaboration.
