{
  "problem_name": "Prob077_wire_decl",
  "model_name": "gemma3:12b",
  "parameters": {
    "temperature": 0.8,
    "top_p": 0.95,
    "max_compile_attempts": 3,
    "max_test_attempts": 3
  },
  "compile_attempts": 3,
  "test_attempts": 0,
  "total_attempts": 3,
  "final_compile_success": false,
  "final_test_success": false,
  "first_attempt_compile_success": false,
  "first_attempt_test_success": false,
  "improved_by_iteration": false,
  "history": [
    {
      "attempt": 1,
      "phase": "initial",
      "compile_success": false,
      "compile_error": "=== Static Analysis ===\nPASS: No simulation-hanging patterns detected\n==================================================\n=== Compilation ===\nReturn code: 5\nresults/gemma3_12b_0shot_temp0_8_topP0_95_iterative\\Prob077_wire_decl\\attempt_1\\Prob077_wire_decl_code.sv:15: syntax error\nresults/gemma3_12b_0shot_temp0_8_topP0_95_iterative\\Prob077_wire_decl\\attempt_1\\Prob077_wire_decl_code.sv:15: error: Invalid module instantiation\nresults/gemma3_12b_0shot_temp0_8_topP0_95_iterative\\Prob077_wire_decl\\attempt_1\\Prob077_wire_decl_code.sv:16: error: Invalid module instantiation\nresults/gemma3_12b_0shot_temp0_8_topP0_95_iterative\\Prob077_wire_decl\\attempt_1\\Prob077_wire_decl_code.sv:19: Gates do not have port names.\nresults/gemma3_12b_0shot_temp0_8_topP0_95_iterative\\Prob077_wire_decl\\attempt_1\\Prob077_wire_decl_code.sv:25: Gates do not have port names.\n",
      "test_success": null,
      "test_error": null,
      "mismatch_count": null
    },
    {
      "attempt": 2,
      "phase": "compile_fix",
      "compile_success": false,
      "compile_error": "=== Static Analysis ===\nPASS: No simulation-hanging patterns detected\n==================================================\n=== Compilation ===\nReturn code: 5\nresults/gemma3_12b_0shot_temp0_8_topP0_95_iterative\\Prob077_wire_decl\\attempt_2\\Prob077_wire_decl_code.sv:14: syntax error\nresults/gemma3_12b_0shot_temp0_8_topP0_95_iterative\\Prob077_wire_decl\\attempt_2\\Prob077_wire_decl_code.sv:14: error: Invalid module instantiation\nresults/gemma3_12b_0shot_temp0_8_topP0_95_iterative\\Prob077_wire_decl\\attempt_2\\Prob077_wire_decl_code.sv:15: error: Invalid module instantiation\nresults/gemma3_12b_0shot_temp0_8_topP0_95_iterative\\Prob077_wire_decl\\attempt_2\\Prob077_wire_decl_code.sv:18: Gates do not have port names.\nresults/gemma3_12b_0shot_temp0_8_topP0_95_iterative\\Prob077_wire_decl\\attempt_2\\Prob077_wire_decl_code.sv:24: Gates do not have port names.\n",
      "test_success": null,
      "test_error": null,
      "mismatch_count": null
    },
    {
      "attempt": 3,
      "phase": "compile_fix",
      "compile_success": false,
      "compile_error": "=== Static Analysis ===\nPASS: No simulation-hanging patterns detected\n==================================================\n=== Compilation ===\nReturn code: 5\nresults/gemma3_12b_0shot_temp0_8_topP0_95_iterative\\Prob077_wire_decl\\attempt_3\\Prob077_wire_decl_code.sv:14: syntax error\nresults/gemma3_12b_0shot_temp0_8_topP0_95_iterative\\Prob077_wire_decl\\attempt_3\\Prob077_wire_decl_code.sv:14: error: Invalid module instantiation\nresults/gemma3_12b_0shot_temp0_8_topP0_95_iterative\\Prob077_wire_decl\\attempt_3\\Prob077_wire_decl_code.sv:15: error: Invalid module instantiation\nresults/gemma3_12b_0shot_temp0_8_topP0_95_iterative\\Prob077_wire_decl\\attempt_3\\Prob077_wire_decl_code.sv:18: Gates do not have port names.\nresults/gemma3_12b_0shot_temp0_8_topP0_95_iterative\\Prob077_wire_decl\\attempt_3\\Prob077_wire_decl_code.sv:24: Gates do not have port names.\n",
      "test_success": null,
      "test_error": null,
      "mismatch_count": null
    }
  ]
}