=== Static Analysis ===
PASS: No simulation-hanging patterns detected
==================================================
=== Compilation ===
Return code: 24
results/glm_4_6_0shot_temp0_8_topP0_95_iterative\Prob136_m2014_q6\attempt_2\Prob136_m2014_q6_code.sv:14: error: Unable to bind wire/reg/memory `A' in `tb.top_module1'
results/glm_4_6_0shot_temp0_8_topP0_95_iterative\Prob136_m2014_q6\attempt_2\Prob136_m2014_q6_code.sv:24: error: z is not a valid l-value in tb.top_module1.
results/glm_4_6_0shot_temp0_8_topP0_95_iterative\Prob136_m2014_q6\attempt_2\Prob136_m2014_q6_code.sv:6:      : z is declared here as wire.
results/glm_4_6_0shot_temp0_8_topP0_95_iterative\Prob136_m2014_q6\attempt_2\Prob136_m2014_q6_code.sv:27: error: Unable to bind wire/reg/memory `E' in `tb.top_module1'
results/glm_4_6_0shot_temp0_8_topP0_95_iterative\Prob136_m2014_q6\attempt_2\Prob136_m2014_q6_code.sv:27: error: Unable to bind wire/reg/memory `F' in `tb.top_module1'
results/glm_4_6_0shot_temp0_8_topP0_95_iterative\Prob136_m2014_q6\attempt_2\Prob136_m2014_q6_code.sv:27: error: Unable to elaborate condition expression.
results/glm_4_6_0shot_temp0_8_topP0_95_iterative\Prob136_m2014_q6\attempt_2\Prob136_m2014_q6_code.sv:33: error: Unable to bind wire/reg/memory `A' in `tb.top_module1'
results/glm_4_6_0shot_temp0_8_topP0_95_iterative\Prob136_m2014_q6\attempt_2\Prob136_m2014_q6_code.sv:34: error: Unable to bind wire/reg/memory `B' in `tb.top_module1'
results/glm_4_6_0shot_temp0_8_topP0_95_iterative\Prob136_m2014_q6\attempt_2\Prob136_m2014_q6_code.sv:35: error: Unable to bind wire/reg/memory `A' in `tb.top_module1'
results/glm_4_6_0shot_temp0_8_topP0_95_iterative\Prob136_m2014_q6\attempt_2\Prob136_m2014_q6_code.sv:37: error: Unable to bind wire/reg/memory `B' in `tb.top_module1'
results/glm_4_6_0shot_temp0_8_topP0_95_iterative\Prob136_m2014_q6\attempt_2\Prob136_m2014_q6_code.sv:38: error: Unable to bind wire/reg/memory `C' in `tb.top_module1'
results/glm_4_6_0shot_temp0_8_topP0_95_iterative\Prob136_m2014_q6\attempt_2\Prob136_m2014_q6_code.sv:39: error: Unable to bind wire/reg/memory `D' in `tb.top_module1'
results/glm_4_6_0shot_temp0_8_topP0_95_iterative\Prob136_m2014_q6\attempt_2\Prob136_m2014_q6_code.sv:41: error: Unable to bind wire/reg/memory `C' in `tb.top_module1'
results/glm_4_6_0shot_temp0_8_topP0_95_iterative\Prob136_m2014_q6\attempt_2\Prob136_m2014_q6_code.sv:42: error: Unable to bind wire/reg/memory `E' in `tb.top_module1'
results/glm_4_6_0shot_temp0_8_topP0_95_iterative\Prob136_m2014_q6\attempt_2\Prob136_m2014_q6_code.sv:43: error: Unable to bind wire/reg/memory `D' in `tb.top_module1'
results/glm_4_6_0shot_temp0_8_topP0_95_iterative\Prob136_m2014_q6\attempt_2\Prob136_m2014_q6_code.sv:45: error: Unable to bind wire/reg/memory `D' in `tb.top_module1'
results/glm_4_6_0shot_temp0_8_topP0_95_iterative\Prob136_m2014_q6\attempt_2\Prob136_m2014_q6_code.sv:46: error: Unable to bind wire/reg/memory `F' in `tb.top_module1'
results/glm_4_6_0shot_temp0_8_topP0_95_iterative\Prob136_m2014_q6\attempt_2\Prob136_m2014_q6_code.sv:47: error: Unable to bind wire/reg/memory `A' in `tb.top_module1'
results/glm_4_6_0shot_temp0_8_topP0_95_iterative\Prob136_m2014_q6\attempt_2\Prob136_m2014_q6_code.sv:49: error: Unable to bind wire/reg/memory `E' in `tb.top_module1'
results/glm_4_6_0shot_temp0_8_topP0_95_iterative\Prob136_m2014_q6\attempt_2\Prob136_m2014_q6_code.sv:50: error: Unable to bind wire/reg/memory `E' in `tb.top_module1'
results/glm_4_6_0shot_temp0_8_topP0_95_iterative\Prob136_m2014_q6\attempt_2\Prob136_m2014_q6_code.sv:51: error: Unable to bind wire/reg/memory `D' in `tb.top_module1'
results/glm_4_6_0shot_temp0_8_topP0_95_iterative\Prob136_m2014_q6\attempt_2\Prob136_m2014_q6_code.sv:53: error: Unable to bind wire/reg/memory `F' in `tb.top_module1'
results/glm_4_6_0shot_temp0_8_topP0_95_iterative\Prob136_m2014_q6\attempt_2\Prob136_m2014_q6_code.sv:54: error: Unable to bind wire/reg/memory `C' in `tb.top_module1'
results/glm_4_6_0shot_temp0_8_topP0_95_iterative\Prob136_m2014_q6\attempt_2\Prob136_m2014_q6_code.sv:55: error: Unable to bind wire/reg/memory `D' in `tb.top_module1'
results/glm_4_6_0shot_temp0_8_topP0_95_iterative\Prob136_m2014_q6\attempt_2\Prob136_m2014_q6_code.sv:57: error: Unable to bind wire/reg/memory `A' in `tb.top_module1'
24 error(s) during elaboration.
