Problem: Prob127_lemmings1
Code file: results\glm_4_6_0shot_temp0.0\Prob127_lemmings1/Prob127_lemmings1_sample01.sv
Compilation: FAILED
==================================================
=== Static Analysis ===
PASS: No simulation-hanging patterns detected
==================================================
Compilation failed (exit code 7):

results\glm_4_6_0shot_temp0.0\Prob127_lemmings1/Prob127_lemmings1_sample01.sv:35: error: Unable to bind wire/reg/memory `state' in `tb.top_module1'
results\glm_4_6_0shot_temp0.0\Prob127_lemmings1/Prob127_lemmings1_sample01.sv:35: error: Unable to bind wire/reg/memory `STATE_LEFT' in `tb.top_module1'
results\glm_4_6_0shot_temp0.0\Prob127_lemmings1/Prob127_lemmings1_sample01.sv:35: error: Unable to elaborate r-value: (state)==(STATE_LEFT)
results\glm_4_6_0shot_temp0.0\Prob127_lemmings1/Prob127_lemmings1_sample01.sv:36: error: Unable to bind wire/reg/memory `state' in `tb.top_module1'
results\glm_4_6_0shot_temp0.0\Prob127_lemmings1/Prob127_lemmings1_sample01.sv:36: error: Unable to bind wire/reg/memory `STATE_RIGHT' in `tb.top_module1'
results\glm_4_6_0shot_temp0.0\Prob127_lemmings1/Prob127_lemmings1_sample01.sv:36: error: Unable to elaborate r-value: (state)==(STATE_RIGHT)
results\glm_4_6_0shot_temp0.0\Prob127_lemmings1/Prob127_lemmings1_sample01.sv:13: error: Unable to bind wire/reg/memory `state' in `tb.top_module1'
results\glm_4_6_0shot_temp0.0\Prob127_lemmings1/Prob127_lemmings1_sample01.sv:13: error: Unable to elaborate this case expression.
7 error(s) during elaboration.
