Problem: Prob086_lfsr5
Code file: results\glm_4_6_0shot_temp0_8_topP0_95_promptv1\Prob086_lfsr5/Prob086_lfsr5_sample01.sv
Compilation: FAILED
==================================================
=== Static Analysis ===
PASS: No simulation-hanging patterns detected
==================================================
Compilation failed (exit code 3):

D:\WorkSpace\ResearchCode\LLM4DSL\verilog\Verilog-benchmark\dataset_code-complete-iccad2023/Prob086_lfsr5_test.sv:1: error: `timescale directive can not be inside a module definition.
D:\WorkSpace\ResearchCode\LLM4DSL\verilog\Verilog-benchmark\dataset_code-complete-iccad2023/Prob086_lfsr5_ref.sv:24: syntax error
I give up.
