=== Static Analysis ===
PASS: No simulation-hanging patterns detected
==================================================
=== Compilation ===
Return code: 3
D:\WorkSpace\ResearchCode\LLM4DSL\verilog\Verilog-benchmark\dataset_code-complete-iccad2023/Prob142_lemmings2_test.sv:1: error: `timescale directive can not be inside a module definition.
D:\WorkSpace\ResearchCode\LLM4DSL\verilog\Verilog-benchmark\dataset_code-complete-iccad2023/Prob142_lemmings2_test.sv:6: syntax error
results/glm_4_6_0shot_temp0_0_topP0_01_iterative\Prob142_lemmings2\attempt_1\Prob142_lemmings2_code.sv:78: error: syntax error in continuous assignment
