=== Static Analysis ===
PASS: No simulation-hanging patterns detected
==================================================
=== Compilation ===
Return code: 7
results/phi4_14b_0shot_temp0_0_topP0_01_iterative\Prob144_conwaylife\attempt_2\Prob144_conwaylife_code.sv:34: warning: Static variable initialization requires explicit lifetime in this context.
results/phi4_14b_0shot_temp0_0_topP0_01_iterative\Prob144_conwaylife\attempt_2\Prob144_conwaylife_code.sv:35: warning: Static variable initialization requires explicit lifetime in this context.
results/phi4_14b_0shot_temp0_0_topP0_01_iterative\Prob144_conwaylife\attempt_2\Prob144_conwaylife_code.sv:14: error: Unable to bind wire/reg/memory `next_q' in `tb.top_module1'
results/phi4_14b_0shot_temp0_0_topP0_01_iterative\Prob144_conwaylife\attempt_2\Prob144_conwaylife_code.sv:23: error: Could not find variable ``next_q'' in ``tb.top_module1''
results/phi4_14b_0shot_temp0_0_topP0_01_iterative\Prob144_conwaylife\attempt_2\Prob144_conwaylife_code.sv:47: error: Could not find variable ``next_q[((x)*('sd16))+(y)]'' in ``tb.top_module1''
results/phi4_14b_0shot_temp0_0_topP0_01_iterative\Prob144_conwaylife\attempt_2\Prob144_conwaylife_code.sv:47: error: Could not find variable ``next_q[((x)*('sd16))+(y)]'' in ``tb.top_module1''
results/phi4_14b_0shot_temp0_0_topP0_01_iterative\Prob144_conwaylife\attempt_2\Prob144_conwaylife_code.sv:48: error: Could not find variable ``next_q[((x)*('sd16))+(y)]'' in ``tb.top_module1''
results/phi4_14b_0shot_temp0_0_topP0_01_iterative\Prob144_conwaylife\attempt_2\Prob144_conwaylife_code.sv:49: error: Could not find variable ``next_q[((x)*('sd16))+(y)]'' in ``tb.top_module1''
results/phi4_14b_0shot_temp0_0_topP0_01_iterative\Prob144_conwaylife\attempt_2\Prob144_conwaylife_code.sv:50: error: Could not find variable ``next_q[((x)*('sd16))+(y)]'' in ``tb.top_module1''
7 error(s) during elaboration.
