Problem: Prob137_fsm_serial
Code file: results\gemma3_12b_0shot_temp0_0_topP0_01_promptv1\Prob137_fsm_serial/Prob137_fsm_serial_sample01.sv
Compilation: FAILED
==================================================
=== Static Analysis ===
PASS: No simulation-hanging patterns detected
==================================================
Compilation failed (exit code 3):

results\gemma3_12b_0shot_temp0_0_topP0_01_promptv1\Prob137_fsm_serial/Prob137_fsm_serial_sample01.sv:17: error: done is not a valid l-value in tb.top_module1.
results\gemma3_12b_0shot_temp0_0_topP0_01_promptv1\Prob137_fsm_serial/Prob137_fsm_serial_sample01.sv:6:      : done is declared here as wire.
results\gemma3_12b_0shot_temp0_0_topP0_01_promptv1\Prob137_fsm_serial/Prob137_fsm_serial_sample01.sv:40: error: done is not a valid l-value in tb.top_module1.
results\gemma3_12b_0shot_temp0_0_topP0_01_promptv1\Prob137_fsm_serial/Prob137_fsm_serial_sample01.sv:6:      : done is declared here as wire.
results\gemma3_12b_0shot_temp0_0_topP0_01_promptv1\Prob137_fsm_serial/Prob137_fsm_serial_sample01.sv:41: error: done is not a valid l-value in tb.top_module1.
results\gemma3_12b_0shot_temp0_0_topP0_01_promptv1\Prob137_fsm_serial/Prob137_fsm_serial_sample01.sv:6:      : done is declared here as wire.
3 error(s) during elaboration.
