Problem: Prob073_dff16e
Code file: results\gemma3_12b_0shot_temp0_0_topP0_01_promptv1\Prob073_dff16e/Prob073_dff16e_sample01.sv
Compilation: FAILED
==================================================
=== Static Analysis ===
PASS: No simulation-hanging patterns detected
==================================================
Compilation failed (exit code 15):

results\gemma3_12b_0shot_temp0_0_topP0_01_promptv1\Prob073_dff16e/Prob073_dff16e_sample01.sv:9: error: 'q' has already been declared in this scope.
results\gemma3_12b_0shot_temp0_0_topP0_01_promptv1\Prob073_dff16e/Prob073_dff16e_sample01.sv:7:      : It was declared here as a variable.
results\gemma3_12b_0shot_temp0_0_topP0_01_promptv1\Prob073_dff16e/Prob073_dff16e_sample01.sv:22: syntax error
D:\WorkSpace\ResearchCode\LLM4DSL\verilog\Verilog-benchmark\dataset_code-complete-iccad2023/Prob073_dff16e_test.sv:13: error: malformed statement
D:\WorkSpace\ResearchCode\LLM4DSL\verilog\Verilog-benchmark\dataset_code-complete-iccad2023/Prob073_dff16e_test.sv:14: syntax error
D:\WorkSpace\ResearchCode\LLM4DSL\verilog\Verilog-benchmark\dataset_code-complete-iccad2023/Prob073_dff16e_test.sv:14: error: malformed statement
D:\WorkSpace\ResearchCode\LLM4DSL\verilog\Verilog-benchmark\dataset_code-complete-iccad2023/Prob073_dff16e_test.sv:21: syntax error
D:\WorkSpace\ResearchCode\LLM4DSL\verilog\Verilog-benchmark\dataset_code-complete-iccad2023/Prob073_dff16e_test.sv:21: error: malformed statement
D:\WorkSpace\ResearchCode\LLM4DSL\verilog\Verilog-benchmark\dataset_code-complete-iccad2023/Prob073_dff16e_test.sv:22: syntax error
D:\WorkSpace\ResearchCode\LLM4DSL\verilog\Verilog-benchmark\dataset_code-complete-iccad2023/Prob073_dff16e_test.sv:24: error: malformed statement
D:\WorkSpace\ResearchCode\LLM4DSL\verilog\Verilog-benchmark\dataset_code-complete-iccad2023/Prob073_dff16e_test.sv:26: syntax error
D:\WorkSpace\ResearchCode\LLM4DSL\verilog\Verilog-benchmark\dataset_code-complete-iccad2023/Prob073_dff16e_test.sv:29: error: malformed statement
D:\WorkSpace\ResearchCode\LLM4DSL\verilog\Verilog-benchmark\dataset_code-complete-iccad2023/Prob073_dff16e_test.sv:30: syntax error
D:\WorkSpace\ResearchCode\LLM4DSL\verilog\Verilog-benchmark\dataset_code-complete-iccad2023/Prob073_dff16e_test.sv:30: error: malformed statement
D:\WorkSpace\ResearchCode\LLM4DSL\verilog\Verilog-benchmark\dataset_code-complete-iccad2023/Prob073_dff16e_test.sv:49: syntax error
D:\WorkSpace\ResearchCode\LLM4DSL\verilog\Verilog-benchmark\dataset_code-complete-iccad2023/Prob073_dff16e_test.sv:53: Syntax in assignment statement l-value.
