Problem: Prob079_fsm3onehot
Code file: results\gemma3_12b_0shot_temp0_0_topP0_01_promptv1\Prob079_fsm3onehot/Prob079_fsm3onehot_sample01.sv
Compilation: FAILED
==================================================
=== Static Analysis ===
PASS: No simulation-hanging patterns detected
==================================================
Compilation failed (exit code 8):

results\gemma3_12b_0shot_temp0_0_topP0_01_promptv1\Prob079_fsm3onehot/Prob079_fsm3onehot_sample01.sv:33: syntax error
D:\WorkSpace\ResearchCode\LLM4DSL\verilog\Verilog-benchmark\dataset_code-complete-iccad2023/Prob079_fsm3onehot_test.sv:11: error: malformed statement
D:\WorkSpace\ResearchCode\LLM4DSL\verilog\Verilog-benchmark\dataset_code-complete-iccad2023/Prob079_fsm3onehot_test.sv:13: syntax error
D:\WorkSpace\ResearchCode\LLM4DSL\verilog\Verilog-benchmark\dataset_code-complete-iccad2023/Prob079_fsm3onehot_test.sv:16: Syntax in assignment statement l-value.
D:\WorkSpace\ResearchCode\LLM4DSL\verilog\Verilog-benchmark\dataset_code-complete-iccad2023/Prob079_fsm3onehot_test.sv:20: syntax error
D:\WorkSpace\ResearchCode\LLM4DSL\verilog\Verilog-benchmark\dataset_code-complete-iccad2023/Prob079_fsm3onehot_test.sv:20: error: invalid module item.
D:\WorkSpace\ResearchCode\LLM4DSL\verilog\Verilog-benchmark\dataset_code-complete-iccad2023/Prob079_fsm3onehot_test.sv:21: syntax error
D:\WorkSpace\ResearchCode\LLM4DSL\verilog\Verilog-benchmark\dataset_code-complete-iccad2023/Prob079_fsm3onehot_test.sv:25: error: invalid module item.
