Problem: Prob063_review2015_shiftcount
Code file: results\gemma3_12b_0shot_temp0_0_topP0_01_promptv1\Prob063_review2015_shiftcount/Prob063_review2015_shiftcount_sample01.sv
Compilation: FAILED
==================================================
=== Static Analysis ===
PASS: No simulation-hanging patterns detected
==================================================
Compilation failed (exit code 8):

results\gemma3_12b_0shot_temp0_0_topP0_01_promptv1\Prob063_review2015_shiftcount/Prob063_review2015_shiftcount_sample01.sv:17: syntax error
D:\WorkSpace\ResearchCode\LLM4DSL\verilog\Verilog-benchmark\dataset_code-complete-iccad2023/Prob063_review2015_shiftcount_test.sv:11: error: malformed statement
D:\WorkSpace\ResearchCode\LLM4DSL\verilog\Verilog-benchmark\dataset_code-complete-iccad2023/Prob063_review2015_shiftcount_test.sv:18: syntax error
D:\WorkSpace\ResearchCode\LLM4DSL\verilog\Verilog-benchmark\dataset_code-complete-iccad2023/Prob063_review2015_shiftcount_test.sv:18: error: malformed statement
D:\WorkSpace\ResearchCode\LLM4DSL\verilog\Verilog-benchmark\dataset_code-complete-iccad2023/Prob063_review2015_shiftcount_test.sv:19: syntax error
D:\WorkSpace\ResearchCode\LLM4DSL\verilog\Verilog-benchmark\dataset_code-complete-iccad2023/Prob063_review2015_shiftcount_test.sv:21: error: malformed statement
D:\WorkSpace\ResearchCode\LLM4DSL\verilog\Verilog-benchmark\dataset_code-complete-iccad2023/Prob063_review2015_shiftcount_test.sv:23: syntax error
D:\WorkSpace\ResearchCode\LLM4DSL\verilog\Verilog-benchmark\dataset_code-complete-iccad2023/Prob063_review2015_shiftcount_test.sv:28: Syntax in assignment statement l-value.
