Problem: Prob089_ece241_2014_q5a
Code file: results\gemma3_12b_0shot_temp0_0_topP0_01_promptv1\Prob089_ece241_2014_q5a/Prob089_ece241_2014_q5a_sample01.sv
Compilation: FAILED
==================================================
=== Static Analysis ===
PASS: No simulation-hanging patterns detected
==================================================
Compilation failed (exit code 6):

results\gemma3_12b_0shot_temp0_0_topP0_01_promptv1\Prob089_ece241_2014_q5a/Prob089_ece241_2014_q5a_sample01.sv:22: error: z is not a valid l-value in tb.top_module1.
results\gemma3_12b_0shot_temp0_0_topP0_01_promptv1\Prob089_ece241_2014_q5a/Prob089_ece241_2014_q5a_sample01.sv:6:      : z is declared here as wire.
results\gemma3_12b_0shot_temp0_0_topP0_01_promptv1\Prob089_ece241_2014_q5a/Prob089_ece241_2014_q5a_sample01.sv:25: error: z is not a valid l-value in tb.top_module1.
results\gemma3_12b_0shot_temp0_0_topP0_01_promptv1\Prob089_ece241_2014_q5a/Prob089_ece241_2014_q5a_sample01.sv:6:      : z is declared here as wire.
results\gemma3_12b_0shot_temp0_0_topP0_01_promptv1\Prob089_ece241_2014_q5a/Prob089_ece241_2014_q5a_sample01.sv:26: error: z is not a valid l-value in tb.top_module1.
results\gemma3_12b_0shot_temp0_0_topP0_01_promptv1\Prob089_ece241_2014_q5a/Prob089_ece241_2014_q5a_sample01.sv:6:      : z is declared here as wire.
results\gemma3_12b_0shot_temp0_0_topP0_01_promptv1\Prob089_ece241_2014_q5a/Prob089_ece241_2014_q5a_sample01.sv:27: error: z is not a valid l-value in tb.top_module1.
results\gemma3_12b_0shot_temp0_0_topP0_01_promptv1\Prob089_ece241_2014_q5a/Prob089_ece241_2014_q5a_sample01.sv:6:      : z is declared here as wire.
results\gemma3_12b_0shot_temp0_0_topP0_01_promptv1\Prob089_ece241_2014_q5a/Prob089_ece241_2014_q5a_sample01.sv:28: error: z is not a valid l-value in tb.top_module1.
results\gemma3_12b_0shot_temp0_0_topP0_01_promptv1\Prob089_ece241_2014_q5a/Prob089_ece241_2014_q5a_sample01.sv:6:      : z is declared here as wire.
results\gemma3_12b_0shot_temp0_0_topP0_01_promptv1\Prob089_ece241_2014_q5a/Prob089_ece241_2014_q5a_sample01.sv:29: error: z is not a valid l-value in tb.top_module1.
results\gemma3_12b_0shot_temp0_0_topP0_01_promptv1\Prob089_ece241_2014_q5a/Prob089_ece241_2014_q5a_sample01.sv:6:      : z is declared here as wire.
6 error(s) during elaboration.
