=== Static Analysis ===
PASS: No simulation-hanging patterns detected
==================================================
=== Compilation ===
Return code: 3
results/gpt_oss_20b_0shot_temp0_0_topP0_01_iterative\Prob101_circuit4\attempt_1\Prob101_circuit4_code.sv:9: syntax error
D:\WorkSpace\ResearchCode\LLM4DSL\verilog\Verilog-benchmark\dataset_code-complete-iccad2023/Prob101_circuit4_test.sv:1: error: `timescale directive can not be inside a module definition.
results/gpt_oss_20b_0shot_temp0_0_topP0_01_iterative\Prob101_circuit4\attempt_1\Prob101_circuit4_code.sv:9: error: Invalid module instantiation
