=== Static Analysis ===
PASS: No simulation-hanging patterns detected
==================================================
=== Compilation ===
Return code: 3
results/gpt_oss_20b_0shot_temp0_0_topP0_01_iterative\Prob073_dff16e\attempt_1\Prob073_dff16e_code.sv:9: syntax error
D:\WorkSpace\ResearchCode\LLM4DSL\verilog\Verilog-benchmark\dataset_code-complete-iccad2023/Prob073_dff16e_test.sv:1: error: `timescale directive can not be inside a module definition.
D:\WorkSpace\ResearchCode\LLM4DSL\verilog\Verilog-benchmark\dataset_code-complete-iccad2023/Prob073_dff16e_test.sv:13: error: invalid module item.
