=== Static Analysis ===
PASS: No simulation-hanging patterns detected
==================================================
=== Compilation ===
Return code: 3
results/gemma3_12b_0shot_temp0_0_topP0_01_iterative\Prob107_fsm1s\attempt_2\Prob107_fsm1s_code.sv:45: error: out is not a valid l-value in tb.top_module1.
results/gemma3_12b_0shot_temp0_0_topP0_01_iterative\Prob107_fsm1s\attempt_2\Prob107_fsm1s_code.sv:6:      : out is declared here as wire.
results/gemma3_12b_0shot_temp0_0_topP0_01_iterative\Prob107_fsm1s\attempt_2\Prob107_fsm1s_code.sv:46: error: out is not a valid l-value in tb.top_module1.
results/gemma3_12b_0shot_temp0_0_topP0_01_iterative\Prob107_fsm1s\attempt_2\Prob107_fsm1s_code.sv:6:      : out is declared here as wire.
results/gemma3_12b_0shot_temp0_0_topP0_01_iterative\Prob107_fsm1s\attempt_2\Prob107_fsm1s_code.sv:47: error: out is not a valid l-value in tb.top_module1.
results/gemma3_12b_0shot_temp0_0_topP0_01_iterative\Prob107_fsm1s\attempt_2\Prob107_fsm1s_code.sv:6:      : out is declared here as wire.
3 error(s) during elaboration.
