=== Static Analysis ===
PASS: No simulation-hanging patterns detected
==================================================
=== Compilation ===
Return code: 5
results/gemma3_12b_0shot_temp0_8_topP0_95_iterative\Prob050_kmap1\attempt_3\Prob050_kmap1_code.sv:8: warning: macro assign undefined (and assumed null) at this point.
results/gemma3_12b_0shot_temp0_8_topP0_95_iterative\Prob050_kmap1\attempt_3\Prob050_kmap1_code.sv:19: warning: macro out undefined (and assumed null) at this point.
results/gemma3_12b_0shot_temp0_8_topP0_95_iterative\Prob050_kmap1\attempt_3\Prob050_kmap1_code.sv:26: warning: macro out undefined (and assumed null) at this point.
results/gemma3_12b_0shot_temp0_8_topP0_95_iterative\Prob050_kmap1\attempt_3\Prob050_kmap1_code.sv:8: syntax error
results/gemma3_12b_0shot_temp0_8_topP0_95_iterative\Prob050_kmap1\attempt_3\Prob050_kmap1_code.sv:8: error: Invalid module instantiation
results/gemma3_12b_0shot_temp0_8_topP0_95_iterative\Prob050_kmap1\attempt_3\Prob050_kmap1_code.sv:8: error: Stray tic (`) here. Perhaps you put white space
results/gemma3_12b_0shot_temp0_8_topP0_95_iterative\Prob050_kmap1\attempt_3\Prob050_kmap1_code.sv:8:      : between the tic and preprocessor directive?
results/gemma3_12b_0shot_temp0_8_topP0_95_iterative\Prob050_kmap1\attempt_3\Prob050_kmap1_code.sv:19: error: Stray tic (`) here. Perhaps you put white space
results/gemma3_12b_0shot_temp0_8_topP0_95_iterative\Prob050_kmap1\attempt_3\Prob050_kmap1_code.sv:19:      : between the tic and preprocessor directive?
results/gemma3_12b_0shot_temp0_8_topP0_95_iterative\Prob050_kmap1\attempt_3\Prob050_kmap1_code.sv:8: error: Invalid module instantiation
