=== Static Analysis ===
PASS: No simulation-hanging patterns detected
==================================================
=== Compilation ===
Return code: 5
results/glm_4_6_0shot_temp0_0_topP0_01_iterative\Prob093_ece241_2014_q3\attempt_2\Prob093_ece241_2014_q3_code.sv:8: syntax error
results/glm_4_6_0shot_temp0_0_topP0_01_iterative\Prob093_ece241_2014_q3\attempt_2\Prob093_ece241_2014_q3_code.sv:8: error: Invalid module instantiation
D:\WorkSpace\ResearchCode\LLM4DSL\verilog\Verilog-benchmark\dataset_code-complete-iccad2023/Prob093_ece241_2014_q3_test.sv:1: error: `timescale directive can not be inside a module definition.
D:\WorkSpace\ResearchCode\LLM4DSL\verilog\Verilog-benchmark\dataset_code-complete-iccad2023/Prob093_ece241_2014_q3_ref.sv:15: syntax error
I give up.
