{
  "problem_name": "Prob155_lemmings4",
  "model_name": "phi4:14b",
  "parameters": {
    "temperature": 0.0,
    "top_p": 0.01,
    "max_compile_attempts": 3,
    "max_test_attempts": 3
  },
  "compile_attempts": 2,
  "test_attempts": 3,
  "total_attempts": 5,
  "final_compile_success": true,
  "final_test_success": false,
  "first_attempt_compile_success": false,
  "first_attempt_test_success": false,
  "improved_by_iteration": true,
  "history": [
    {
      "attempt": 1,
      "phase": "initial",
      "compile_success": false,
      "compile_error": "=== Static Analysis ===\nPASS: No simulation-hanging patterns detected\n==================================================\n=== Compilation ===\nReturn code: 3\nresults/phi4_14b_0shot_temp0_0_topP0_01_iterative\\Prob155_lemmings4\\attempt_1\\Prob155_lemmings4_code.sv:80: error: Unable to bind wire/reg/memory `SPLITTER' in `tb.top_module1'\nresults/phi4_14b_0shot_temp0_0_topP0_01_iterative\\Prob155_lemmings4\\attempt_1\\Prob155_lemmings4_code.sv:118: error: Unable to bind wire/reg/memory `SPLITTER' in `tb.top_module1'\nresults/phi4_14b_0shot_temp0_0_topP0_01_iterative\\Prob155_lemmings4\\attempt_1\\Prob155_lemmings4_code.sv:118: error: Unable to elaborate condition expression.\n3 error(s) during elaboration.\n",
      "test_success": null,
      "test_error": null,
      "mismatch_count": null
    },
    {
      "attempt": 2,
      "phase": "compile_fix",
      "compile_success": true,
      "compile_error": null,
      "test_success": false,
      "test_error": "=== Test Execution ===\nReturn code: 0\nVCD info: dumpfile wave.vcd opened for output.\nHint: Output 'walk_left' has 75 mismatches. First mismatch occurred at time 110.\nHint: Output 'walk_right' has 48 mismatches. First mismatch occurred at time 800.\nHint: Output 'aaah' has 304 mismatches. First mismatch occurred at time 110.\nHint: Output 'digging' has 115 mismatches. First mismatch occurred at time 3140.\nHint: Total mismatched samples is 338 out of 1003 samples\n\nSimulation finished at 5016 ps\nMismatches: 338 in 1003 samples\n",
      "mismatch_count": 338
    },
    {
      "attempt": 3,
      "phase": "test_fix",
      "compile_success": false,
      "compile_error": "=== Static Analysis ===\nPASS: No simulation-hanging patterns detected\n==================================================\n=== Compilation ===\nReturn code: 18\nresults/phi4_14b_0shot_temp0_0_topP0_01_iterative\\Prob155_lemmings4\\attempt_3\\Prob155_lemmings4_code.sv:16: error: Could not find variable ``current_state'' in ``tb.top_module1''\nresults/phi4_14b_0shot_temp0_0_topP0_01_iterative\\Prob155_lemmings4\\attempt_3\\Prob155_lemmings4_code.sv:17: error: Could not find variable ``fall_counter'' in ``tb.top_module1''\nresults/phi4_14b_0shot_temp0_0_topP0_01_iterative\\Prob155_lemmings4\\attempt_3\\Prob155_lemmings4_code.sv:19: error: Could not find variable ``current_state'' in ``tb.top_module1''\nresults/phi4_14b_0shot_temp0_0_topP0_01_iterative\\Prob155_lemmings4\\attempt_3\\Prob155_lemmings4_code.sv:20: error: Unable to bind wire/reg/memory `current_state' in `tb.top_module1'\nresults/phi4_14b_0shot_temp0_0_topP0_01_iterative\\Prob155_lemmings4\\attempt_3\\Prob155_lemmings4_code.sv:20: error: Unable to bind wire/reg/memory `FALLING' in `tb.top_module1'\nresults/phi4_14b_0shot_temp0_0_topP0_01_iterative\\Prob155_lemmings4\\attempt_3\\Prob155_lemmings4_code.sv:20: error: Unable to elaborate condition expression.\nresults/phi4_14b_0shot_temp0_0_topP0_01_iterative\\Prob155_lemmings4\\attempt_3\\Prob155_lemmings4_code.sv:32: error: walk_left is not a valid l-value in tb.top_module1.\nresults/phi4_14b_0shot_temp0_0_topP0_01_iterative\\Prob155_lemmings4\\attempt_3\\Prob155_lemmings4_code.sv:9:      : walk_left is declared here as wire.\nresults/phi4_14b_0shot_temp0_0_topP0_01_iterative\\Prob155_lemmings4\\attempt_3\\Prob155_lemmings4_code.sv:33: error: walk_right is not a valid l-value in tb.top_module1.\nresults/phi4_14b_0shot_temp0_0_topP0_01_iterative\\Prob155_lemmings4\\attempt_3\\Prob155_lemmings4_code.sv:10:      : walk_right is declared here as wire.\nresults/phi4_14b_0shot_temp0_0_topP0_01_iterative\\Prob155_lemmings4\\attempt_3\\Prob155_lemmings4_code.sv:34: error: aaah is not a valid l-value in tb.top_module1.\nresults/phi4_14b_0shot_temp0_0_topP0_01_iterative\\Prob155_lemmings4\\attempt_3\\Prob155_lemmings4_code.sv:11:      : aaah is declared here as wire.\nresults/phi4_14b_0shot_temp0_0_topP0_01_iterative\\Prob155_lemmings4\\attempt_3\\Prob155_lemmings4_code.sv:35: error: digging is not a valid l-value in tb.top_module1.\nresults/phi4_14b_0shot_temp0_0_topP0_01_iterative\\Prob155_lemmings4\\attempt_3\\Prob155_lemmings4_code.sv:12:      : digging is declared here as wire.\nresults/phi4_14b_0shot_temp0_0_topP0_01_iterative\\Prob155_lemmings4\\attempt_3\\Prob155_lemmings4_code.sv:37: error: Unable to bind wire/reg/memory `current_state' in `tb.top_module1'\nresults/phi4_14b_0shot_temp0_0_topP0_01_iterative\\Prob155_lemmings4\\attempt_3\\Prob155_lemmings4_code.sv:37: error: Unable to elaborate this case expression.\nresults/phi4_14b_0shot_temp0_0_topP0_01_iterative\\Prob155_lemmings4\\attempt_3\\Prob155_lemmings4_code.sv:110: error: walk_left is not a valid l-value in tb.top_module1.\nresults/phi4_14b_0shot_temp0_0_topP0_01_iterative\\Prob155_lemmings4\\attempt_3\\Prob155_lemmings4_code.sv:9:      : walk_left is declared here as wire.\nresults/phi4_14b_0shot_temp0_0_topP0_01_iterative\\Prob155_lemmings4\\attempt_3\\Prob155_lemmings4_code.sv:111: error: walk_right is not a valid l-value in tb.top_module1.\nresults/phi4_14b_0shot_temp0_0_topP0_01_iterative\\Prob155_lemmings4\\attempt_3\\Prob155_lemmings4_code.sv:10:      : walk_right is declared here as wire.\nresults/phi4_14b_0shot_temp0_0_topP0_01_iterative\\Prob155_lemmings4\\attempt_3\\Prob155_lemmings4_code.sv:112: error: aaah is not a valid l-value in tb.top_module1.\nresults/phi4_14b_0shot_temp0_0_topP0_01_iterative\\Prob155_lemmings4\\attempt_3\\Prob155_lemmings4_code.sv:11:      : aaah is declared here as wire.\nresults/phi4_14b_0shot_temp0_0_topP0_01_iterative\\Prob155_lemmings4\\attempt_3\\Prob155_lemmings4_code.sv:113: error: digging is not a valid l-value in tb.top_module1.\nresults/phi4_14b_0shot_temp0_0_topP0_01_iterative\\Prob155_lemmings4\\attempt_3\\Prob155_lemmings4_code.sv:12:      : digging is declared here as wire.\nresults/phi4_14b_0shot_temp0_0_topP0_01_iterative\\Prob155_lemmings4\\attempt_3\\Prob155_lemmings4_code.sv:114: error: Unable to bind wire/reg/memory `current_state' in `tb.top_module1'\nresults/phi4_14b_0shot_temp0_0_topP0_01_iterative\\Prob155_lemmings4\\attempt_3\\Prob155_lemmings4_code.sv:114: error: Unable to bind wire/reg/memory `SPLITTER' in `tb.top_module1'\nresults/phi4_14b_0shot_temp0_0_topP0_01_iterative\\Prob155_lemmings4\\attempt_3\\Prob155_lemmings4_code.sv:114: error: Unable to elaborate condition expression.\nresults/phi4_14b_0shot_temp0_0_topP0_01_iterative\\Prob155_lemmings4\\attempt_3\\Prob155_lemmings4_code.sv:30: warning: always_comb process has no sensitivities.\n18 error(s) during elaboration.\n",
      "test_success": null,
      "test_error": null,
      "mismatch_count": null
    },
    {
      "attempt": 4,
      "phase": "test_fix",
      "compile_success": false,
      "compile_error": "=== Static Analysis ===\nPASS: No simulation-hanging patterns detected\n==================================================\n=== Compilation ===\nReturn code: 18\nresults/phi4_14b_0shot_temp0_0_topP0_01_iterative\\Prob155_lemmings4\\attempt_4\\Prob155_lemmings4_code.sv:16: error: Could not find variable ``current_state'' in ``tb.top_module1''\nresults/phi4_14b_0shot_temp0_0_topP0_01_iterative\\Prob155_lemmings4\\attempt_4\\Prob155_lemmings4_code.sv:17: error: Could not find variable ``fall_counter'' in ``tb.top_module1''\nresults/phi4_14b_0shot_temp0_0_topP0_01_iterative\\Prob155_lemmings4\\attempt_4\\Prob155_lemmings4_code.sv:19: error: Could not find variable ``current_state'' in ``tb.top_module1''\nresults/phi4_14b_0shot_temp0_0_topP0_01_iterative\\Prob155_lemmings4\\attempt_4\\Prob155_lemmings4_code.sv:20: error: Unable to bind wire/reg/memory `current_state' in `tb.top_module1'\nresults/phi4_14b_0shot_temp0_0_topP0_01_iterative\\Prob155_lemmings4\\attempt_4\\Prob155_lemmings4_code.sv:20: error: Unable to bind wire/reg/memory `FALLING' in `tb.top_module1'\nresults/phi4_14b_0shot_temp0_0_topP0_01_iterative\\Prob155_lemmings4\\attempt_4\\Prob155_lemmings4_code.sv:20: error: Unable to elaborate condition expression.\nresults/phi4_14b_0shot_temp0_0_topP0_01_iterative\\Prob155_lemmings4\\attempt_4\\Prob155_lemmings4_code.sv:32: error: walk_left is not a valid l-value in tb.top_module1.\nresults/phi4_14b_0shot_temp0_0_topP0_01_iterative\\Prob155_lemmings4\\attempt_4\\Prob155_lemmings4_code.sv:9:      : walk_left is declared here as wire.\nresults/phi4_14b_0shot_temp0_0_topP0_01_iterative\\Prob155_lemmings4\\attempt_4\\Prob155_lemmings4_code.sv:33: error: walk_right is not a valid l-value in tb.top_module1.\nresults/phi4_14b_0shot_temp0_0_topP0_01_iterative\\Prob155_lemmings4\\attempt_4\\Prob155_lemmings4_code.sv:10:      : walk_right is declared here as wire.\nresults/phi4_14b_0shot_temp0_0_topP0_01_iterative\\Prob155_lemmings4\\attempt_4\\Prob155_lemmings4_code.sv:34: error: aaah is not a valid l-value in tb.top_module1.\nresults/phi4_14b_0shot_temp0_0_topP0_01_iterative\\Prob155_lemmings4\\attempt_4\\Prob155_lemmings4_code.sv:11:      : aaah is declared here as wire.\nresults/phi4_14b_0shot_temp0_0_topP0_01_iterative\\Prob155_lemmings4\\attempt_4\\Prob155_lemmings4_code.sv:35: error: digging is not a valid l-value in tb.top_module1.\nresults/phi4_14b_0shot_temp0_0_topP0_01_iterative\\Prob155_lemmings4\\attempt_4\\Prob155_lemmings4_code.sv:12:      : digging is declared here as wire.\nresults/phi4_14b_0shot_temp0_0_topP0_01_iterative\\Prob155_lemmings4\\attempt_4\\Prob155_lemmings4_code.sv:37: error: Unable to bind wire/reg/memory `current_state' in `tb.top_module1'\nresults/phi4_14b_0shot_temp0_0_topP0_01_iterative\\Prob155_lemmings4\\attempt_4\\Prob155_lemmings4_code.sv:37: error: Unable to elaborate this case expression.\nresults/phi4_14b_0shot_temp0_0_topP0_01_iterative\\Prob155_lemmings4\\attempt_4\\Prob155_lemmings4_code.sv:110: error: walk_left is not a valid l-value in tb.top_module1.\nresults/phi4_14b_0shot_temp0_0_topP0_01_iterative\\Prob155_lemmings4\\attempt_4\\Prob155_lemmings4_code.sv:9:      : walk_left is declared here as wire.\nresults/phi4_14b_0shot_temp0_0_topP0_01_iterative\\Prob155_lemmings4\\attempt_4\\Prob155_lemmings4_code.sv:111: error: walk_right is not a valid l-value in tb.top_module1.\nresults/phi4_14b_0shot_temp0_0_topP0_01_iterative\\Prob155_lemmings4\\attempt_4\\Prob155_lemmings4_code.sv:10:      : walk_right is declared here as wire.\nresults/phi4_14b_0shot_temp0_0_topP0_01_iterative\\Prob155_lemmings4\\attempt_4\\Prob155_lemmings4_code.sv:112: error: aaah is not a valid l-value in tb.top_module1.\nresults/phi4_14b_0shot_temp0_0_topP0_01_iterative\\Prob155_lemmings4\\attempt_4\\Prob155_lemmings4_code.sv:11:      : aaah is declared here as wire.\nresults/phi4_14b_0shot_temp0_0_topP0_01_iterative\\Prob155_lemmings4\\attempt_4\\Prob155_lemmings4_code.sv:113: error: digging is not a valid l-value in tb.top_module1.\nresults/phi4_14b_0shot_temp0_0_topP0_01_iterative\\Prob155_lemmings4\\attempt_4\\Prob155_lemmings4_code.sv:12:      : digging is declared here as wire.\nresults/phi4_14b_0shot_temp0_0_topP0_01_iterative\\Prob155_lemmings4\\attempt_4\\Prob155_lemmings4_code.sv:114: error: Unable to bind wire/reg/memory `current_state' in `tb.top_module1'\nresults/phi4_14b_0shot_temp0_0_topP0_01_iterative\\Prob155_lemmings4\\attempt_4\\Prob155_lemmings4_code.sv:114: error: Unable to bind wire/reg/memory `SPLITTER' in `tb.top_module1'\nresults/phi4_14b_0shot_temp0_0_topP0_01_iterative\\Prob155_lemmings4\\attempt_4\\Prob155_lemmings4_code.sv:114: error: Unable to elaborate condition expression.\nresults/phi4_14b_0shot_temp0_0_topP0_01_iterative\\Prob155_lemmings4\\attempt_4\\Prob155_lemmings4_code.sv:30: warning: always_comb process has no sensitivities.\n18 error(s) during elaboration.\n",
      "test_success": null,
      "test_error": null,
      "mismatch_count": null
    },
    {
      "attempt": 5,
      "phase": "test_fix",
      "compile_success": false,
      "compile_error": "=== Static Analysis ===\nPASS: No simulation-hanging patterns detected\n==================================================\n=== Compilation ===\nReturn code: 81\nresults/phi4_14b_0shot_temp0_0_topP0_01_iterative\\Prob155_lemmings4\\attempt_5\\Prob155_lemmings4_code.sv:14: syntax error\nresults/phi4_14b_0shot_temp0_0_topP0_01_iterative\\Prob155_lemmings4\\attempt_5\\Prob155_lemmings4_code.sv:14: error: Invalid module instantiation\nresults/phi4_14b_0shot_temp0_0_topP0_01_iterative\\Prob155_lemmings4\\attempt_5\\Prob155_lemmings4_code.sv:26: error: Invalid module instantiation\nresults/phi4_14b_0shot_temp0_0_topP0_01_iterative\\Prob155_lemmings4\\attempt_5\\Prob155_lemmings4_code.sv:28: error: invalid module item.\nresults/phi4_14b_0shot_temp0_0_topP0_01_iterative\\Prob155_lemmings4\\attempt_5\\Prob155_lemmings4_code.sv:31: syntax error\nresults/phi4_14b_0shot_temp0_0_topP0_01_iterative\\Prob155_lemmings4\\attempt_5\\Prob155_lemmings4_code.sv:31: error: Invalid module instantiation\nresults/phi4_14b_0shot_temp0_0_topP0_01_iterative\\Prob155_lemmings4\\attempt_5\\Prob155_lemmings4_code.sv:34: syntax error\nresults/phi4_14b_0shot_temp0_0_topP0_01_iterative\\Prob155_lemmings4\\attempt_5\\Prob155_lemmings4_code.sv:34: error: Invalid module instantiation\nresults/phi4_14b_0shot_temp0_0_topP0_01_iterative\\Prob155_lemmings4\\attempt_5\\Prob155_lemmings4_code.sv:41: error: invalid module item.\nresults/phi4_14b_0shot_temp0_0_topP0_01_iterative\\Prob155_lemmings4\\attempt_5\\Prob155_lemmings4_code.sv:42: syntax error\nresults/phi4_14b_0shot_temp0_0_topP0_01_iterative\\Prob155_lemmings4\\attempt_5\\Prob155_lemmings4_code.sv:42: error: Invalid module instantiation\nresults/phi4_14b_0shot_temp0_0_topP0_01_iterative\\Prob155_lemmings4\\attempt_5\\Prob155_lemmings4_code.sv:43: error: Invalid module instantiation\nresults/phi4_14b_0shot_temp0_0_topP0_01_iterative\\Prob155_lemmings4\\attempt_5\\Prob155_lemmings4_code.sv:44: error: Invalid module instantiation\nresults/phi4_14b_0shot_temp0_0_topP0_01_iterative\\Prob155_lemmings4\\attempt_5\\Prob155_lemmings4_code.sv:48: syntax error\nresults/phi4_14b_0shot_temp0_0_topP0_01_iterative\\Prob155_lemmings4\\attempt_5\\Prob155_lemmings4_code.sv:48: error: Invalid module instantiation\nresults/phi4_14b_0shot_temp0_0_topP0_01_iterative\\Prob155_lemmings4\\attempt_5\\Prob155_lemmings4_code.sv:50: syntax error\nresults/phi4_14b_0shot_temp0_0_topP0_01_iterative\\Prob155_lemmings4\\attempt_5\\Prob155_lemmings4_code.sv:50: error: Invalid module instantiation\nresults/phi4_14b_0shot_temp0_0_topP0_01_iterative\\Prob155_lemmings4\\attempt_5\\Prob155_lemmings4_code.sv:52: syntax error\nresults/phi4_14b_0shot_temp0_0_topP0_01_iterative\\Prob155_lemmings4\\attempt_5\\Prob155_lemmings4_code.sv:52: error: Invalid module instantiation\nresults/phi4_14b_0shot_temp0_0_topP0_01_iterative\\Prob155_lemmings4\\attempt_5\\Prob155_lemmings4_code.sv:54: syntax error\nresults/phi4_14b_0shot_temp0_0_topP0_01_iterative\\Prob155_lemmings4\\attempt_5\\Prob155_lemmings4_code.sv:54: error: Invalid module instantiation\nresults/phi4_14b_0shot_temp0_0_topP0_01_iterative\\Prob155_lemmings4\\attempt_5\\Prob155_lemmings4_code.sv:56: syntax error\nresults/phi4_14b_0shot_temp0_0_topP0_01_iterative\\Prob155_lemmings4\\attempt_5\\Prob155_lemmings4_code.sv:56: error: Invalid module instantiation\nresults/phi4_14b_0shot_temp0_0_topP0_01_iterative\\Prob155_lemmings4\\attempt_5\\Prob155_lemmings4_code.sv:61: syntax error\nresults/phi4_14b_0shot_temp0_0_topP0_01_iterative\\Prob155_lemmings4\\attempt_5\\Prob155_lemmings4_code.sv:61: error: Invalid module instantiation\nresults/phi4_14b_0shot_temp0_0_topP0_01_iterative\\Prob155_lemmings4\\attempt_5\\Prob155_lemmings4_code.sv:63: syntax error\nresults/phi4_14b_0shot_temp0_0_topP0_01_iterative\\Prob155_lemmings4\\attempt_5\\Prob155_lemmings4_code.sv:63: error: Invalid module instantiation\nresults/phi4_14b_0shot_temp0_0_topP0_01_iterative\\Prob155_lemmings4\\attempt_5\\Prob155_lemmings4_code.sv:65: syntax error\nresults/phi4_14b_0shot_temp0_0_topP0_01_iterative\\Prob155_lemmings4\\attempt_5\\Prob155_lemmings4_code.sv:65: error: Invalid module instantiation\nresults/phi4_14b_0shot_temp0_0_topP0_01_iterative\\Prob155_lemmings4\\attempt_5\\Prob155_lemmings4_code.sv:67: syntax error\nresults/phi4_14b_0shot_temp0_0_topP0_01_iterative\\Prob155_lemmings4\\attempt_5\\Prob155_lemmings4_code.sv:67: error: Invalid module instantiation\nresults/phi4_14b_0shot_temp0_0_topP0_01_iterative\\Prob155_lemmings4\\attempt_5\\Prob155_lemmings4_code.sv:69: syntax error\nresults/phi4_14b_0shot_temp0_0_topP0_01_iterative\\Prob155_lemmings4\\attempt_5\\Prob155_lemmings4_code.sv:69: error: Invalid module instantiation\nresults/phi4_14b_0shot_temp0_0_topP0_01_iterative\\Prob155_lemmings4\\attempt_5\\Prob155_lemmings4_code.sv:74: syntax error\nresults/phi4_14b_0shot_temp0_0_topP0_01_iterative\\Prob155_lemmings4\\attempt_5\\Prob155_lemmings4_code.sv:74: error: Invalid module instantiation\nresults/phi4_14b_0shot_temp0_0_topP0_01_iterative\\Prob155_lemmings4\\attempt_5\\Prob155_lemmings4_code.sv:77: syntax error\nresults/phi4_14b_0shot_temp0_0_topP0_01_iterative\\Prob155_lemmings4\\attempt_5\\Prob155_lemmings4_code.sv:77: error: Invalid module instantiation\nresults/phi4_14b_0shot_temp0_0_topP0_01_iterative\\Prob155_lemmings4\\attempt_5\\Prob155_lemmings4_code.sv:81: syntax error\nresults/phi4_14b_0shot_temp0_0_topP0_01_iterative\\Prob155_lemmings4\\attempt_5\\Prob155_lemmings4_code.sv:81: error: Invalid module instantiation\nresults/phi4_14b_0shot_temp0_0_topP0_01_iterative\\Prob155_lemmings4\\attempt_5\\Prob155_lemmings4_code.sv:83: syntax error\nresults/phi4_14b_0shot_temp0_0_topP0_01_iterative\\Prob155_lemmings4\\attempt_5\\Prob155_lemmings4_code.sv:83: error: Invalid module instantiation\nresults/phi4_14b_0shot_temp0_0_topP0_01_iterative\\Prob155_lemmings4\\attempt_5\\Prob155_lemmings4_code.sv:86: syntax error\nresults/phi4_14b_0shot_temp0_0_topP0_01_iterative\\Prob155_lemmings4\\attempt_5\\Prob155_lemmings4_code.sv:86: error: Invalid module instantiation\nresults/phi4_14b_0shot_temp0_0_topP0_01_iterative\\Prob155_lemmings4\\attempt_5\\Prob155_lemmings4_code.sv:91: syntax error\nresults/phi4_14b_0shot_temp0_0_topP0_01_iterative\\Prob155_lemmings4\\attempt_5\\Prob155_lemmings4_code.sv:91: error: Invalid module instantiation\nresults/phi4_14b_0shot_temp0_0_topP0_01_iterative\\Prob155_lemmings4\\attempt_5\\Prob155_lemmings4_code.sv:93: syntax error\nresults/phi4_14b_0shot_temp0_0_topP0_01_iterative\\Prob155_lemmings4\\attempt_5\\Prob155_lemmings4_code.sv:93: error: Invalid module instantiation\nresults/phi4_14b_0shot_temp0_0_topP0_01_iterative\\Prob155_lemmings4\\attempt_5\\Prob155_lemmings4_code.sv:97: syntax error\nresults/phi4_14b_0shot_temp0_0_topP0_01_iterative\\Prob155_lemmings4\\attempt_5\\Prob155_lemmings4_code.sv:97: error: Invalid module instantiation\nresults/phi4_14b_0shot_temp0_0_topP0_01_iterative\\Prob155_lemmings4\\attempt_5\\Prob155_lemmings4_code.sv:99: syntax error\nresults/phi4_14b_0shot_temp0_0_topP0_01_iterative\\Prob155_lemmings4\\attempt_5\\Prob155_lemmings4_code.sv:99: error: Invalid module instantiation\nresults/phi4_14b_0shot_temp0_0_topP0_01_iterative\\Prob155_lemmings4\\attempt_5\\Prob155_lemmings4_code.sv:106: syntax error\nresults/phi4_14b_0shot_temp0_0_topP0_01_iterative\\Prob155_lemmings4\\attempt_5\\Prob155_lemmings4_code.sv:106: error: Invalid module instantiation\nresults/phi4_14b_0shot_temp0_0_topP0_01_iterative\\Prob155_lemmings4\\attempt_5\\Prob155_lemmings4_code.sv:111: syntax error\nresults/phi4_14b_0shot_temp0_0_topP0_01_iterative\\Prob155_lemmings4\\attempt_5\\Prob155_lemmings4_code.sv:111: error: Invalid module instantiation\nresults/phi4_14b_0shot_temp0_0_topP0_01_iterative\\Prob155_lemmings4\\attempt_5\\Prob155_lemmings4_code.sv:114: syntax error\nresults/phi4_14b_0shot_temp0_0_topP0_01_iterative\\Prob155_lemmings4\\attempt_5\\Prob155_lemmings4_code.sv:119: error: invalid module item.\nresults/phi4_14b_0shot_temp0_0_topP0_01_iterative\\Prob155_lemmings4\\attempt_5\\Prob155_lemmings4_code.sv:120: syntax error\nresults/phi4_14b_0shot_temp0_0_topP0_01_iterative\\Prob155_lemmings4\\attempt_5\\Prob155_lemmings4_code.sv:120: error: Invalid module instantiation\nresults/phi4_14b_0shot_temp0_0_topP0_01_iterative\\Prob155_lemmings4\\attempt_5\\Prob155_lemmings4_code.sv:121: error: Invalid module instantiation\nresults/phi4_14b_0shot_temp0_0_topP0_01_iterative\\Prob155_lemmings4\\attempt_5\\Prob155_lemmings4_code.sv:122: error: Invalid module instantiation\nresults/phi4_14b_0shot_temp0_0_topP0_01_iterative\\Prob155_lemmings4\\attempt_5\\Prob155_lemmings4_code.sv:125: error: invalid module item.\nresults/phi4_14b_0shot_temp0_0_topP0_01_iterative\\Prob155_lemmings4\\attempt_5\\Prob155_lemmings4_code.sv:126: syntax error\nresults/phi4_14b_0shot_temp0_0_topP0_01_iterative\\Prob155_lemmings4\\attempt_5\\Prob155_lemmings4_code.sv:126: error: Invalid module instantiation\nresults/phi4_14b_0shot_temp0_0_topP0_01_iterative\\Prob155_lemmings4\\attempt_5\\Prob155_lemmings4_code.sv:127: error: Invalid module instantiation\nresults/phi4_14b_0shot_temp0_0_topP0_01_iterative\\Prob155_lemmings4\\attempt_5\\Prob155_lemmings4_code.sv:128: error: Invalid module instantiation\nresults/phi4_14b_0shot_temp0_0_topP0_01_iterative\\Prob155_lemmings4\\attempt_5\\Prob155_lemmings4_code.sv:132: error: invalid module item.\nresults/phi4_14b_0shot_temp0_0_topP0_01_iterative\\Prob155_lemmings4\\attempt_5\\Prob155_lemmings4_code.sv:133: syntax error\nresults/phi4_14b_0shot_temp0_0_topP0_01_iterative\\Prob155_lemmings4\\attempt_5\\Prob155_lemmings4_code.sv:133: error: invalid module item.\nresults/phi4_14b_0shot_temp0_0_topP0_01_iterative\\Prob155_lemmings4\\attempt_5\\Prob155_lemmings4_code.sv:134: syntax error\nresults/phi4_14b_0shot_temp0_0_topP0_01_iterative\\Prob155_lemmings4\\attempt_5\\Prob155_lemmings4_code.sv:134: error: invalid module item.\nresults/phi4_14b_0shot_temp0_0_topP0_01_iterative\\Prob155_lemmings4\\attempt_5\\Prob155_lemmings4_code.sv:135: syntax error\nresults/phi4_14b_0shot_temp0_0_topP0_01_iterative\\Prob155_lemmings4\\attempt_5\\Prob155_lemmings4_code.sv:135: error: invalid module item.\nresults/phi4_14b_0shot_temp0_0_topP0_01_iterative\\Prob155_lemmings4\\attempt_5\\Prob155_lemmings4_code.sv:136: syntax error\nresults/phi4_14b_0shot_temp0_0_topP0_01_iterative\\Prob155_lemmings4\\attempt_5\\Prob155_lemmings4_code.sv:137: error: invalid module item.\nresults/phi4_14b_0shot_temp0_0_topP0_01_iterative\\Prob155_lemmings4\\attempt_5\\Prob155_lemmings4_code.sv:138: syntax error\nresults/phi4_14b_0shot_temp0_0_topP0_01_iterative\\Prob155_lemmings4\\attempt_5\\Prob155_lemmings4_code.sv:138: error: Invalid module instantiation\nresults/phi4_14b_0shot_temp0_0_topP0_01_iterative\\Prob155_lemmings4\\attempt_5\\Prob155_lemmings4_code.sv:139: error: Invalid module instantiation\nresults/phi4_14b_0shot_temp0_0_topP0_01_iterative\\Prob155_lemmings4\\attempt_5\\Prob155_lemmings4_code.sv:140: error: Invalid module instantiation\nD:\\WorkSpace\\ResearchCode\\LLM4DSL\\verilog\\Verilog-benchmark\\dataset_code-complete-iccad2023/Prob155_lemmings4_test.sv:1: error: `timescale directive can not be inside a module definition.\nD:\\WorkSpace\\ResearchCode\\LLM4DSL\\verilog\\Verilog-benchmark\\dataset_code-complete-iccad2023/Prob155_lemmings4_test.sv:16: error: invalid module item.\n",
      "test_success": null,
      "test_error": null,
      "mismatch_count": null
    }
  ]
}