=== Static Analysis ===
PASS: No simulation-hanging patterns detected
==================================================
=== Compilation ===
Return code: 2
results/glm_4_6_0shot_temp0_8_topP0_95_iterative\Prob128_fsm_ps2\attempt_2\Prob128_fsm_ps2_code.sv:33: error: done is not a valid l-value in tb.top_module1.
results/glm_4_6_0shot_temp0_8_topP0_95_iterative\Prob128_fsm_ps2\attempt_2\Prob128_fsm_ps2_code.sv:6:      : done is declared here as wire.
results/glm_4_6_0shot_temp0_8_topP0_95_iterative\Prob128_fsm_ps2\attempt_2\Prob128_fsm_ps2_code.sv:55: error: done is not a valid l-value in tb.top_module1.
results/glm_4_6_0shot_temp0_8_topP0_95_iterative\Prob128_fsm_ps2\attempt_2\Prob128_fsm_ps2_code.sv:6:      : done is declared here as wire.
2 error(s) during elaboration.
