{
  "problem_name": "Prob094_gatesv",
  "model_name": "gemma3:12b",
  "parameters": {
    "temperature": 0.8,
    "top_p": 0.95,
    "max_compile_attempts": 3,
    "max_test_attempts": 3
  },
  "compile_attempts": 2,
  "test_attempts": 3,
  "total_attempts": 5,
  "final_compile_success": true,
  "final_test_success": false,
  "first_attempt_compile_success": false,
  "first_attempt_test_success": false,
  "improved_by_iteration": true,
  "history": [
    {
      "attempt": 1,
      "phase": "initial",
      "compile_success": false,
      "compile_error": "=== Static Analysis ===\nPASS: No simulation-hanging patterns detected\n==================================================\n=== Compilation ===\nReturn code: 1\nresults/gemma3_12b_0shot_temp0_8_topP0_95_iterative\\Prob094_gatesv\\attempt_1\\Prob094_gatesv_code.sv:13: sorry: part selects straddling the start of signal (out_any['sd0]) are not currently supported.\n1 error(s) during elaboration.\n",
      "test_success": null,
      "test_error": null,
      "mismatch_count": null
    },
    {
      "attempt": 2,
      "phase": "compile_fix",
      "compile_success": true,
      "compile_error": null,
      "test_success": false,
      "test_error": "=== Test Execution ===\nReturn code: 0\nVCD info: dumpfile wave.vcd opened for output.\nHint: Output 'out_both' has no mismatches.\nHint: Output 'out_any' has no mismatches.\nHint: Output 'out_different' has 160 mismatches. First mismatch occurred at time 5.\nHint: Total mismatched samples is 160 out of 213 samples\n\nSimulation finished at 1066 ps\nMismatches: 160 in 213 samples\n",
      "mismatch_count": 160
    },
    {
      "attempt": 3,
      "phase": "test_fix",
      "compile_success": false,
      "compile_error": "=== Static Analysis ===\nPASS: No simulation-hanging patterns detected\n==================================================\n=== Compilation ===\nReturn code: 3\nD:\\WorkSpace\\ResearchCode\\LLM4DSL\\verilog\\Verilog-benchmark\\dataset_code-complete-iccad2023/Prob094_gatesv_test.sv:1: error: `timescale directive can not be inside a module definition.\nD:\\WorkSpace\\ResearchCode\\LLM4DSL\\verilog\\Verilog-benchmark\\dataset_code-complete-iccad2023/Prob094_gatesv_ref.sv:15: syntax error\nI give up.\n",
      "test_success": null,
      "test_error": null,
      "mismatch_count": null
    },
    {
      "attempt": 4,
      "phase": "test_fix",
      "compile_success": false,
      "compile_error": "=== Static Analysis ===\nPASS: No simulation-hanging patterns detected\n==================================================\n=== Compilation ===\nReturn code: 3\nD:\\WorkSpace\\ResearchCode\\LLM4DSL\\verilog\\Verilog-benchmark\\dataset_code-complete-iccad2023/Prob094_gatesv_test.sv:1: error: `timescale directive can not be inside a module definition.\nD:\\WorkSpace\\ResearchCode\\LLM4DSL\\verilog\\Verilog-benchmark\\dataset_code-complete-iccad2023/Prob094_gatesv_ref.sv:15: syntax error\nI give up.\n",
      "test_success": null,
      "test_error": null,
      "mismatch_count": null
    },
    {
      "attempt": 5,
      "phase": "test_fix",
      "compile_success": false,
      "compile_error": "=== Static Analysis ===\nPASS: No simulation-hanging patterns detected\n==================================================\n=== Compilation ===\nReturn code: 3\nD:\\WorkSpace\\ResearchCode\\LLM4DSL\\verilog\\Verilog-benchmark\\dataset_code-complete-iccad2023/Prob094_gatesv_test.sv:1: error: `timescale directive can not be inside a module definition.\nD:\\WorkSpace\\ResearchCode\\LLM4DSL\\verilog\\Verilog-benchmark\\dataset_code-complete-iccad2023/Prob094_gatesv_ref.sv:15: syntax error\nI give up.\n",
      "test_success": null,
      "test_error": null,
      "mismatch_count": null
    }
  ]
}