{
  "problem_name": "Prob098_circuit7",
  "model_name": "phi4:14b",
  "parameters": {
    "temperature": 0.0,
    "top_p": 0.01,
    "max_compile_attempts": 3,
    "max_test_attempts": 3
  },
  "compile_attempts": 1,
  "test_attempts": 3,
  "total_attempts": 4,
  "final_compile_success": true,
  "final_test_success": false,
  "first_attempt_compile_success": true,
  "first_attempt_test_success": false,
  "improved_by_iteration": false,
  "history": [
    {
      "attempt": 1,
      "phase": "initial",
      "compile_success": true,
      "compile_error": null,
      "test_success": false,
      "test_error": "=== Test Execution ===\nReturn code: 0\nVCD info: dumpfile wave.vcd opened for output.\nHint: Output 'q' has 120 mismatches. First mismatch occurred at time 20.\nHint: Total mismatched samples is 120 out of 123 samples\n\nSimulation finished at 615 ps\nMismatches: 120 in 123 samples\n",
      "mismatch_count": 120
    },
    {
      "attempt": 2,
      "phase": "test_fix",
      "compile_success": false,
      "compile_error": "=== Static Analysis ===\nPASS: No simulation-hanging patterns detected\n==================================================\n=== Compilation ===\nReturn code: 3\nD:\\WorkSpace\\ResearchCode\\LLM4DSL\\verilog\\Verilog-benchmark\\dataset_code-complete-iccad2023/Prob098_circuit7_test.sv:1: error: `timescale directive can not be inside a module definition.\nD:\\WorkSpace\\ResearchCode\\LLM4DSL\\verilog\\Verilog-benchmark\\dataset_code-complete-iccad2023/Prob098_circuit7_ref.sv:13: syntax error\nI give up.\n",
      "test_success": null,
      "test_error": null,
      "mismatch_count": null
    },
    {
      "attempt": 3,
      "phase": "test_fix",
      "compile_success": true,
      "compile_error": null,
      "test_success": false,
      "test_error": "=== Test Execution ===\nReturn code: 1\nresults/phi4_14b_0shot_temp0_0_topP0_01_iterative\\Prob098_circuit7\\attempt_3\\Prob098_circuit7_code: Program not runnable, 1 errors.\n\nresults/phi4_14b_0shot_temp0_0_topP0_01_iterative\\Prob098_circuit7\\attempt_3\\Prob098_circuit7_code.sv:8: Error: System task/function $past() is not defined by any module.\n",
      "mismatch_count": -1
    },
    {
      "attempt": 4,
      "phase": "test_fix",
      "compile_success": false,
      "compile_error": "=== Static Analysis ===\nPASS: No simulation-hanging patterns detected\n==================================================\n=== Compilation ===\nReturn code: 5\nresults/phi4_14b_0shot_temp0_0_topP0_01_iterative\\Prob098_circuit7\\attempt_4\\Prob098_circuit7_code.sv:9: syntax error\nresults/phi4_14b_0shot_temp0_0_topP0_01_iterative\\Prob098_circuit7\\attempt_4\\Prob098_circuit7_code.sv:10: Syntax in assignment statement l-value.\nresults/phi4_14b_0shot_temp0_0_topP0_01_iterative\\Prob098_circuit7\\attempt_4\\Prob098_circuit7_code.sv:14: syntax error\nresults/phi4_14b_0shot_temp0_0_topP0_01_iterative\\Prob098_circuit7\\attempt_4\\Prob098_circuit7_code.sv:14: error: Invalid module instantiation\nD:\\WorkSpace\\ResearchCode\\LLM4DSL\\verilog\\Verilog-benchmark\\dataset_code-complete-iccad2023/Prob098_circuit7_test.sv:11: error: invalid module item.\n",
      "test_success": null,
      "test_error": null,
      "mismatch_count": null
    }
  ]
}