=== Compilation ===
Command: iverilog -Wall -Winfloop -Wno-timescale -g2012 -s tb -o results\gemma3_12b_0shot_temp0.0\Prob139_2013_q2bfsm/Prob139_2013_q2bfsm_sample01 results\gemma3_12b_0shot_temp0.0\Prob139_2013_q2bfsm/Prob139_2013_q2bfsm_sample01.sv dataset_code-complete-iccad2023/Prob139_2013_q2bfsm_test.sv dataset_code-complete-iccad2023/Prob139_2013_q2bfsm_ref.sv
Return code: 2

--- stdout ---


--- stderr ---
results\gemma3_12b_0shot_temp0.0\Prob139_2013_q2bfsm/Prob139_2013_q2bfsm_sample01.sv:29: error: f is not a valid l-value in tb.top_module1.
results\gemma3_12b_0shot_temp0.0\Prob139_2013_q2bfsm/Prob139_2013_q2bfsm_sample01.sv:8:      : f is declared here as wire.
results\gemma3_12b_0shot_temp0.0\Prob139_2013_q2bfsm/Prob139_2013_q2bfsm_sample01.sv:30: error: g is not a valid l-value in tb.top_module1.
results\gemma3_12b_0shot_temp0.0\Prob139_2013_q2bfsm/Prob139_2013_q2bfsm_sample01.sv:9:      : g is declared here as wire.
2 error(s) during elaboration.
