{
  "problem_name": "Prob028_m2014_q4a",
  "model_name": "gemma3:12b",
  "parameters": {
    "temperature": 0.8,
    "top_p": 0.95,
    "max_compile_attempts": 3,
    "max_test_attempts": 3
  },
  "compile_attempts": 2,
  "test_attempts": 3,
  "total_attempts": 5,
  "final_compile_success": true,
  "final_test_success": false,
  "first_attempt_compile_success": false,
  "first_attempt_test_success": false,
  "improved_by_iteration": true,
  "history": [
    {
      "attempt": 1,
      "phase": "initial",
      "compile_success": false,
      "compile_error": "=== Static Analysis ===\nPASS: No simulation-hanging patterns detected\n==================================================\n=== Compilation ===\nReturn code: 2\nresults/gemma3_12b_0shot_temp0_8_topP0_95_iterative\\Prob028_m2014_q4a\\attempt_1\\Prob028_m2014_q4a_code.sv:8: error: Unable to bind wire/reg/memory `clk' in `tb.top_module1'\nresults/gemma3_12b_0shot_temp0_8_topP0_95_iterative\\Prob028_m2014_q4a\\attempt_1\\Prob028_m2014_q4a_code.sv:8: error: Failed to evaluate event expression 'posedge clk'.\n2 error(s) during elaboration.\n",
      "test_success": null,
      "test_error": null,
      "mismatch_count": null
    },
    {
      "attempt": 2,
      "phase": "compile_fix",
      "compile_success": true,
      "compile_error": null,
      "test_success": false,
      "test_error": "=== Test Execution ===\nReturn code: 0\nVCD info: dumpfile wave.vcd opened for output.\nHint: Output 'q' has 98 mismatches. First mismatch occurred at time 15.\nHint: Total mismatched samples is 98 out of 100 samples\n\nSimulation finished at 501 ps\nMismatches: 98 in 100 samples\n",
      "mismatch_count": 98
    },
    {
      "attempt": 3,
      "phase": "test_fix",
      "compile_success": true,
      "compile_error": null,
      "test_success": false,
      "test_error": "=== Test Execution ===\nReturn code: 0\nVCD info: dumpfile wave.vcd opened for output.\nHint: Output 'q' has 98 mismatches. First mismatch occurred at time 15.\nHint: Total mismatched samples is 98 out of 100 samples\n\nSimulation finished at 501 ps\nMismatches: 98 in 100 samples\n",
      "mismatch_count": 98
    },
    {
      "attempt": 4,
      "phase": "test_fix",
      "compile_success": false,
      "compile_error": "=== Static Analysis ===\nPASS: No simulation-hanging patterns detected\n==================================================\n=== Compilation ===\nReturn code: 2\nresults/gemma3_12b_0shot_temp0_8_topP0_95_iterative\\Prob028_m2014_q4a\\attempt_4\\Prob028_m2014_q4a_code.sv:7: error: Unable to bind wire/reg/memory `clk' in `tb.top_module1'\nresults/gemma3_12b_0shot_temp0_8_topP0_95_iterative\\Prob028_m2014_q4a\\attempt_4\\Prob028_m2014_q4a_code.sv:7: error: Failed to evaluate event expression 'posedge clk'.\n2 error(s) during elaboration.\n",
      "test_success": null,
      "test_error": null,
      "mismatch_count": null
    },
    {
      "attempt": 5,
      "phase": "test_fix",
      "compile_success": false,
      "compile_error": "=== Static Analysis ===\nPASS: No simulation-hanging patterns detected\n==================================================\n=== Compilation ===\nReturn code: 2\nresults/gemma3_12b_0shot_temp0_8_topP0_95_iterative\\Prob028_m2014_q4a\\attempt_5\\Prob028_m2014_q4a_code.sv:7: error: Unable to bind wire/reg/memory `clk' in `tb.top_module1'\nresults/gemma3_12b_0shot_temp0_8_topP0_95_iterative\\Prob028_m2014_q4a\\attempt_5\\Prob028_m2014_q4a_code.sv:7: error: Failed to evaluate event expression 'posedge clk'.\n2 error(s) during elaboration.\n",
      "test_success": null,
      "test_error": null,
      "mismatch_count": null
    }
  ]
}