=== Static Analysis ===
PASS: No simulation-hanging patterns detected
==================================================
=== Compilation ===
Return code: 3
results/gemma3_12b_0shot_temp0_8_topP0_95_iterative\Prob096_review2015_fsmseq\attempt_1\Prob096_review2015_fsmseq_code.sv:18: error: Enumeration name S4 has an inferred value that overflowed.
results/gemma3_12b_0shot_temp0_8_topP0_95_iterative\Prob096_review2015_fsmseq\attempt_1\Prob096_review2015_fsmseq_code.sv:18: error: Enumeration name S4 and S0 have the same value: 2'd0
3 error(s) during elaboration.
