=== Static Analysis ===
PASS: No simulation-hanging patterns detected
==================================================
=== Compilation ===
Return code: 3
results/glm_4_6_0shot_temp0_8_topP0_95_iterative\Prob147_circuit10\attempt_2\Prob147_circuit10_code.sv:10: syntax error
results/glm_4_6_0shot_temp0_8_topP0_95_iterative\Prob147_circuit10\attempt_2\Prob147_circuit10_code.sv:10: error: Invalid module instantiation
results/glm_4_6_0shot_temp0_8_topP0_95_iterative\Prob147_circuit10\attempt_2\Prob147_circuit10_code.sv:23: error: invalid module item.
