{
  "problem_name": "Prob021_mux256to1v",
  "model_name": "glm-4.6",
  "parameters": {
    "temperature": 0.0,
    "top_p": 0.01,
    "max_compile_attempts": 3,
    "max_test_attempts": 3
  },
  "compile_attempts": 3,
  "test_attempts": 0,
  "total_attempts": 3,
  "final_compile_success": false,
  "final_test_success": false,
  "first_attempt_compile_success": false,
  "first_attempt_test_success": false,
  "improved_by_iteration": false,
  "history": [
    {
      "attempt": 1,
      "phase": "initial",
      "compile_success": false,
      "compile_error": "=== Static Analysis ===\nPASS: No simulation-hanging patterns detected\n==================================================\n=== Compilation ===\nReturn code: 3\nD:\\WorkSpace\\ResearchCode\\LLM4DSL\\verilog\\Verilog-benchmark\\dataset_code-complete-iccad2023/Prob021_mux256to1v_test.sv:1: error: `timescale directive can not be inside a module definition.\nD:\\WorkSpace\\ResearchCode\\LLM4DSL\\verilog\\Verilog-benchmark\\dataset_code-complete-iccad2023/Prob021_mux256to1v_ref.sv:12: syntax error\nI give up.\n",
      "test_success": null,
      "test_error": null,
      "mismatch_count": null
    },
    {
      "attempt": 2,
      "phase": "compile_fix",
      "compile_success": false,
      "compile_error": "=== Static Analysis ===\nPASS: No simulation-hanging patterns detected\n==================================================\n=== Compilation ===\nReturn code: 8\nresults/glm_4_6_0shot_temp0_0_topP0_01_iterative\\Prob021_mux256to1v\\attempt_2\\Prob021_mux256to1v_code.sv:14: error: A reference to a wire or reg (`start_bit') is not allowed in a constant expression.\nresults/glm_4_6_0shot_temp0_0_topP0_01_iterative\\Prob021_mux256to1v\\attempt_2\\Prob021_mux256to1v_code.sv:14: error: Part select expressions must be constant.\nresults/glm_4_6_0shot_temp0_0_topP0_01_iterative\\Prob021_mux256to1v\\attempt_2\\Prob021_mux256to1v_code.sv:14:      : This lsb expression violates the rule: start_bit\nresults/glm_4_6_0shot_temp0_0_topP0_01_iterative\\Prob021_mux256to1v\\attempt_2\\Prob021_mux256to1v_code.sv:14: error: A reference to a wire or reg (`start_bit') is not allowed in a constant expression.\nresults/glm_4_6_0shot_temp0_0_topP0_01_iterative\\Prob021_mux256to1v\\attempt_2\\Prob021_mux256to1v_code.sv:14: error: Part select expressions must be constant.\nresults/glm_4_6_0shot_temp0_0_topP0_01_iterative\\Prob021_mux256to1v\\attempt_2\\Prob021_mux256to1v_code.sv:14:      : This msb expression violates the rule: (start_bit)+('sd3)\nresults/glm_4_6_0shot_temp0_0_topP0_01_iterative\\Prob021_mux256to1v\\attempt_2\\Prob021_mux256to1v_code.sv:14: error: A reference to a wire or reg (`start_bit') is not allowed in a constant expression.\nresults/glm_4_6_0shot_temp0_0_topP0_01_iterative\\Prob021_mux256to1v\\attempt_2\\Prob021_mux256to1v_code.sv:14: error: Part select expressions must be constant.\nresults/glm_4_6_0shot_temp0_0_topP0_01_iterative\\Prob021_mux256to1v\\attempt_2\\Prob021_mux256to1v_code.sv:14:      : This lsb expression violates the rule: start_bit\nresults/glm_4_6_0shot_temp0_0_topP0_01_iterative\\Prob021_mux256to1v\\attempt_2\\Prob021_mux256to1v_code.sv:14: error: A reference to a wire or reg (`start_bit') is not allowed in a constant expression.\nresults/glm_4_6_0shot_temp0_0_topP0_01_iterative\\Prob021_mux256to1v\\attempt_2\\Prob021_mux256to1v_code.sv:14: error: Part select expressions must be constant.\nresults/glm_4_6_0shot_temp0_0_topP0_01_iterative\\Prob021_mux256to1v\\attempt_2\\Prob021_mux256to1v_code.sv:14:      : This msb expression violates the rule: (start_bit)+('sd3)\n8 error(s) during elaboration.\n",
      "test_success": null,
      "test_error": null,
      "mismatch_count": null
    },
    {
      "attempt": 3,
      "phase": "compile_fix",
      "compile_success": false,
      "compile_error": "=== Static Analysis ===\nPASS: No simulation-hanging patterns detected\n==================================================\n=== Compilation ===\nReturn code: 2\nresults/glm_4_6_0shot_temp0_0_topP0_01_iterative\\Prob021_mux256to1v\\attempt_3\\Prob021_mux256to1v_code.sv:12: syntax error\nresults/glm_4_6_0shot_temp0_0_topP0_01_iterative\\Prob021_mux256to1v\\attempt_3\\Prob021_mux256to1v_code.sv:12: error: syntax error in continuous assignment\n",
      "test_success": null,
      "test_error": null,
      "mismatch_count": null
    }
  ]
}