=== Static Analysis ===
PASS: No simulation-hanging patterns detected
==================================================
=== Compilation ===
Return code: 23
results/glm_4_6_0shot_temp0_0_topP0_01_iterative\Prob124_rule110\attempt_5\Prob124_rule110_code.sv:9: syntax error
results/glm_4_6_0shot_temp0_0_topP0_01_iterative\Prob124_rule110\attempt_5\Prob124_rule110_code.sv:9: error: Invalid module instantiation
results/glm_4_6_0shot_temp0_0_topP0_01_iterative\Prob124_rule110\attempt_5\Prob124_rule110_code.sv:17: error: invalid module item.
results/glm_4_6_0shot_temp0_0_topP0_01_iterative\Prob124_rule110\attempt_5\Prob124_rule110_code.sv:18: syntax error
results/glm_4_6_0shot_temp0_0_topP0_01_iterative\Prob124_rule110\attempt_5\Prob124_rule110_code.sv:18: error: invalid module item.
results/glm_4_6_0shot_temp0_0_topP0_01_iterative\Prob124_rule110\attempt_5\Prob124_rule110_code.sv:18: syntax error
results/glm_4_6_0shot_temp0_0_topP0_01_iterative\Prob124_rule110\attempt_5\Prob124_rule110_code.sv:18: error: Invalid module instantiation
results/glm_4_6_0shot_temp0_0_topP0_01_iterative\Prob124_rule110\attempt_5\Prob124_rule110_code.sv:18: error: Invalid module instantiation
results/glm_4_6_0shot_temp0_0_topP0_01_iterative\Prob124_rule110\attempt_5\Prob124_rule110_code.sv:23: syntax error
results/glm_4_6_0shot_temp0_0_topP0_01_iterative\Prob124_rule110\attempt_5\Prob124_rule110_code.sv:24: error: invalid module item.
results/glm_4_6_0shot_temp0_0_topP0_01_iterative\Prob124_rule110\attempt_5\Prob124_rule110_code.sv:25: syntax error
results/glm_4_6_0shot_temp0_0_topP0_01_iterative\Prob124_rule110\attempt_5\Prob124_rule110_code.sv:25: error: Invalid module instantiation
results/glm_4_6_0shot_temp0_0_topP0_01_iterative\Prob124_rule110\attempt_5\Prob124_rule110_code.sv:26: error: Invalid module instantiation
results/glm_4_6_0shot_temp0_0_topP0_01_iterative\Prob124_rule110\attempt_5\Prob124_rule110_code.sv:28: error: invalid module item.
results/glm_4_6_0shot_temp0_0_topP0_01_iterative\Prob124_rule110\attempt_5\Prob124_rule110_code.sv:29: syntax error
results/glm_4_6_0shot_temp0_0_topP0_01_iterative\Prob124_rule110\attempt_5\Prob124_rule110_code.sv:29: error: Invalid module instantiation
results/glm_4_6_0shot_temp0_0_topP0_01_iterative\Prob124_rule110\attempt_5\Prob124_rule110_code.sv:30: error: Invalid module instantiation
results/glm_4_6_0shot_temp0_0_topP0_01_iterative\Prob124_rule110\attempt_5\Prob124_rule110_code.sv:32: error: invalid module item.
results/glm_4_6_0shot_temp0_0_topP0_01_iterative\Prob124_rule110\attempt_5\Prob124_rule110_code.sv:33: syntax error
results/glm_4_6_0shot_temp0_0_topP0_01_iterative\Prob124_rule110\attempt_5\Prob124_rule110_code.sv:33: error: Invalid module instantiation
results/glm_4_6_0shot_temp0_0_topP0_01_iterative\Prob124_rule110\attempt_5\Prob124_rule110_code.sv:34: error: Invalid module instantiation
D:\WorkSpace\ResearchCode\LLM4DSL\verilog\Verilog-benchmark\dataset_code-complete-iccad2023/Prob124_rule110_test.sv:1: error: `timescale directive can not be inside a module definition.
D:\WorkSpace\ResearchCode\LLM4DSL\verilog\Verilog-benchmark\dataset_code-complete-iccad2023/Prob124_rule110_test.sv:12: error: invalid module item.
