=== Static Analysis ===
PASS: No simulation-hanging patterns detected
==================================================
=== Compilation ===
Return code: 2
results/phi4_14b_0shot_temp0_0_topP0_01_iterative\Prob147_circuit10\attempt_2\Prob147_circuit10_code.sv:30: error: state is not a valid l-value in tb.top_module1.$unm_blk_1.
results/phi4_14b_0shot_temp0_0_topP0_01_iterative\Prob147_circuit10\attempt_2\Prob147_circuit10_code.sv:7:      : state is declared here as wire.
results/phi4_14b_0shot_temp0_0_topP0_01_iterative\Prob147_circuit10\attempt_2\Prob147_circuit10_code.sv:32: error: state is not a valid l-value in tb.top_module1.$unm_blk_1.
results/phi4_14b_0shot_temp0_0_topP0_01_iterative\Prob147_circuit10\attempt_2\Prob147_circuit10_code.sv:7:      : state is declared here as wire.
2 error(s) during elaboration.
