{
  "problem_name": "Prob139_2013_q2bfsm",
  "model_name": "glm-4.6",
  "parameters": {
    "temperature": 0.8,
    "top_p": 0.95,
    "max_compile_attempts": 3,
    "max_test_attempts": 3
  },
  "compile_attempts": 3,
  "test_attempts": 3,
  "total_attempts": 6,
  "final_compile_success": true,
  "final_test_success": false,
  "first_attempt_compile_success": false,
  "first_attempt_test_success": false,
  "improved_by_iteration": true,
  "history": [
    {
      "attempt": 1,
      "phase": "initial",
      "compile_success": false,
      "compile_error": "=== Static Analysis ===\nPASS: No simulation-hanging patterns detected\n==================================================\n=== Compilation ===\nReturn code: 13\nD:\\WorkSpace\\ResearchCode\\LLM4DSL\\verilog\\Verilog-benchmark\\dataset_code-complete-iccad2023/Prob139_2013_q2bfsm_test.sv:1: error: `timescale directive can not be inside a module definition.\nD:\\WorkSpace\\ResearchCode\\LLM4DSL\\verilog\\Verilog-benchmark\\dataset_code-complete-iccad2023/Prob139_2013_q2bfsm_test.sv:6: syntax error\nD:\\WorkSpace\\ResearchCode\\LLM4DSL\\verilog\\Verilog-benchmark\\dataset_code-complete-iccad2023/Prob139_2013_q2bfsm_test.sv:10: error: malformed statement\nD:\\WorkSpace\\ResearchCode\\LLM4DSL\\verilog\\Verilog-benchmark\\dataset_code-complete-iccad2023/Prob139_2013_q2bfsm_test.sv:12: syntax error\nD:\\WorkSpace\\ResearchCode\\LLM4DSL\\verilog\\Verilog-benchmark\\dataset_code-complete-iccad2023/Prob139_2013_q2bfsm_test.sv:13: Syntax in assignment statement l-value.\nD:\\WorkSpace\\ResearchCode\\LLM4DSL\\verilog\\Verilog-benchmark\\dataset_code-complete-iccad2023/Prob139_2013_q2bfsm_test.sv:27: syntax error\nD:\\WorkSpace\\ResearchCode\\LLM4DSL\\verilog\\Verilog-benchmark\\dataset_code-complete-iccad2023/Prob139_2013_q2bfsm_test.sv:45: error: malformed statement\nD:\\WorkSpace\\ResearchCode\\LLM4DSL\\verilog\\Verilog-benchmark\\dataset_code-complete-iccad2023/Prob139_2013_q2bfsm_test.sv:45: error: Incomprehensible case expression.\nD:\\WorkSpace\\ResearchCode\\LLM4DSL\\verilog\\Verilog-benchmark\\dataset_code-complete-iccad2023/Prob139_2013_q2bfsm_test.sv:46: syntax error\nD:\\WorkSpace\\ResearchCode\\LLM4DSL\\verilog\\Verilog-benchmark\\dataset_code-complete-iccad2023/Prob139_2013_q2bfsm_ref.sv:12: error: malformed statement\nD:\\WorkSpace\\ResearchCode\\LLM4DSL\\verilog\\Verilog-benchmark\\dataset_code-complete-iccad2023/Prob139_2013_q2bfsm_ref.sv:12: error: Incomprehensible case expression.\nD:\\WorkSpace\\ResearchCode\\LLM4DSL\\verilog\\Verilog-benchmark\\dataset_code-complete-iccad2023/Prob139_2013_q2bfsm_ref.sv:14: syntax error\nD:\\WorkSpace\\ResearchCode\\LLM4DSL\\verilog\\Verilog-benchmark\\dataset_code-complete-iccad2023/Prob139_2013_q2bfsm_ref.sv:21: error: Incomprehensible case expression.\n",
      "test_success": null,
      "test_error": null,
      "mismatch_count": null
    },
    {
      "attempt": 2,
      "phase": "compile_fix",
      "compile_success": false,
      "compile_error": "=== Static Analysis ===\nPASS: No simulation-hanging patterns detected\n==================================================\n=== Compilation ===\nReturn code: 13\nD:\\WorkSpace\\ResearchCode\\LLM4DSL\\verilog\\Verilog-benchmark\\dataset_code-complete-iccad2023/Prob139_2013_q2bfsm_test.sv:1: error: `timescale directive can not be inside a module definition.\nD:\\WorkSpace\\ResearchCode\\LLM4DSL\\verilog\\Verilog-benchmark\\dataset_code-complete-iccad2023/Prob139_2013_q2bfsm_test.sv:6: syntax error\nD:\\WorkSpace\\ResearchCode\\LLM4DSL\\verilog\\Verilog-benchmark\\dataset_code-complete-iccad2023/Prob139_2013_q2bfsm_test.sv:10: error: malformed statement\nD:\\WorkSpace\\ResearchCode\\LLM4DSL\\verilog\\Verilog-benchmark\\dataset_code-complete-iccad2023/Prob139_2013_q2bfsm_test.sv:12: syntax error\nD:\\WorkSpace\\ResearchCode\\LLM4DSL\\verilog\\Verilog-benchmark\\dataset_code-complete-iccad2023/Prob139_2013_q2bfsm_test.sv:13: Syntax in assignment statement l-value.\nD:\\WorkSpace\\ResearchCode\\LLM4DSL\\verilog\\Verilog-benchmark\\dataset_code-complete-iccad2023/Prob139_2013_q2bfsm_test.sv:27: syntax error\nD:\\WorkSpace\\ResearchCode\\LLM4DSL\\verilog\\Verilog-benchmark\\dataset_code-complete-iccad2023/Prob139_2013_q2bfsm_test.sv:45: error: malformed statement\nD:\\WorkSpace\\ResearchCode\\LLM4DSL\\verilog\\Verilog-benchmark\\dataset_code-complete-iccad2023/Prob139_2013_q2bfsm_test.sv:45: error: Incomprehensible case expression.\nD:\\WorkSpace\\ResearchCode\\LLM4DSL\\verilog\\Verilog-benchmark\\dataset_code-complete-iccad2023/Prob139_2013_q2bfsm_test.sv:46: syntax error\nD:\\WorkSpace\\ResearchCode\\LLM4DSL\\verilog\\Verilog-benchmark\\dataset_code-complete-iccad2023/Prob139_2013_q2bfsm_ref.sv:12: error: malformed statement\nD:\\WorkSpace\\ResearchCode\\LLM4DSL\\verilog\\Verilog-benchmark\\dataset_code-complete-iccad2023/Prob139_2013_q2bfsm_ref.sv:12: error: Incomprehensible case expression.\nD:\\WorkSpace\\ResearchCode\\LLM4DSL\\verilog\\Verilog-benchmark\\dataset_code-complete-iccad2023/Prob139_2013_q2bfsm_ref.sv:14: syntax error\nD:\\WorkSpace\\ResearchCode\\LLM4DSL\\verilog\\Verilog-benchmark\\dataset_code-complete-iccad2023/Prob139_2013_q2bfsm_ref.sv:21: error: Incomprehensible case expression.\n",
      "test_success": null,
      "test_error": null,
      "mismatch_count": null
    },
    {
      "attempt": 3,
      "phase": "compile_fix",
      "compile_success": true,
      "compile_error": null,
      "test_success": false,
      "test_error": "=== Test Execution ===\nReturn code: 0\nVCD info: dumpfile wave.vcd opened for output.\nHint: Output 'f' has 4 mismatches. First mismatch occurred at time 20.\nHint: Output 'g' has 140 mismatches. First mismatch occurred at time 60.\nHint: Total mismatched samples is 144 out of 1002 samples\n\nSimulation finished at 5011 ps\nMismatches: 144 in 1002 samples\n",
      "mismatch_count": 144
    },
    {
      "attempt": 4,
      "phase": "test_fix",
      "compile_success": false,
      "compile_error": "=== Static Analysis ===\nPASS: No simulation-hanging patterns detected\n==================================================\n=== Compilation ===\nReturn code: 15\nresults/glm_4_6_0shot_temp0_8_topP0_95_iterative\\Prob139_2013_q2bfsm\\attempt_4\\Prob139_2013_q2bfsm_code.sv:11: syntax error\nresults/glm_4_6_0shot_temp0_8_topP0_95_iterative\\Prob139_2013_q2bfsm\\attempt_4\\Prob139_2013_q2bfsm_code.sv:11: error: Invalid module instantiation\nD:\\WorkSpace\\ResearchCode\\LLM4DSL\\verilog\\Verilog-benchmark\\dataset_code-complete-iccad2023/Prob139_2013_q2bfsm_test.sv:1: error: `timescale directive can not be inside a module definition.\nD:\\WorkSpace\\ResearchCode\\LLM4DSL\\verilog\\Verilog-benchmark\\dataset_code-complete-iccad2023/Prob139_2013_q2bfsm_test.sv:6: syntax error\nD:\\WorkSpace\\ResearchCode\\LLM4DSL\\verilog\\Verilog-benchmark\\dataset_code-complete-iccad2023/Prob139_2013_q2bfsm_test.sv:10: error: malformed statement\nD:\\WorkSpace\\ResearchCode\\LLM4DSL\\verilog\\Verilog-benchmark\\dataset_code-complete-iccad2023/Prob139_2013_q2bfsm_test.sv:12: syntax error\nD:\\WorkSpace\\ResearchCode\\LLM4DSL\\verilog\\Verilog-benchmark\\dataset_code-complete-iccad2023/Prob139_2013_q2bfsm_test.sv:13: Syntax in assignment statement l-value.\nD:\\WorkSpace\\ResearchCode\\LLM4DSL\\verilog\\Verilog-benchmark\\dataset_code-complete-iccad2023/Prob139_2013_q2bfsm_test.sv:27: syntax error\nD:\\WorkSpace\\ResearchCode\\LLM4DSL\\verilog\\Verilog-benchmark\\dataset_code-complete-iccad2023/Prob139_2013_q2bfsm_test.sv:45: error: malformed statement\nD:\\WorkSpace\\ResearchCode\\LLM4DSL\\verilog\\Verilog-benchmark\\dataset_code-complete-iccad2023/Prob139_2013_q2bfsm_test.sv:45: error: Incomprehensible case expression.\nD:\\WorkSpace\\ResearchCode\\LLM4DSL\\verilog\\Verilog-benchmark\\dataset_code-complete-iccad2023/Prob139_2013_q2bfsm_test.sv:46: syntax error\nD:\\WorkSpace\\ResearchCode\\LLM4DSL\\verilog\\Verilog-benchmark\\dataset_code-complete-iccad2023/Prob139_2013_q2bfsm_ref.sv:12: error: malformed statement\nD:\\WorkSpace\\ResearchCode\\LLM4DSL\\verilog\\Verilog-benchmark\\dataset_code-complete-iccad2023/Prob139_2013_q2bfsm_ref.sv:12: error: Incomprehensible case expression.\nD:\\WorkSpace\\ResearchCode\\LLM4DSL\\verilog\\Verilog-benchmark\\dataset_code-complete-iccad2023/Prob139_2013_q2bfsm_ref.sv:14: syntax error\nD:\\WorkSpace\\ResearchCode\\LLM4DSL\\verilog\\Verilog-benchmark\\dataset_code-complete-iccad2023/Prob139_2013_q2bfsm_ref.sv:21: error: Incomprehensible case expression.\n",
      "test_success": null,
      "test_error": null,
      "mismatch_count": null
    },
    {
      "attempt": 5,
      "phase": "test_fix",
      "compile_success": false,
      "compile_error": "=== Static Analysis ===\nPASS: No simulation-hanging patterns detected\n==================================================\n=== Compilation ===\nReturn code: 13\nD:\\WorkSpace\\ResearchCode\\LLM4DSL\\verilog\\Verilog-benchmark\\dataset_code-complete-iccad2023/Prob139_2013_q2bfsm_test.sv:1: error: `timescale directive can not be inside a module definition.\nD:\\WorkSpace\\ResearchCode\\LLM4DSL\\verilog\\Verilog-benchmark\\dataset_code-complete-iccad2023/Prob139_2013_q2bfsm_test.sv:6: syntax error\nD:\\WorkSpace\\ResearchCode\\LLM4DSL\\verilog\\Verilog-benchmark\\dataset_code-complete-iccad2023/Prob139_2013_q2bfsm_test.sv:10: error: malformed statement\nD:\\WorkSpace\\ResearchCode\\LLM4DSL\\verilog\\Verilog-benchmark\\dataset_code-complete-iccad2023/Prob139_2013_q2bfsm_test.sv:12: syntax error\nD:\\WorkSpace\\ResearchCode\\LLM4DSL\\verilog\\Verilog-benchmark\\dataset_code-complete-iccad2023/Prob139_2013_q2bfsm_test.sv:13: Syntax in assignment statement l-value.\nD:\\WorkSpace\\ResearchCode\\LLM4DSL\\verilog\\Verilog-benchmark\\dataset_code-complete-iccad2023/Prob139_2013_q2bfsm_test.sv:27: syntax error\nD:\\WorkSpace\\ResearchCode\\LLM4DSL\\verilog\\Verilog-benchmark\\dataset_code-complete-iccad2023/Prob139_2013_q2bfsm_test.sv:45: error: malformed statement\nD:\\WorkSpace\\ResearchCode\\LLM4DSL\\verilog\\Verilog-benchmark\\dataset_code-complete-iccad2023/Prob139_2013_q2bfsm_test.sv:45: error: Incomprehensible case expression.\nD:\\WorkSpace\\ResearchCode\\LLM4DSL\\verilog\\Verilog-benchmark\\dataset_code-complete-iccad2023/Prob139_2013_q2bfsm_test.sv:46: syntax error\nD:\\WorkSpace\\ResearchCode\\LLM4DSL\\verilog\\Verilog-benchmark\\dataset_code-complete-iccad2023/Prob139_2013_q2bfsm_ref.sv:12: error: malformed statement\nD:\\WorkSpace\\ResearchCode\\LLM4DSL\\verilog\\Verilog-benchmark\\dataset_code-complete-iccad2023/Prob139_2013_q2bfsm_ref.sv:12: error: Incomprehensible case expression.\nD:\\WorkSpace\\ResearchCode\\LLM4DSL\\verilog\\Verilog-benchmark\\dataset_code-complete-iccad2023/Prob139_2013_q2bfsm_ref.sv:14: syntax error\nD:\\WorkSpace\\ResearchCode\\LLM4DSL\\verilog\\Verilog-benchmark\\dataset_code-complete-iccad2023/Prob139_2013_q2bfsm_ref.sv:21: error: Incomprehensible case expression.\n",
      "test_success": null,
      "test_error": null,
      "mismatch_count": null
    },
    {
      "attempt": 6,
      "phase": "test_fix",
      "compile_success": false,
      "compile_error": "=== Static Analysis ===\nPASS: No simulation-hanging patterns detected\n==================================================\n=== Compilation ===\nReturn code: 13\nD:\\WorkSpace\\ResearchCode\\LLM4DSL\\verilog\\Verilog-benchmark\\dataset_code-complete-iccad2023/Prob139_2013_q2bfsm_test.sv:1: error: `timescale directive can not be inside a module definition.\nD:\\WorkSpace\\ResearchCode\\LLM4DSL\\verilog\\Verilog-benchmark\\dataset_code-complete-iccad2023/Prob139_2013_q2bfsm_test.sv:6: syntax error\nD:\\WorkSpace\\ResearchCode\\LLM4DSL\\verilog\\Verilog-benchmark\\dataset_code-complete-iccad2023/Prob139_2013_q2bfsm_test.sv:10: error: malformed statement\nD:\\WorkSpace\\ResearchCode\\LLM4DSL\\verilog\\Verilog-benchmark\\dataset_code-complete-iccad2023/Prob139_2013_q2bfsm_test.sv:12: syntax error\nD:\\WorkSpace\\ResearchCode\\LLM4DSL\\verilog\\Verilog-benchmark\\dataset_code-complete-iccad2023/Prob139_2013_q2bfsm_test.sv:13: Syntax in assignment statement l-value.\nD:\\WorkSpace\\ResearchCode\\LLM4DSL\\verilog\\Verilog-benchmark\\dataset_code-complete-iccad2023/Prob139_2013_q2bfsm_test.sv:27: syntax error\nD:\\WorkSpace\\ResearchCode\\LLM4DSL\\verilog\\Verilog-benchmark\\dataset_code-complete-iccad2023/Prob139_2013_q2bfsm_test.sv:45: error: malformed statement\nD:\\WorkSpace\\ResearchCode\\LLM4DSL\\verilog\\Verilog-benchmark\\dataset_code-complete-iccad2023/Prob139_2013_q2bfsm_test.sv:45: error: Incomprehensible case expression.\nD:\\WorkSpace\\ResearchCode\\LLM4DSL\\verilog\\Verilog-benchmark\\dataset_code-complete-iccad2023/Prob139_2013_q2bfsm_test.sv:46: syntax error\nD:\\WorkSpace\\ResearchCode\\LLM4DSL\\verilog\\Verilog-benchmark\\dataset_code-complete-iccad2023/Prob139_2013_q2bfsm_ref.sv:12: error: malformed statement\nD:\\WorkSpace\\ResearchCode\\LLM4DSL\\verilog\\Verilog-benchmark\\dataset_code-complete-iccad2023/Prob139_2013_q2bfsm_ref.sv:12: error: Incomprehensible case expression.\nD:\\WorkSpace\\ResearchCode\\LLM4DSL\\verilog\\Verilog-benchmark\\dataset_code-complete-iccad2023/Prob139_2013_q2bfsm_ref.sv:14: syntax error\nD:\\WorkSpace\\ResearchCode\\LLM4DSL\\verilog\\Verilog-benchmark\\dataset_code-complete-iccad2023/Prob139_2013_q2bfsm_ref.sv:21: error: Incomprehensible case expression.\n",
      "test_success": null,
      "test_error": null,
      "mismatch_count": null
    }
  ]
}