Problem: Prob019_m2014_q4f
Code file: results\glm_4_6_0shot_temp0_8_topP0_95\Prob019_m2014_q4f/Prob019_m2014_q4f_sample01.sv
Compilation: FAILED
==================================================
=== Static Analysis ===
PASS: No simulation-hanging patterns detected
==================================================
Compilation failed (exit code 3):

D:\WorkSpace\ResearchCode\LLM4DSL\verilog\Verilog-benchmark\dataset_code-complete-iccad2023/Prob019_m2014_q4f_test.sv:1: error: `timescale directive can not be inside a module definition.
D:\WorkSpace\ResearchCode\LLM4DSL\verilog\Verilog-benchmark\dataset_code-complete-iccad2023/Prob019_m2014_q4f_ref.sv:12: syntax error
I give up.
