=== Static Analysis ===
PASS: No simulation-hanging patterns detected
==================================================
=== Compilation ===
Return code: 10
results/phi4_14b_0shot_temp0_0_topP0_01_iterative\Prob142_lemmings2\attempt_3\Prob142_lemmings2_code.sv:14: error: Could not find variable ``current_state'' in ``tb.top_module1''
results/phi4_14b_0shot_temp0_0_topP0_01_iterative\Prob142_lemmings2\attempt_3\Prob142_lemmings2_code.sv:15: error: Could not find variable ``previous_state'' in ``tb.top_module1''
results/phi4_14b_0shot_temp0_0_topP0_01_iterative\Prob142_lemmings2\attempt_3\Prob142_lemmings2_code.sv:17: error: Could not find variable ``current_state'' in ``tb.top_module1''
results/phi4_14b_0shot_temp0_0_topP0_01_iterative\Prob142_lemmings2\attempt_3\Prob142_lemmings2_code.sv:18: error: Unable to bind wire/reg/memory `current_state' in `tb.top_module1'
results/phi4_14b_0shot_temp0_0_topP0_01_iterative\Prob142_lemmings2\attempt_3\Prob142_lemmings2_code.sv:18: error: Unable to bind wire/reg/memory `FALLING' in `tb.top_module1'
results/phi4_14b_0shot_temp0_0_topP0_01_iterative\Prob142_lemmings2\attempt_3\Prob142_lemmings2_code.sv:18: error: Unable to elaborate condition expression.
results/phi4_14b_0shot_temp0_0_topP0_01_iterative\Prob142_lemmings2\attempt_3\Prob142_lemmings2_code.sv:28: error: walk_left is not a valid l-value in tb.top_module1.
results/phi4_14b_0shot_temp0_0_topP0_01_iterative\Prob142_lemmings2\attempt_3\Prob142_lemmings2_code.sv:8:      : walk_left is declared here as wire.
results/phi4_14b_0shot_temp0_0_topP0_01_iterative\Prob142_lemmings2\attempt_3\Prob142_lemmings2_code.sv:29: error: walk_right is not a valid l-value in tb.top_module1.
results/phi4_14b_0shot_temp0_0_topP0_01_iterative\Prob142_lemmings2\attempt_3\Prob142_lemmings2_code.sv:9:      : walk_right is declared here as wire.
results/phi4_14b_0shot_temp0_0_topP0_01_iterative\Prob142_lemmings2\attempt_3\Prob142_lemmings2_code.sv:30: error: aaah is not a valid l-value in tb.top_module1.
results/phi4_14b_0shot_temp0_0_topP0_01_iterative\Prob142_lemmings2\attempt_3\Prob142_lemmings2_code.sv:10:      : aaah is declared here as wire.
results/phi4_14b_0shot_temp0_0_topP0_01_iterative\Prob142_lemmings2\attempt_3\Prob142_lemmings2_code.sv:32: error: Unable to bind wire/reg/memory `current_state' in `tb.top_module1'
results/phi4_14b_0shot_temp0_0_topP0_01_iterative\Prob142_lemmings2\attempt_3\Prob142_lemmings2_code.sv:32: error: Unable to elaborate this case expression.
results/phi4_14b_0shot_temp0_0_topP0_01_iterative\Prob142_lemmings2\attempt_3\Prob142_lemmings2_code.sv:26: warning: always_comb process has no sensitivities.
10 error(s) during elaboration.
