=== Static Analysis ===
PASS: No simulation-hanging patterns detected
==================================================
=== Compilation ===
Return code: 3
results/glm_4_6_0shot_temp0_0_topP0_01_iterative\Prob103_circuit2\attempt_1\Prob103_circuit2_code.sv:10: syntax error
D:\WorkSpace\ResearchCode\LLM4DSL\verilog\Verilog-benchmark\dataset_code-complete-iccad2023/Prob103_circuit2_test.sv:1: error: `timescale directive can not be inside a module definition.
results/glm_4_6_0shot_temp0_0_topP0_01_iterative\Prob103_circuit2\attempt_1\Prob103_circuit2_code.sv:10: error: Invalid module instantiation
