{
  "problem_name": "Prob145_circuit8",
  "model_name": "phi4:14b",
  "parameters": {
    "temperature": 0.0,
    "top_p": 0.01,
    "max_compile_attempts": 3,
    "max_test_attempts": 3
  },
  "compile_attempts": 1,
  "test_attempts": 3,
  "total_attempts": 4,
  "final_compile_success": true,
  "final_test_success": false,
  "first_attempt_compile_success": true,
  "first_attempt_test_success": false,
  "improved_by_iteration": false,
  "history": [
    {
      "attempt": 1,
      "phase": "initial",
      "compile_success": true,
      "compile_error": null,
      "test_success": false,
      "test_error": "=== Test Execution ===\nReturn code: 0\nVCD info: dumpfile wave.vcd opened for output.\nHint: Output 'p' has 112 mismatches. First mismatch occurred at time 90.\nHint: Output 'q' has 121 mismatches. First mismatch occurred at time 120.\nHint: Total mismatched samples is 180 out of 240 samples\n\nSimulation finished at 1200 ps\nMismatches: 180 in 240 samples\n",
      "mismatch_count": 180
    },
    {
      "attempt": 2,
      "phase": "test_fix",
      "compile_success": false,
      "compile_error": "=== Static Analysis ===\nPASS: No simulation-hanging patterns detected\n==================================================\n=== Compilation ===\nReturn code: 3\nresults/phi4_14b_0shot_temp0_0_topP0_01_iterative\\Prob145_circuit8\\attempt_2\\Prob145_circuit8_code.sv:13: error: Unable to bind wire/reg/memory `last_a' in `tb.top_module1'\nresults/phi4_14b_0shot_temp0_0_topP0_01_iterative\\Prob145_circuit8\\attempt_2\\Prob145_circuit8_code.sv:13: error: Unable to elaborate condition expression.\nresults/phi4_14b_0shot_temp0_0_topP0_01_iterative\\Prob145_circuit8\\attempt_2\\Prob145_circuit8_code.sv:21: error: Could not find variable ``last_a'' in ``tb.top_module1''\n3 error(s) during elaboration.\n",
      "test_success": null,
      "test_error": null,
      "mismatch_count": null
    },
    {
      "attempt": 3,
      "phase": "test_fix",
      "compile_success": false,
      "compile_error": "=== Static Analysis ===\nPASS: No simulation-hanging patterns detected\n==================================================\n=== Compilation ===\nReturn code: 3\nD:\\WorkSpace\\ResearchCode\\LLM4DSL\\verilog\\Verilog-benchmark\\dataset_code-complete-iccad2023/Prob145_circuit8_test.sv:1: error: `timescale directive can not be inside a module definition.\nD:\\WorkSpace\\ResearchCode\\LLM4DSL\\verilog\\Verilog-benchmark\\dataset_code-complete-iccad2023/Prob145_circuit8_ref.sv:18: syntax error\nI give up.\n",
      "test_success": null,
      "test_error": null,
      "mismatch_count": null
    },
    {
      "attempt": 4,
      "phase": "test_fix",
      "compile_success": true,
      "compile_error": null,
      "test_success": false,
      "test_error": "=== Test Execution ===\nReturn code: 0\nVCD info: dumpfile wave.vcd opened for output.\nHint: Output 'p' has 112 mismatches. First mismatch occurred at time 90.\nHint: Output 'q' has 121 mismatches. First mismatch occurred at time 120.\nHint: Total mismatched samples is 180 out of 240 samples\n\nSimulation finished at 1200 ps\nMismatches: 180 in 240 samples\n",
      "mismatch_count": 180
    }
  ]
}