{
  "problem_name": "Prob143_fsm_onehot",
  "model_name": "phi4:14b",
  "parameters": {
    "temperature": 0.8,
    "top_p": 0.95,
    "max_compile_attempts": 3,
    "max_test_attempts": 3
  },
  "compile_attempts": 3,
  "test_attempts": 0,
  "total_attempts": 3,
  "final_compile_success": false,
  "final_test_success": false,
  "first_attempt_compile_success": false,
  "first_attempt_test_success": false,
  "improved_by_iteration": false,
  "history": [
    {
      "attempt": 1,
      "phase": "initial",
      "compile_success": false,
      "compile_error": "=== Static Analysis ===\nPASS: No simulation-hanging patterns detected\n==================================================\n=== Compilation ===\nReturn code: 34\nD:\\WorkSpace\\ResearchCode\\LLM4DSL\\verilog\\Verilog-benchmark\\dataset_code-complete-iccad2023/Prob143_fsm_onehot_test.sv:1: error: `timescale directive can not be inside a module definition.\nD:\\WorkSpace\\ResearchCode\\LLM4DSL\\verilog\\Verilog-benchmark\\dataset_code-complete-iccad2023/Prob143_fsm_onehot_test.sv:6: syntax error\nD:\\WorkSpace\\ResearchCode\\LLM4DSL\\verilog\\Verilog-benchmark\\dataset_code-complete-iccad2023/Prob143_fsm_onehot_test.sv:15: error: malformed statement\nD:\\WorkSpace\\ResearchCode\\LLM4DSL\\verilog\\Verilog-benchmark\\dataset_code-complete-iccad2023/Prob143_fsm_onehot_test.sv:22: syntax error\nD:\\WorkSpace\\ResearchCode\\LLM4DSL\\verilog\\Verilog-benchmark\\dataset_code-complete-iccad2023/Prob143_fsm_onehot_test.sv:22: error: malformed statement\nD:\\WorkSpace\\ResearchCode\\LLM4DSL\\verilog\\Verilog-benchmark\\dataset_code-complete-iccad2023/Prob143_fsm_onehot_test.sv:23: syntax error\nD:\\WorkSpace\\ResearchCode\\LLM4DSL\\verilog\\Verilog-benchmark\\dataset_code-complete-iccad2023/Prob143_fsm_onehot_test.sv:25: error: malformed statement\nD:\\WorkSpace\\ResearchCode\\LLM4DSL\\verilog\\Verilog-benchmark\\dataset_code-complete-iccad2023/Prob143_fsm_onehot_test.sv:27: syntax error\nD:\\WorkSpace\\ResearchCode\\LLM4DSL\\verilog\\Verilog-benchmark\\dataset_code-complete-iccad2023/Prob143_fsm_onehot_test.sv:29: Syntax in assignment statement l-value.\nD:\\WorkSpace\\ResearchCode\\LLM4DSL\\verilog\\Verilog-benchmark\\dataset_code-complete-iccad2023/Prob143_fsm_onehot_test.sv:31: syntax error\nD:\\WorkSpace\\ResearchCode\\LLM4DSL\\verilog\\Verilog-benchmark\\dataset_code-complete-iccad2023/Prob143_fsm_onehot_test.sv:32: error: malformed statement\nD:\\WorkSpace\\ResearchCode\\LLM4DSL\\verilog\\Verilog-benchmark\\dataset_code-complete-iccad2023/Prob143_fsm_onehot_test.sv:37: syntax error\nD:\\WorkSpace\\ResearchCode\\LLM4DSL\\verilog\\Verilog-benchmark\\dataset_code-complete-iccad2023/Prob143_fsm_onehot_test.sv:60: error: malformed statement\nD:\\WorkSpace\\ResearchCode\\LLM4DSL\\verilog\\Verilog-benchmark\\dataset_code-complete-iccad2023/Prob143_fsm_onehot_test.sv:60: error: Incomprehensible case expression.\nD:\\WorkSpace\\ResearchCode\\LLM4DSL\\verilog\\Verilog-benchmark\\dataset_code-complete-iccad2023/Prob143_fsm_onehot_test.sv:62: syntax error\nD:\\WorkSpace\\ResearchCode\\LLM4DSL\\verilog\\Verilog-benchmark\\dataset_code-complete-iccad2023/Prob143_fsm_onehot_test.sv:85: error: malformed statement\nD:\\WorkSpace\\ResearchCode\\LLM4DSL\\verilog\\Verilog-benchmark\\dataset_code-complete-iccad2023/Prob143_fsm_onehot_test.sv:85: error: Incomprehensible case expression.\nD:\\WorkSpace\\ResearchCode\\LLM4DSL\\verilog\\Verilog-benchmark\\dataset_code-complete-iccad2023/Prob143_fsm_onehot_test.sv:86: syntax error\nD:\\WorkSpace\\ResearchCode\\LLM4DSL\\verilog\\Verilog-benchmark\\dataset_code-complete-iccad2023/Prob143_fsm_onehot_test.sv:94: error: malformed statement\nD:\\WorkSpace\\ResearchCode\\LLM4DSL\\verilog\\Verilog-benchmark\\dataset_code-complete-iccad2023/Prob143_fsm_onehot_test.sv:94: error: Incomprehensible case expression.\nD:\\WorkSpace\\ResearchCode\\LLM4DSL\\verilog\\Verilog-benchmark\\dataset_code-complete-iccad2023/Prob143_fsm_onehot_test.sv:95: syntax error\nD:\\WorkSpace\\ResearchCode\\LLM4DSL\\verilog\\Verilog-benchmark\\dataset_code-complete-iccad2023/Prob143_fsm_onehot_test.sv:95: error: malformed statement\nD:\\WorkSpace\\ResearchCode\\LLM4DSL\\verilog\\Verilog-benchmark\\dataset_code-complete-iccad2023/Prob143_fsm_onehot_test.sv:95: error: Incomprehensible case expression.\nD:\\WorkSpace\\ResearchCode\\LLM4DSL\\verilog\\Verilog-benchmark\\dataset_code-complete-iccad2023/Prob143_fsm_onehot_test.sv:96: syntax error\nD:\\WorkSpace\\ResearchCode\\LLM4DSL\\verilog\\Verilog-benchmark\\dataset_code-complete-iccad2023/Prob143_fsm_onehot_test.sv:96: error: malformed statement\nD:\\WorkSpace\\ResearchCode\\LLM4DSL\\verilog\\Verilog-benchmark\\dataset_code-complete-iccad2023/Prob143_fsm_onehot_test.sv:96: error: Incomprehensible case expression.\nD:\\WorkSpace\\ResearchCode\\LLM4DSL\\verilog\\Verilog-benchmark\\dataset_code-complete-iccad2023/Prob143_fsm_onehot_test.sv:97: syntax error\nD:\\WorkSpace\\ResearchCode\\LLM4DSL\\verilog\\Verilog-benchmark\\dataset_code-complete-iccad2023/Prob143_fsm_onehot_ref.sv:8: error: malformed statement\nD:\\WorkSpace\\ResearchCode\\LLM4DSL\\verilog\\Verilog-benchmark\\dataset_code-complete-iccad2023/Prob143_fsm_onehot_ref.sv:4: error: Incomprehensible case expression.\nD:\\WorkSpace\\ResearchCode\\LLM4DSL\\verilog\\Verilog-benchmark\\dataset_code-complete-iccad2023/Prob143_fsm_onehot_ref.sv:10: syntax error\nD:\\WorkSpace\\ResearchCode\\LLM4DSL\\verilog\\Verilog-benchmark\\dataset_code-complete-iccad2023/Prob143_fsm_onehot_ref.sv:13: error: malformed statement\nD:\\WorkSpace\\ResearchCode\\LLM4DSL\\verilog\\Verilog-benchmark\\dataset_code-complete-iccad2023/Prob143_fsm_onehot_ref.sv:13: error: Incomprehensible case expression.\nD:\\WorkSpace\\ResearchCode\\LLM4DSL\\verilog\\Verilog-benchmark\\dataset_code-complete-iccad2023/Prob143_fsm_onehot_ref.sv:14: syntax error\nI give up.\n",
      "test_success": null,
      "test_error": null,
      "mismatch_count": null
    },
    {
      "attempt": 2,
      "phase": "compile_fix",
      "compile_success": false,
      "compile_error": "=== Static Analysis ===\nPASS: No simulation-hanging patterns detected\n==================================================\n=== Compilation ===\nReturn code: 33\nD:\\WorkSpace\\ResearchCode\\LLM4DSL\\verilog\\Verilog-benchmark\\dataset_code-complete-iccad2023/Prob143_fsm_onehot_test.sv:1: error: `timescale directive can not be inside a module definition.\nD:\\WorkSpace\\ResearchCode\\LLM4DSL\\verilog\\Verilog-benchmark\\dataset_code-complete-iccad2023/Prob143_fsm_onehot_test.sv:6: syntax error\nD:\\WorkSpace\\ResearchCode\\LLM4DSL\\verilog\\Verilog-benchmark\\dataset_code-complete-iccad2023/Prob143_fsm_onehot_test.sv:15: error: malformed statement\nD:\\WorkSpace\\ResearchCode\\LLM4DSL\\verilog\\Verilog-benchmark\\dataset_code-complete-iccad2023/Prob143_fsm_onehot_test.sv:9: error: Incomprehensible case expression.\nD:\\WorkSpace\\ResearchCode\\LLM4DSL\\verilog\\Verilog-benchmark\\dataset_code-complete-iccad2023/Prob143_fsm_onehot_test.sv:22: syntax error\nD:\\WorkSpace\\ResearchCode\\LLM4DSL\\verilog\\Verilog-benchmark\\dataset_code-complete-iccad2023/Prob143_fsm_onehot_test.sv:22: error: malformed statement\nD:\\WorkSpace\\ResearchCode\\LLM4DSL\\verilog\\Verilog-benchmark\\dataset_code-complete-iccad2023/Prob143_fsm_onehot_test.sv:22: error: Incomprehensible case expression.\nD:\\WorkSpace\\ResearchCode\\LLM4DSL\\verilog\\Verilog-benchmark\\dataset_code-complete-iccad2023/Prob143_fsm_onehot_test.sv:23: syntax error\nD:\\WorkSpace\\ResearchCode\\LLM4DSL\\verilog\\Verilog-benchmark\\dataset_code-complete-iccad2023/Prob143_fsm_onehot_test.sv:29: Syntax in assignment statement l-value.\nD:\\WorkSpace\\ResearchCode\\LLM4DSL\\verilog\\Verilog-benchmark\\dataset_code-complete-iccad2023/Prob143_fsm_onehot_test.sv:29: error: Incomprehensible case expression.\nD:\\WorkSpace\\ResearchCode\\LLM4DSL\\verilog\\Verilog-benchmark\\dataset_code-complete-iccad2023/Prob143_fsm_onehot_test.sv:31: syntax error\nD:\\WorkSpace\\ResearchCode\\LLM4DSL\\verilog\\Verilog-benchmark\\dataset_code-complete-iccad2023/Prob143_fsm_onehot_test.sv:60: error: malformed statement\nD:\\WorkSpace\\ResearchCode\\LLM4DSL\\verilog\\Verilog-benchmark\\dataset_code-complete-iccad2023/Prob143_fsm_onehot_test.sv:60: error: Incomprehensible case expression.\nD:\\WorkSpace\\ResearchCode\\LLM4DSL\\verilog\\Verilog-benchmark\\dataset_code-complete-iccad2023/Prob143_fsm_onehot_test.sv:62: syntax error\nD:\\WorkSpace\\ResearchCode\\LLM4DSL\\verilog\\Verilog-benchmark\\dataset_code-complete-iccad2023/Prob143_fsm_onehot_test.sv:85: error: malformed statement\nD:\\WorkSpace\\ResearchCode\\LLM4DSL\\verilog\\Verilog-benchmark\\dataset_code-complete-iccad2023/Prob143_fsm_onehot_test.sv:85: error: Incomprehensible case expression.\nD:\\WorkSpace\\ResearchCode\\LLM4DSL\\verilog\\Verilog-benchmark\\dataset_code-complete-iccad2023/Prob143_fsm_onehot_test.sv:86: syntax error\nD:\\WorkSpace\\ResearchCode\\LLM4DSL\\verilog\\Verilog-benchmark\\dataset_code-complete-iccad2023/Prob143_fsm_onehot_test.sv:94: error: malformed statement\nD:\\WorkSpace\\ResearchCode\\LLM4DSL\\verilog\\Verilog-benchmark\\dataset_code-complete-iccad2023/Prob143_fsm_onehot_test.sv:94: error: Incomprehensible case expression.\nD:\\WorkSpace\\ResearchCode\\LLM4DSL\\verilog\\Verilog-benchmark\\dataset_code-complete-iccad2023/Prob143_fsm_onehot_test.sv:95: syntax error\nD:\\WorkSpace\\ResearchCode\\LLM4DSL\\verilog\\Verilog-benchmark\\dataset_code-complete-iccad2023/Prob143_fsm_onehot_test.sv:95: error: malformed statement\nD:\\WorkSpace\\ResearchCode\\LLM4DSL\\verilog\\Verilog-benchmark\\dataset_code-complete-iccad2023/Prob143_fsm_onehot_test.sv:95: error: Incomprehensible case expression.\nD:\\WorkSpace\\ResearchCode\\LLM4DSL\\verilog\\Verilog-benchmark\\dataset_code-complete-iccad2023/Prob143_fsm_onehot_test.sv:96: syntax error\nD:\\WorkSpace\\ResearchCode\\LLM4DSL\\verilog\\Verilog-benchmark\\dataset_code-complete-iccad2023/Prob143_fsm_onehot_test.sv:96: error: malformed statement\nD:\\WorkSpace\\ResearchCode\\LLM4DSL\\verilog\\Verilog-benchmark\\dataset_code-complete-iccad2023/Prob143_fsm_onehot_test.sv:96: error: Incomprehensible case expression.\nD:\\WorkSpace\\ResearchCode\\LLM4DSL\\verilog\\Verilog-benchmark\\dataset_code-complete-iccad2023/Prob143_fsm_onehot_test.sv:97: syntax error\nD:\\WorkSpace\\ResearchCode\\LLM4DSL\\verilog\\Verilog-benchmark\\dataset_code-complete-iccad2023/Prob143_fsm_onehot_ref.sv:8: error: malformed statement\nD:\\WorkSpace\\ResearchCode\\LLM4DSL\\verilog\\Verilog-benchmark\\dataset_code-complete-iccad2023/Prob143_fsm_onehot_ref.sv:4: error: Incomprehensible case expression.\nD:\\WorkSpace\\ResearchCode\\LLM4DSL\\verilog\\Verilog-benchmark\\dataset_code-complete-iccad2023/Prob143_fsm_onehot_ref.sv:10: syntax error\nD:\\WorkSpace\\ResearchCode\\LLM4DSL\\verilog\\Verilog-benchmark\\dataset_code-complete-iccad2023/Prob143_fsm_onehot_ref.sv:13: error: malformed statement\nD:\\WorkSpace\\ResearchCode\\LLM4DSL\\verilog\\Verilog-benchmark\\dataset_code-complete-iccad2023/Prob143_fsm_onehot_ref.sv:13: error: Incomprehensible case expression.\nD:\\WorkSpace\\ResearchCode\\LLM4DSL\\verilog\\Verilog-benchmark\\dataset_code-complete-iccad2023/Prob143_fsm_onehot_ref.sv:14: syntax error\nI give up.\n",
      "test_success": null,
      "test_error": null,
      "mismatch_count": null
    },
    {
      "attempt": 3,
      "phase": "compile_fix",
      "compile_success": false,
      "compile_error": "=== Static Analysis ===\nPASS: No simulation-hanging patterns detected\n==================================================\n=== Compilation ===\nReturn code: 32\nD:\\WorkSpace\\ResearchCode\\LLM4DSL\\verilog\\Verilog-benchmark\\dataset_code-complete-iccad2023/Prob143_fsm_onehot_test.sv:1: error: `timescale directive can not be inside a module definition.\nD:\\WorkSpace\\ResearchCode\\LLM4DSL\\verilog\\Verilog-benchmark\\dataset_code-complete-iccad2023/Prob143_fsm_onehot_test.sv:6: syntax error\nD:\\WorkSpace\\ResearchCode\\LLM4DSL\\verilog\\Verilog-benchmark\\dataset_code-complete-iccad2023/Prob143_fsm_onehot_test.sv:15: error: malformed statement\nD:\\WorkSpace\\ResearchCode\\LLM4DSL\\verilog\\Verilog-benchmark\\dataset_code-complete-iccad2023/Prob143_fsm_onehot_test.sv:22: syntax error\nD:\\WorkSpace\\ResearchCode\\LLM4DSL\\verilog\\Verilog-benchmark\\dataset_code-complete-iccad2023/Prob143_fsm_onehot_test.sv:22: error: malformed statement\nD:\\WorkSpace\\ResearchCode\\LLM4DSL\\verilog\\Verilog-benchmark\\dataset_code-complete-iccad2023/Prob143_fsm_onehot_test.sv:22: error: Incomprehensible case expression.\nD:\\WorkSpace\\ResearchCode\\LLM4DSL\\verilog\\Verilog-benchmark\\dataset_code-complete-iccad2023/Prob143_fsm_onehot_test.sv:23: syntax error\nD:\\WorkSpace\\ResearchCode\\LLM4DSL\\verilog\\Verilog-benchmark\\dataset_code-complete-iccad2023/Prob143_fsm_onehot_test.sv:29: Syntax in assignment statement l-value.\nD:\\WorkSpace\\ResearchCode\\LLM4DSL\\verilog\\Verilog-benchmark\\dataset_code-complete-iccad2023/Prob143_fsm_onehot_test.sv:29: error: Incomprehensible case expression.\nD:\\WorkSpace\\ResearchCode\\LLM4DSL\\verilog\\Verilog-benchmark\\dataset_code-complete-iccad2023/Prob143_fsm_onehot_test.sv:31: syntax error\nD:\\WorkSpace\\ResearchCode\\LLM4DSL\\verilog\\Verilog-benchmark\\dataset_code-complete-iccad2023/Prob143_fsm_onehot_test.sv:60: error: malformed statement\nD:\\WorkSpace\\ResearchCode\\LLM4DSL\\verilog\\Verilog-benchmark\\dataset_code-complete-iccad2023/Prob143_fsm_onehot_test.sv:60: error: Incomprehensible case expression.\nD:\\WorkSpace\\ResearchCode\\LLM4DSL\\verilog\\Verilog-benchmark\\dataset_code-complete-iccad2023/Prob143_fsm_onehot_test.sv:62: syntax error\nD:\\WorkSpace\\ResearchCode\\LLM4DSL\\verilog\\Verilog-benchmark\\dataset_code-complete-iccad2023/Prob143_fsm_onehot_test.sv:85: error: malformed statement\nD:\\WorkSpace\\ResearchCode\\LLM4DSL\\verilog\\Verilog-benchmark\\dataset_code-complete-iccad2023/Prob143_fsm_onehot_test.sv:85: error: Incomprehensible case expression.\nD:\\WorkSpace\\ResearchCode\\LLM4DSL\\verilog\\Verilog-benchmark\\dataset_code-complete-iccad2023/Prob143_fsm_onehot_test.sv:86: syntax error\nD:\\WorkSpace\\ResearchCode\\LLM4DSL\\verilog\\Verilog-benchmark\\dataset_code-complete-iccad2023/Prob143_fsm_onehot_test.sv:94: error: malformed statement\nD:\\WorkSpace\\ResearchCode\\LLM4DSL\\verilog\\Verilog-benchmark\\dataset_code-complete-iccad2023/Prob143_fsm_onehot_test.sv:94: error: Incomprehensible case expression.\nD:\\WorkSpace\\ResearchCode\\LLM4DSL\\verilog\\Verilog-benchmark\\dataset_code-complete-iccad2023/Prob143_fsm_onehot_test.sv:95: syntax error\nD:\\WorkSpace\\ResearchCode\\LLM4DSL\\verilog\\Verilog-benchmark\\dataset_code-complete-iccad2023/Prob143_fsm_onehot_test.sv:95: error: malformed statement\nD:\\WorkSpace\\ResearchCode\\LLM4DSL\\verilog\\Verilog-benchmark\\dataset_code-complete-iccad2023/Prob143_fsm_onehot_test.sv:95: error: Incomprehensible case expression.\nD:\\WorkSpace\\ResearchCode\\LLM4DSL\\verilog\\Verilog-benchmark\\dataset_code-complete-iccad2023/Prob143_fsm_onehot_test.sv:96: syntax error\nD:\\WorkSpace\\ResearchCode\\LLM4DSL\\verilog\\Verilog-benchmark\\dataset_code-complete-iccad2023/Prob143_fsm_onehot_test.sv:96: error: malformed statement\nD:\\WorkSpace\\ResearchCode\\LLM4DSL\\verilog\\Verilog-benchmark\\dataset_code-complete-iccad2023/Prob143_fsm_onehot_test.sv:96: error: Incomprehensible case expression.\nD:\\WorkSpace\\ResearchCode\\LLM4DSL\\verilog\\Verilog-benchmark\\dataset_code-complete-iccad2023/Prob143_fsm_onehot_test.sv:97: syntax error\nD:\\WorkSpace\\ResearchCode\\LLM4DSL\\verilog\\Verilog-benchmark\\dataset_code-complete-iccad2023/Prob143_fsm_onehot_ref.sv:8: error: malformed statement\nD:\\WorkSpace\\ResearchCode\\LLM4DSL\\verilog\\Verilog-benchmark\\dataset_code-complete-iccad2023/Prob143_fsm_onehot_ref.sv:4: error: Incomprehensible case expression.\nD:\\WorkSpace\\ResearchCode\\LLM4DSL\\verilog\\Verilog-benchmark\\dataset_code-complete-iccad2023/Prob143_fsm_onehot_ref.sv:10: syntax error\nD:\\WorkSpace\\ResearchCode\\LLM4DSL\\verilog\\Verilog-benchmark\\dataset_code-complete-iccad2023/Prob143_fsm_onehot_ref.sv:13: error: malformed statement\nD:\\WorkSpace\\ResearchCode\\LLM4DSL\\verilog\\Verilog-benchmark\\dataset_code-complete-iccad2023/Prob143_fsm_onehot_ref.sv:13: error: Incomprehensible case expression.\nD:\\WorkSpace\\ResearchCode\\LLM4DSL\\verilog\\Verilog-benchmark\\dataset_code-complete-iccad2023/Prob143_fsm_onehot_ref.sv:14: syntax error\nI give up.\n",
      "test_success": null,
      "test_error": null,
      "mismatch_count": null
    }
  ]
}