=== Static Analysis ===
PASS: No simulation-hanging patterns detected
==================================================
=== Compilation ===
Return code: 5
results/gpt_oss_20b_0shot_temp0_8_topP0_95_iterative\Prob016_m2014_q4j\attempt_2\Prob016_m2014_q4j_code.sv:9: error: Unknown module type: full_adder
results/gpt_oss_20b_0shot_temp0_8_topP0_95_iterative\Prob016_m2014_q4j\attempt_2\Prob016_m2014_q4j_code.sv:10: error: Unknown module type: full_adder
results/gpt_oss_20b_0shot_temp0_8_topP0_95_iterative\Prob016_m2014_q4j\attempt_2\Prob016_m2014_q4j_code.sv:11: error: Unknown module type: full_adder
results/gpt_oss_20b_0shot_temp0_8_topP0_95_iterative\Prob016_m2014_q4j\attempt_2\Prob016_m2014_q4j_code.sv:12: error: Unknown module type: full_adder
5 error(s) during elaboration.
*** These modules were missing:
        full_adder referenced 4 times.
***
