=== Static Analysis ===
PASS: No simulation-hanging patterns detected
==================================================
=== Compilation ===
Return code: 2
results/gemma3_12b_0shot_temp0_8_topP0_95_iterative\Prob149_ece241_2013_q4\attempt_2\Prob149_ece241_2013_q4_code.sv:34: sorry: constant selects in always_* processes are not currently supported (all bits will be included).
results/gemma3_12b_0shot_temp0_8_topP0_95_iterative\Prob149_ece241_2013_q4\attempt_2\Prob149_ece241_2013_q4_code.sv:34: sorry: constant selects in always_* processes are not currently supported (all bits will be included).
results/gemma3_12b_0shot_temp0_8_topP0_95_iterative\Prob149_ece241_2013_q4\attempt_2\Prob149_ece241_2013_q4_code.sv:34: sorry: constant selects in always_* processes are not currently supported (all bits will be included).
results/gemma3_12b_0shot_temp0_8_topP0_95_iterative\Prob149_ece241_2013_q4\attempt_2\Prob149_ece241_2013_q4_code.sv:116: error: can not select part of scalar: last_s
results/gemma3_12b_0shot_temp0_8_topP0_95_iterative\Prob149_ece241_2013_q4\attempt_2\Prob149_ece241_2013_q4_code.sv:116: error: Unable to elaborate condition expression.
results/gemma3_12b_0shot_temp0_8_topP0_95_iterative\Prob149_ece241_2013_q4\attempt_2\Prob149_ece241_2013_q4_code.sv:87: sorry: constant selects in always_* processes are not currently supported (all bits will be included).
results/gemma3_12b_0shot_temp0_8_topP0_95_iterative\Prob149_ece241_2013_q4\attempt_2\Prob149_ece241_2013_q4_code.sv:87: sorry: constant selects in always_* processes are not currently supported (all bits will be included).
2 error(s) during elaboration.
