Problem: Prob152_lemmings3
Code file: results\glm_4_6_0shot_temp0_0_topP0_01_promptv1\Prob152_lemmings3/Prob152_lemmings3_sample01.sv
Compilation: FAILED
==================================================
=== Static Analysis ===
PASS: No simulation-hanging patterns detected
==================================================
Compilation failed (exit code 3):

D:\WorkSpace\ResearchCode\LLM4DSL\verilog\Verilog-benchmark\dataset_code-complete-iccad2023/Prob152_lemmings3_test.sv:1: error: `timescale directive can not be inside a module definition.
D:\WorkSpace\ResearchCode\LLM4DSL\verilog\Verilog-benchmark\dataset_code-complete-iccad2023/Prob152_lemmings3_test.sv:6: syntax error
results\glm_4_6_0shot_temp0_0_topP0_01_promptv1\Prob152_lemmings3/Prob152_lemmings3_sample01.sv:93: error: syntax error in continuous assignment
