=== Compilation ===
Command: iverilog -Wall -Winfloop -Wno-timescale -g2012 -s tb -o results\gemma3_12b_0shot_temp0.0\Prob100_fsm3comb/Prob100_fsm3comb_sample01 results\gemma3_12b_0shot_temp0.0\Prob100_fsm3comb/Prob100_fsm3comb_sample01.sv dataset_code-complete-iccad2023/Prob100_fsm3comb_test.sv dataset_code-complete-iccad2023/Prob100_fsm3comb_ref.sv
Return code: 5

--- stdout ---


--- stderr ---
results\gemma3_12b_0shot_temp0.0\Prob100_fsm3comb/Prob100_fsm3comb_sample01.sv:17: error: out is not a valid l-value in tb.top_module1.
results\gemma3_12b_0shot_temp0.0\Prob100_fsm3comb/Prob100_fsm3comb_sample01.sv:7:      : out is declared here as wire.
results\gemma3_12b_0shot_temp0.0\Prob100_fsm3comb/Prob100_fsm3comb_sample01.sv:24: error: out is not a valid l-value in tb.top_module1.
results\gemma3_12b_0shot_temp0.0\Prob100_fsm3comb/Prob100_fsm3comb_sample01.sv:7:      : out is declared here as wire.
results\gemma3_12b_0shot_temp0.0\Prob100_fsm3comb/Prob100_fsm3comb_sample01.sv:31: error: out is not a valid l-value in tb.top_module1.
results\gemma3_12b_0shot_temp0.0\Prob100_fsm3comb/Prob100_fsm3comb_sample01.sv:7:      : out is declared here as wire.
results\gemma3_12b_0shot_temp0.0\Prob100_fsm3comb/Prob100_fsm3comb_sample01.sv:38: error: out is not a valid l-value in tb.top_module1.
results\gemma3_12b_0shot_temp0.0\Prob100_fsm3comb/Prob100_fsm3comb_sample01.sv:7:      : out is declared here as wire.
results\gemma3_12b_0shot_temp0.0\Prob100_fsm3comb/Prob100_fsm3comb_sample01.sv:42: error: out is not a valid l-value in tb.top_module1.
results\gemma3_12b_0shot_temp0.0\Prob100_fsm3comb/Prob100_fsm3comb_sample01.sv:7:      : out is declared here as wire.
5 error(s) during elaboration.
