{
  "problem_name": "Prob036_ringer",
  "model_name": "gemma3:12b",
  "parameters": {
    "temperature": 0.8,
    "top_p": 0.95,
    "max_compile_attempts": 3,
    "max_test_attempts": 3
  },
  "compile_attempts": 3,
  "test_attempts": 0,
  "total_attempts": 3,
  "final_compile_success": false,
  "final_test_success": false,
  "first_attempt_compile_success": false,
  "first_attempt_test_success": false,
  "improved_by_iteration": false,
  "history": [
    {
      "attempt": 1,
      "phase": "initial",
      "compile_success": false,
      "compile_error": "=== Static Analysis ===\nPASS: No simulation-hanging patterns detected\n==================================================\n=== Compilation ===\nReturn code: 4\nresults/gemma3_12b_0shot_temp0_8_topP0_95_iterative\\Prob036_ringer\\attempt_1\\Prob036_ringer_code.sv:13: error: ringer is not a valid l-value in tb.top_module1.\nresults/gemma3_12b_0shot_temp0_8_topP0_95_iterative\\Prob036_ringer\\attempt_1\\Prob036_ringer_code.sv:5:      : ringer is declared here as wire.\nresults/gemma3_12b_0shot_temp0_8_topP0_95_iterative\\Prob036_ringer\\attempt_1\\Prob036_ringer_code.sv:14: error: motor is not a valid l-value in tb.top_module1.\nresults/gemma3_12b_0shot_temp0_8_topP0_95_iterative\\Prob036_ringer\\attempt_1\\Prob036_ringer_code.sv:6:      : motor is declared here as wire.\nresults/gemma3_12b_0shot_temp0_8_topP0_95_iterative\\Prob036_ringer\\attempt_1\\Prob036_ringer_code.sv:16: error: ringer is not a valid l-value in tb.top_module1.\nresults/gemma3_12b_0shot_temp0_8_topP0_95_iterative\\Prob036_ringer\\attempt_1\\Prob036_ringer_code.sv:5:      : ringer is declared here as wire.\nresults/gemma3_12b_0shot_temp0_8_topP0_95_iterative\\Prob036_ringer\\attempt_1\\Prob036_ringer_code.sv:17: error: motor is not a valid l-value in tb.top_module1.\nresults/gemma3_12b_0shot_temp0_8_topP0_95_iterative\\Prob036_ringer\\attempt_1\\Prob036_ringer_code.sv:6:      : motor is declared here as wire.\n4 error(s) during elaboration.\n",
      "test_success": null,
      "test_error": null,
      "mismatch_count": null
    },
    {
      "attempt": 2,
      "phase": "compile_fix",
      "compile_success": false,
      "compile_error": "=== Static Analysis ===\nPASS: No simulation-hanging patterns detected\n==================================================\n=== Compilation ===\nReturn code: 4\nresults/gemma3_12b_0shot_temp0_8_topP0_95_iterative\\Prob036_ringer\\attempt_2\\Prob036_ringer_code.sv:12: error: ringer is not a valid l-value in tb.top_module1.\nresults/gemma3_12b_0shot_temp0_8_topP0_95_iterative\\Prob036_ringer\\attempt_2\\Prob036_ringer_code.sv:5:      : ringer is declared here as wire.\nresults/gemma3_12b_0shot_temp0_8_topP0_95_iterative\\Prob036_ringer\\attempt_2\\Prob036_ringer_code.sv:13: error: motor is not a valid l-value in tb.top_module1.\nresults/gemma3_12b_0shot_temp0_8_topP0_95_iterative\\Prob036_ringer\\attempt_2\\Prob036_ringer_code.sv:6:      : motor is declared here as wire.\nresults/gemma3_12b_0shot_temp0_8_topP0_95_iterative\\Prob036_ringer\\attempt_2\\Prob036_ringer_code.sv:15: error: ringer is not a valid l-value in tb.top_module1.\nresults/gemma3_12b_0shot_temp0_8_topP0_95_iterative\\Prob036_ringer\\attempt_2\\Prob036_ringer_code.sv:5:      : ringer is declared here as wire.\nresults/gemma3_12b_0shot_temp0_8_topP0_95_iterative\\Prob036_ringer\\attempt_2\\Prob036_ringer_code.sv:16: error: motor is not a valid l-value in tb.top_module1.\nresults/gemma3_12b_0shot_temp0_8_topP0_95_iterative\\Prob036_ringer\\attempt_2\\Prob036_ringer_code.sv:6:      : motor is declared here as wire.\n4 error(s) during elaboration.\n",
      "test_success": null,
      "test_error": null,
      "mismatch_count": null
    },
    {
      "attempt": 3,
      "phase": "compile_fix",
      "compile_success": false,
      "compile_error": "=== Static Analysis ===\nPASS: No simulation-hanging patterns detected\n==================================================\n=== Compilation ===\nReturn code: 4\nresults/gemma3_12b_0shot_temp0_8_topP0_95_iterative\\Prob036_ringer\\attempt_3\\Prob036_ringer_code.sv:12: error: ringer is not a valid l-value in tb.top_module1.\nresults/gemma3_12b_0shot_temp0_8_topP0_95_iterative\\Prob036_ringer\\attempt_3\\Prob036_ringer_code.sv:5:      : ringer is declared here as wire.\nresults/gemma3_12b_0shot_temp0_8_topP0_95_iterative\\Prob036_ringer\\attempt_3\\Prob036_ringer_code.sv:13: error: motor is not a valid l-value in tb.top_module1.\nresults/gemma3_12b_0shot_temp0_8_topP0_95_iterative\\Prob036_ringer\\attempt_3\\Prob036_ringer_code.sv:6:      : motor is declared here as wire.\nresults/gemma3_12b_0shot_temp0_8_topP0_95_iterative\\Prob036_ringer\\attempt_3\\Prob036_ringer_code.sv:15: error: ringer is not a valid l-value in tb.top_module1.\nresults/gemma3_12b_0shot_temp0_8_topP0_95_iterative\\Prob036_ringer\\attempt_3\\Prob036_ringer_code.sv:5:      : ringer is declared here as wire.\nresults/gemma3_12b_0shot_temp0_8_topP0_95_iterative\\Prob036_ringer\\attempt_3\\Prob036_ringer_code.sv:16: error: motor is not a valid l-value in tb.top_module1.\nresults/gemma3_12b_0shot_temp0_8_topP0_95_iterative\\Prob036_ringer\\attempt_3\\Prob036_ringer_code.sv:6:      : motor is declared here as wire.\n4 error(s) during elaboration.\n",
      "test_success": null,
      "test_error": null,
      "mismatch_count": null
    }
  ]
}