{
  "problem_name": "Prob068_countbcd",
  "model_name": "gemma3:12b",
  "parameters": {
    "temperature": 0.8,
    "top_p": 0.95,
    "max_compile_attempts": 3,
    "max_test_attempts": 3
  },
  "compile_attempts": 3,
  "test_attempts": 0,
  "total_attempts": 3,
  "final_compile_success": false,
  "final_test_success": false,
  "first_attempt_compile_success": false,
  "first_attempt_test_success": false,
  "improved_by_iteration": false,
  "history": [
    {
      "attempt": 1,
      "phase": "initial",
      "compile_success": false,
      "compile_error": "=== Static Analysis ===\nPASS: No simulation-hanging patterns detected\n==================================================\n=== Compilation ===\nReturn code: 6\nresults/gemma3_12b_0shot_temp0_8_topP0_95_iterative\\Prob068_countbcd\\attempt_1\\Prob068_countbcd_code.sv:34: error: ena['sd1] is not a valid l-value in tb.top_module1.\nresults/gemma3_12b_0shot_temp0_8_topP0_95_iterative\\Prob068_countbcd\\attempt_1\\Prob068_countbcd_code.sv:5:      : ena['sd1] is declared here as wire.\nresults/gemma3_12b_0shot_temp0_8_topP0_95_iterative\\Prob068_countbcd\\attempt_1\\Prob068_countbcd_code.sv:36: error: ena['sd1] is not a valid l-value in tb.top_module1.\nresults/gemma3_12b_0shot_temp0_8_topP0_95_iterative\\Prob068_countbcd\\attempt_1\\Prob068_countbcd_code.sv:5:      : ena['sd1] is declared here as wire.\nresults/gemma3_12b_0shot_temp0_8_topP0_95_iterative\\Prob068_countbcd\\attempt_1\\Prob068_countbcd_code.sv:48: error: ena['sd2] is not a valid l-value in tb.top_module1.\nresults/gemma3_12b_0shot_temp0_8_topP0_95_iterative\\Prob068_countbcd\\attempt_1\\Prob068_countbcd_code.sv:5:      : ena['sd2] is declared here as wire.\nresults/gemma3_12b_0shot_temp0_8_topP0_95_iterative\\Prob068_countbcd\\attempt_1\\Prob068_countbcd_code.sv:50: error: ena['sd2] is not a valid l-value in tb.top_module1.\nresults/gemma3_12b_0shot_temp0_8_topP0_95_iterative\\Prob068_countbcd\\attempt_1\\Prob068_countbcd_code.sv:5:      : ena['sd2] is declared here as wire.\nresults/gemma3_12b_0shot_temp0_8_topP0_95_iterative\\Prob068_countbcd\\attempt_1\\Prob068_countbcd_code.sv:62: error: ena['sd3] is not a valid l-value in tb.top_module1.\nresults/gemma3_12b_0shot_temp0_8_topP0_95_iterative\\Prob068_countbcd\\attempt_1\\Prob068_countbcd_code.sv:5:      : ena['sd3] is declared here as wire.\nresults/gemma3_12b_0shot_temp0_8_topP0_95_iterative\\Prob068_countbcd\\attempt_1\\Prob068_countbcd_code.sv:64: error: ena['sd3] is not a valid l-value in tb.top_module1.\nresults/gemma3_12b_0shot_temp0_8_topP0_95_iterative\\Prob068_countbcd\\attempt_1\\Prob068_countbcd_code.sv:5:      : ena['sd3] is declared here as wire.\n6 error(s) during elaboration.\n",
      "test_success": null,
      "test_error": null,
      "mismatch_count": null
    },
    {
      "attempt": 2,
      "phase": "compile_fix",
      "compile_success": false,
      "compile_error": "=== Static Analysis ===\nPASS: No simulation-hanging patterns detected\n==================================================\n=== Compilation ===\nReturn code: 6\nresults/gemma3_12b_0shot_temp0_8_topP0_95_iterative\\Prob068_countbcd\\attempt_2\\Prob068_countbcd_code.sv:33: error: ena['sd1] is not a valid l-value in tb.top_module1.\nresults/gemma3_12b_0shot_temp0_8_topP0_95_iterative\\Prob068_countbcd\\attempt_2\\Prob068_countbcd_code.sv:5:      : ena['sd1] is declared here as wire.\nresults/gemma3_12b_0shot_temp0_8_topP0_95_iterative\\Prob068_countbcd\\attempt_2\\Prob068_countbcd_code.sv:35: error: ena['sd1] is not a valid l-value in tb.top_module1.\nresults/gemma3_12b_0shot_temp0_8_topP0_95_iterative\\Prob068_countbcd\\attempt_2\\Prob068_countbcd_code.sv:5:      : ena['sd1] is declared here as wire.\nresults/gemma3_12b_0shot_temp0_8_topP0_95_iterative\\Prob068_countbcd\\attempt_2\\Prob068_countbcd_code.sv:47: error: ena['sd2] is not a valid l-value in tb.top_module1.\nresults/gemma3_12b_0shot_temp0_8_topP0_95_iterative\\Prob068_countbcd\\attempt_2\\Prob068_countbcd_code.sv:5:      : ena['sd2] is declared here as wire.\nresults/gemma3_12b_0shot_temp0_8_topP0_95_iterative\\Prob068_countbcd\\attempt_2\\Prob068_countbcd_code.sv:49: error: ena['sd2] is not a valid l-value in tb.top_module1.\nresults/gemma3_12b_0shot_temp0_8_topP0_95_iterative\\Prob068_countbcd\\attempt_2\\Prob068_countbcd_code.sv:5:      : ena['sd2] is declared here as wire.\nresults/gemma3_12b_0shot_temp0_8_topP0_95_iterative\\Prob068_countbcd\\attempt_2\\Prob068_countbcd_code.sv:61: error: ena['sd3] is not a valid l-value in tb.top_module1.\nresults/gemma3_12b_0shot_temp0_8_topP0_95_iterative\\Prob068_countbcd\\attempt_2\\Prob068_countbcd_code.sv:5:      : ena['sd3] is declared here as wire.\nresults/gemma3_12b_0shot_temp0_8_topP0_95_iterative\\Prob068_countbcd\\attempt_2\\Prob068_countbcd_code.sv:63: error: ena['sd3] is not a valid l-value in tb.top_module1.\nresults/gemma3_12b_0shot_temp0_8_topP0_95_iterative\\Prob068_countbcd\\attempt_2\\Prob068_countbcd_code.sv:5:      : ena['sd3] is declared here as wire.\n6 error(s) during elaboration.\n",
      "test_success": null,
      "test_error": null,
      "mismatch_count": null
    },
    {
      "attempt": 3,
      "phase": "compile_fix",
      "compile_success": false,
      "compile_error": "=== Static Analysis ===\nPASS: No simulation-hanging patterns detected\n==================================================\n=== Compilation ===\nReturn code: 6\nresults/gemma3_12b_0shot_temp0_8_topP0_95_iterative\\Prob068_countbcd\\attempt_3\\Prob068_countbcd_code.sv:33: error: ena['sd1] is not a valid l-value in tb.top_module1.\nresults/gemma3_12b_0shot_temp0_8_topP0_95_iterative\\Prob068_countbcd\\attempt_3\\Prob068_countbcd_code.sv:5:      : ena['sd1] is declared here as wire.\nresults/gemma3_12b_0shot_temp0_8_topP0_95_iterative\\Prob068_countbcd\\attempt_3\\Prob068_countbcd_code.sv:35: error: ena['sd1] is not a valid l-value in tb.top_module1.\nresults/gemma3_12b_0shot_temp0_8_topP0_95_iterative\\Prob068_countbcd\\attempt_3\\Prob068_countbcd_code.sv:5:      : ena['sd1] is declared here as wire.\nresults/gemma3_12b_0shot_temp0_8_topP0_95_iterative\\Prob068_countbcd\\attempt_3\\Prob068_countbcd_code.sv:47: error: ena['sd2] is not a valid l-value in tb.top_module1.\nresults/gemma3_12b_0shot_temp0_8_topP0_95_iterative\\Prob068_countbcd\\attempt_3\\Prob068_countbcd_code.sv:5:      : ena['sd2] is declared here as wire.\nresults/gemma3_12b_0shot_temp0_8_topP0_95_iterative\\Prob068_countbcd\\attempt_3\\Prob068_countbcd_code.sv:49: error: ena['sd2] is not a valid l-value in tb.top_module1.\nresults/gemma3_12b_0shot_temp0_8_topP0_95_iterative\\Prob068_countbcd\\attempt_3\\Prob068_countbcd_code.sv:5:      : ena['sd2] is declared here as wire.\nresults/gemma3_12b_0shot_temp0_8_topP0_95_iterative\\Prob068_countbcd\\attempt_3\\Prob068_countbcd_code.sv:61: error: ena['sd3] is not a valid l-value in tb.top_module1.\nresults/gemma3_12b_0shot_temp0_8_topP0_95_iterative\\Prob068_countbcd\\attempt_3\\Prob068_countbcd_code.sv:5:      : ena['sd3] is declared here as wire.\nresults/gemma3_12b_0shot_temp0_8_topP0_95_iterative\\Prob068_countbcd\\attempt_3\\Prob068_countbcd_code.sv:63: error: ena['sd3] is not a valid l-value in tb.top_module1.\nresults/gemma3_12b_0shot_temp0_8_topP0_95_iterative\\Prob068_countbcd\\attempt_3\\Prob068_countbcd_code.sv:5:      : ena['sd3] is declared here as wire.\n6 error(s) during elaboration.\n",
      "test_success": null,
      "test_error": null,
      "mismatch_count": null
    }
  ]
}