=== Static Analysis ===
PASS: No simulation-hanging patterns detected
==================================================
=== Compilation ===
Return code: 3
results/gpt_oss_20b_0shot_temp0_0_topP0_01_iterative\Prob074_ece241_2014_q4\attempt_1\Prob074_ece241_2014_q4_code.sv:7: syntax error
D:\WorkSpace\ResearchCode\LLM4DSL\verilog\Verilog-benchmark\dataset_code-complete-iccad2023/Prob074_ece241_2014_q4_test.sv:1: error: `timescale directive can not be inside a module definition.
D:\WorkSpace\ResearchCode\LLM4DSL\verilog\Verilog-benchmark\dataset_code-complete-iccad2023/Prob074_ece241_2014_q4_test.sv:11: error: invalid module item.
