Problem: Prob132_always_if2
Code file: results\gemma3_12b_0shot_temp0_0_topP0_01\Prob132_always_if2/Prob132_always_if2_sample01.sv
Compilation: FAILED
==================================================
=== Static Analysis ===
PASS: No simulation-hanging patterns detected
==================================================
Compilation failed (exit code 4):

results\gemma3_12b_0shot_temp0_0_topP0_01\Prob132_always_if2/Prob132_always_if2_sample01.sv:11: error: Unable to bind wire/reg/memory `clk' in `tb.top_module1'
results\gemma3_12b_0shot_temp0_0_topP0_01\Prob132_always_if2/Prob132_always_if2_sample01.sv:11: error: Failed to evaluate event expression 'posedge clk'.
results\gemma3_12b_0shot_temp0_0_topP0_01\Prob132_always_if2/Prob132_always_if2_sample01.sv:18: error: Unable to bind wire/reg/memory `clk' in `tb.top_module1'
results\gemma3_12b_0shot_temp0_0_topP0_01\Prob132_always_if2/Prob132_always_if2_sample01.sv:18: error: Failed to evaluate event expression 'posedge clk'.
4 error(s) during elaboration.
