Problem: Prob077_wire_decl
Code file: results\gemma3_12b_0shot_temp0_0_topP0_01\Prob077_wire_decl/Prob077_wire_decl_sample01.sv
Compilation: FAILED
==================================================
=== Static Analysis ===
PASS: No simulation-hanging patterns detected
==================================================
Compilation failed (exit code 6):

results\gemma3_12b_0shot_temp0_0_topP0_01\Prob077_wire_decl/Prob077_wire_decl_sample01.sv:16: syntax error
results\gemma3_12b_0shot_temp0_0_topP0_01\Prob077_wire_decl/Prob077_wire_decl_sample01.sv:16: error: Invalid module instantiation
results\gemma3_12b_0shot_temp0_0_topP0_01\Prob077_wire_decl/Prob077_wire_decl_sample01.sv:17: error: Invalid module instantiation
results\gemma3_12b_0shot_temp0_0_topP0_01\Prob077_wire_decl/Prob077_wire_decl_sample01.sv:18: error: Invalid module instantiation
results\gemma3_12b_0shot_temp0_0_topP0_01\Prob077_wire_decl/Prob077_wire_decl_sample01.sv:19: error: Invalid module instantiation
results\gemma3_12b_0shot_temp0_0_topP0_01\Prob077_wire_decl/Prob077_wire_decl_sample01.sv:20: error: Invalid module instantiation
