Problem: Prob127_lemmings1
Code file: results\gemma3_12b_0shot_temp0_0_topP0_01\Prob127_lemmings1/Prob127_lemmings1_sample01.sv
Compilation: FAILED
==================================================
=== Static Analysis ===
PASS: No simulation-hanging patterns detected
==================================================
Compilation failed (exit code 8):

results\gemma3_12b_0shot_temp0_0_topP0_01\Prob127_lemmings1/Prob127_lemmings1_sample01.sv:14: error: walk_left is not a valid l-value in tb.top_module1.
results\gemma3_12b_0shot_temp0_0_topP0_01\Prob127_lemmings1/Prob127_lemmings1_sample01.sv:8:      : walk_left is declared here as wire.
results\gemma3_12b_0shot_temp0_0_topP0_01\Prob127_lemmings1/Prob127_lemmings1_sample01.sv:15: error: walk_right is not a valid l-value in tb.top_module1.
results\gemma3_12b_0shot_temp0_0_topP0_01\Prob127_lemmings1/Prob127_lemmings1_sample01.sv:9:      : walk_right is declared here as wire.
results\gemma3_12b_0shot_temp0_0_topP0_01\Prob127_lemmings1/Prob127_lemmings1_sample01.sv:18: error: walk_left is not a valid l-value in tb.top_module1.
results\gemma3_12b_0shot_temp0_0_topP0_01\Prob127_lemmings1/Prob127_lemmings1_sample01.sv:8:      : walk_left is declared here as wire.
results\gemma3_12b_0shot_temp0_0_topP0_01\Prob127_lemmings1/Prob127_lemmings1_sample01.sv:19: error: walk_right is not a valid l-value in tb.top_module1.
results\gemma3_12b_0shot_temp0_0_topP0_01\Prob127_lemmings1/Prob127_lemmings1_sample01.sv:9:      : walk_right is declared here as wire.
results\gemma3_12b_0shot_temp0_0_topP0_01\Prob127_lemmings1/Prob127_lemmings1_sample01.sv:21: error: walk_left is not a valid l-value in tb.top_module1.
results\gemma3_12b_0shot_temp0_0_topP0_01\Prob127_lemmings1/Prob127_lemmings1_sample01.sv:8:      : walk_left is declared here as wire.
results\gemma3_12b_0shot_temp0_0_topP0_01\Prob127_lemmings1/Prob127_lemmings1_sample01.sv:22: error: walk_right is not a valid l-value in tb.top_module1.
results\gemma3_12b_0shot_temp0_0_topP0_01\Prob127_lemmings1/Prob127_lemmings1_sample01.sv:9:      : walk_right is declared here as wire.
results\gemma3_12b_0shot_temp0_0_topP0_01\Prob127_lemmings1/Prob127_lemmings1_sample01.sv:24: error: walk_left is not a valid l-value in tb.top_module1.
results\gemma3_12b_0shot_temp0_0_topP0_01\Prob127_lemmings1/Prob127_lemmings1_sample01.sv:8:      : walk_left is declared here as wire.
results\gemma3_12b_0shot_temp0_0_topP0_01\Prob127_lemmings1/Prob127_lemmings1_sample01.sv:25: error: walk_right is not a valid l-value in tb.top_module1.
results\gemma3_12b_0shot_temp0_0_topP0_01\Prob127_lemmings1/Prob127_lemmings1_sample01.sv:9:      : walk_right is declared here as wire.
8 error(s) during elaboration.
