{
  "problem_name": "Prob136_m2014_q6",
  "model_name": "phi4:14b",
  "parameters": {
    "temperature": 0.0,
    "top_p": 0.01,
    "max_compile_attempts": 3,
    "max_test_attempts": 3
  },
  "compile_attempts": 1,
  "test_attempts": 3,
  "total_attempts": 4,
  "final_compile_success": true,
  "final_test_success": false,
  "first_attempt_compile_success": true,
  "first_attempt_test_success": false,
  "improved_by_iteration": false,
  "history": [
    {
      "attempt": 1,
      "phase": "initial",
      "compile_success": true,
      "compile_error": null,
      "test_success": false,
      "test_error": "=== Test Execution ===\nReturn code: 0\nVCD info: dumpfile wave.vcd opened for output.\nHint: Output 'z' has 16 mismatches. First mismatch occurred at time 405.\nHint: Total mismatched samples is 16 out of 200 samples\n\nSimulation finished at 1001 ps\nMismatches: 16 in 200 samples\n",
      "mismatch_count": 16
    },
    {
      "attempt": 2,
      "phase": "test_fix",
      "compile_success": false,
      "compile_error": "=== Static Analysis ===\nPASS: No simulation-hanging patterns detected\n==================================================\n=== Compilation ===\nReturn code: 2\nresults/phi4_14b_0shot_temp0_0_topP0_01_iterative\\Prob136_m2014_q6\\attempt_2\\Prob136_m2014_q6_code.sv:10: error: Unable to bind wire/reg/memory `current_state' in `tb.top_module1'\nresults/phi4_14b_0shot_temp0_0_topP0_01_iterative\\Prob136_m2014_q6\\attempt_2\\Prob136_m2014_q6_code.sv:10: error: Unable to elaborate this case expression.\nresults/phi4_14b_0shot_temp0_0_topP0_01_iterative\\Prob136_m2014_q6\\attempt_2\\Prob136_m2014_q6_code.sv:23: error: Unable to bind wire/reg/memory `current_state' in `tb.top_module1'\nresults/phi4_14b_0shot_temp0_0_topP0_01_iterative\\Prob136_m2014_q6\\attempt_2\\Prob136_m2014_q6_code.sv:23: error: Unable to elaborate this case expression.\n2 error(s) during elaboration.\n",
      "test_success": null,
      "test_error": null,
      "mismatch_count": null
    },
    {
      "attempt": 3,
      "phase": "test_fix",
      "compile_success": false,
      "compile_error": "=== Static Analysis ===\nPASS: No simulation-hanging patterns detected\n==================================================\n=== Compilation ===\nReturn code: 6\nresults/phi4_14b_0shot_temp0_0_topP0_01_iterative\\Prob136_m2014_q6\\attempt_3\\Prob136_m2014_q6_code.sv:25: error: This assignment requires an explicit cast.\nresults/phi4_14b_0shot_temp0_0_topP0_01_iterative\\Prob136_m2014_q6\\attempt_3\\Prob136_m2014_q6_code.sv:26: error: This assignment requires an explicit cast.\nresults/phi4_14b_0shot_temp0_0_topP0_01_iterative\\Prob136_m2014_q6\\attempt_3\\Prob136_m2014_q6_code.sv:27: error: This assignment requires an explicit cast.\nresults/phi4_14b_0shot_temp0_0_topP0_01_iterative\\Prob136_m2014_q6\\attempt_3\\Prob136_m2014_q6_code.sv:28: error: This assignment requires an explicit cast.\nresults/phi4_14b_0shot_temp0_0_topP0_01_iterative\\Prob136_m2014_q6\\attempt_3\\Prob136_m2014_q6_code.sv:29: error: This assignment requires an explicit cast.\nresults/phi4_14b_0shot_temp0_0_topP0_01_iterative\\Prob136_m2014_q6\\attempt_3\\Prob136_m2014_q6_code.sv:30: error: This assignment requires an explicit cast.\n6 error(s) during elaboration.\n",
      "test_success": null,
      "test_error": null,
      "mismatch_count": null
    },
    {
      "attempt": 4,
      "phase": "test_fix",
      "compile_success": false,
      "compile_error": "=== Static Analysis ===\nPASS: No simulation-hanging patterns detected\n==================================================\n=== Compilation ===\nReturn code: 4\nresults/phi4_14b_0shot_temp0_0_topP0_01_iterative\\Prob136_m2014_q6\\attempt_4\\Prob136_m2014_q6_code.sv:10: error: Unable to bind wire/reg/memory `current_state' in `tb.top_module1'\nresults/phi4_14b_0shot_temp0_0_topP0_01_iterative\\Prob136_m2014_q6\\attempt_4\\Prob136_m2014_q6_code.sv:10: error: Unable to elaborate this case expression.\nresults/phi4_14b_0shot_temp0_0_topP0_01_iterative\\Prob136_m2014_q6\\attempt_4\\Prob136_m2014_q6_code.sv:23: error: Unable to bind wire/reg/memory `current_state' in `tb.top_module1'\nresults/phi4_14b_0shot_temp0_0_topP0_01_iterative\\Prob136_m2014_q6\\attempt_4\\Prob136_m2014_q6_code.sv:23: error: Unable to elaborate this case expression.\nresults/phi4_14b_0shot_temp0_0_topP0_01_iterative\\Prob136_m2014_q6\\attempt_4\\Prob136_m2014_q6_code.sv:33: error: Could not find variable ``current_state'' in ``tb.top_module1''\nresults/phi4_14b_0shot_temp0_0_topP0_01_iterative\\Prob136_m2014_q6\\attempt_4\\Prob136_m2014_q6_code.sv:35: error: Could not find variable ``current_state'' in ``tb.top_module1''\n4 error(s) during elaboration.\n",
      "test_success": null,
      "test_error": null,
      "mismatch_count": null
    }
  ]
}