{
  "problem_name": "Prob139_2013_q2bfsm",
  "model_name": "phi4:14b",
  "parameters": {
    "temperature": 0.0,
    "top_p": 0.01,
    "max_compile_attempts": 3,
    "max_test_attempts": 3
  },
  "compile_attempts": 3,
  "test_attempts": 3,
  "total_attempts": 6,
  "final_compile_success": true,
  "final_test_success": false,
  "first_attempt_compile_success": false,
  "first_attempt_test_success": false,
  "improved_by_iteration": true,
  "history": [
    {
      "attempt": 1,
      "phase": "initial",
      "compile_success": false,
      "compile_error": "=== Static Analysis ===\nPASS: No simulation-hanging patterns detected\n==================================================\n=== Compilation ===\nReturn code: 7\nresults/phi4_14b_0shot_temp0_0_topP0_01_iterative\\Prob139_2013_q2bfsm\\attempt_1\\Prob139_2013_q2bfsm_code.sv:22: error: Enumeration name STATE_E has an inferred value that overflowed.\nresults/phi4_14b_0shot_temp0_0_topP0_01_iterative\\Prob139_2013_q2bfsm\\attempt_1\\Prob139_2013_q2bfsm_code.sv:22: error: Enumeration name STATE_E and STATE_A have the same value: 2'd0\nresults/phi4_14b_0shot_temp0_0_topP0_01_iterative\\Prob139_2013_q2bfsm\\attempt_1\\Prob139_2013_q2bfsm_code.sv:22: error: Enumeration name STATE_F has an inferred value that overflowed.\nresults/phi4_14b_0shot_temp0_0_topP0_01_iterative\\Prob139_2013_q2bfsm\\attempt_1\\Prob139_2013_q2bfsm_code.sv:22: error: Enumeration name STATE_F and STATE_B have the same value: 2'd1\nresults/phi4_14b_0shot_temp0_0_topP0_01_iterative\\Prob139_2013_q2bfsm\\attempt_1\\Prob139_2013_q2bfsm_code.sv:22: error: Enumeration name STATE_G has an inferred value that overflowed.\nresults/phi4_14b_0shot_temp0_0_topP0_01_iterative\\Prob139_2013_q2bfsm\\attempt_1\\Prob139_2013_q2bfsm_code.sv:22: error: Enumeration name STATE_G and STATE_C have the same value: 2'd2\n7 error(s) during elaboration.\n",
      "test_success": null,
      "test_error": null,
      "mismatch_count": null
    },
    {
      "attempt": 2,
      "phase": "compile_fix",
      "compile_success": false,
      "compile_error": "=== Static Analysis ===\nPASS: No simulation-hanging patterns detected\n==================================================\n=== Compilation ===\nReturn code: 3\nresults/phi4_14b_0shot_temp0_0_topP0_01_iterative\\Prob139_2013_q2bfsm\\attempt_2\\Prob139_2013_q2bfsm_code.sv:70: error: Unable to bind wire/reg/memory `STATE_I' in `tb.top_module1'\nresults/phi4_14b_0shot_temp0_0_topP0_01_iterative\\Prob139_2013_q2bfsm\\attempt_2\\Prob139_2013_q2bfsm_code.sv:78: error: Unable to bind wire/reg/memory `STATE_I' in `tb.top_module1'\nresults/phi4_14b_0shot_temp0_0_topP0_01_iterative\\Prob139_2013_q2bfsm\\attempt_2\\Prob139_2013_q2bfsm_code.sv:82: error: Unable to bind wire/reg/memory `STATE_I' in `tb.top_module1'\n3 error(s) during elaboration.\n",
      "test_success": null,
      "test_error": null,
      "mismatch_count": null
    },
    {
      "attempt": 3,
      "phase": "compile_fix",
      "compile_success": true,
      "compile_error": null,
      "test_success": false,
      "test_error": "=== Test Execution ===\nReturn code: 0\nVCD info: dumpfile wave.vcd opened for output.\nHint: Output 'f' has 44 mismatches. First mismatch occurred at time 10.\nHint: Output 'g' has 202 mismatches. First mismatch occurred at time 185.\nHint: Total mismatched samples is 242 out of 1002 samples\n\nSimulation finished at 5011 ps\nMismatches: 242 in 1002 samples\n",
      "mismatch_count": 242
    },
    {
      "attempt": 4,
      "phase": "test_fix",
      "compile_success": true,
      "compile_error": null,
      "test_success": false,
      "test_error": "=== Test Execution ===\nReturn code: 0\nVCD info: dumpfile wave.vcd opened for output.\nHint: Output 'f' has 44 mismatches. First mismatch occurred at time 10.\nHint: Output 'g' has 339 mismatches. First mismatch occurred at time 185.\nHint: Total mismatched samples is 379 out of 1002 samples\n\nSimulation finished at 5011 ps\nMismatches: 379 in 1002 samples\n",
      "mismatch_count": 379
    },
    {
      "attempt": 5,
      "phase": "test_fix",
      "compile_success": true,
      "compile_error": null,
      "test_success": false,
      "test_error": "=== Test Execution ===\nReturn code: 0\nVCD info: dumpfile wave.vcd opened for output.\nHint: Output 'f' has 44 mismatches. First mismatch occurred at time 10.\nHint: Output 'g' has 349 mismatches. First mismatch occurred at time 70.\nHint: Total mismatched samples is 389 out of 1002 samples\n\nSimulation finished at 5011 ps\nMismatches: 389 in 1002 samples\n",
      "mismatch_count": 389
    },
    {
      "attempt": 6,
      "phase": "test_fix",
      "compile_success": false,
      "compile_error": "=== Static Analysis ===\nPASS: No simulation-hanging patterns detected\n==================================================\n=== Compilation ===\nReturn code: 13\nD:\\WorkSpace\\ResearchCode\\LLM4DSL\\verilog\\Verilog-benchmark\\dataset_code-complete-iccad2023/Prob139_2013_q2bfsm_test.sv:1: error: `timescale directive can not be inside a module definition.\nD:\\WorkSpace\\ResearchCode\\LLM4DSL\\verilog\\Verilog-benchmark\\dataset_code-complete-iccad2023/Prob139_2013_q2bfsm_test.sv:6: syntax error\nD:\\WorkSpace\\ResearchCode\\LLM4DSL\\verilog\\Verilog-benchmark\\dataset_code-complete-iccad2023/Prob139_2013_q2bfsm_test.sv:10: error: malformed statement\nD:\\WorkSpace\\ResearchCode\\LLM4DSL\\verilog\\Verilog-benchmark\\dataset_code-complete-iccad2023/Prob139_2013_q2bfsm_test.sv:12: syntax error\nD:\\WorkSpace\\ResearchCode\\LLM4DSL\\verilog\\Verilog-benchmark\\dataset_code-complete-iccad2023/Prob139_2013_q2bfsm_test.sv:13: Syntax in assignment statement l-value.\nD:\\WorkSpace\\ResearchCode\\LLM4DSL\\verilog\\Verilog-benchmark\\dataset_code-complete-iccad2023/Prob139_2013_q2bfsm_test.sv:27: syntax error\nD:\\WorkSpace\\ResearchCode\\LLM4DSL\\verilog\\Verilog-benchmark\\dataset_code-complete-iccad2023/Prob139_2013_q2bfsm_test.sv:45: error: malformed statement\nD:\\WorkSpace\\ResearchCode\\LLM4DSL\\verilog\\Verilog-benchmark\\dataset_code-complete-iccad2023/Prob139_2013_q2bfsm_test.sv:45: error: Incomprehensible case expression.\nD:\\WorkSpace\\ResearchCode\\LLM4DSL\\verilog\\Verilog-benchmark\\dataset_code-complete-iccad2023/Prob139_2013_q2bfsm_test.sv:46: syntax error\nD:\\WorkSpace\\ResearchCode\\LLM4DSL\\verilog\\Verilog-benchmark\\dataset_code-complete-iccad2023/Prob139_2013_q2bfsm_ref.sv:12: error: malformed statement\nD:\\WorkSpace\\ResearchCode\\LLM4DSL\\verilog\\Verilog-benchmark\\dataset_code-complete-iccad2023/Prob139_2013_q2bfsm_ref.sv:12: error: Incomprehensible case expression.\nD:\\WorkSpace\\ResearchCode\\LLM4DSL\\verilog\\Verilog-benchmark\\dataset_code-complete-iccad2023/Prob139_2013_q2bfsm_ref.sv:14: syntax error\nD:\\WorkSpace\\ResearchCode\\LLM4DSL\\verilog\\Verilog-benchmark\\dataset_code-complete-iccad2023/Prob139_2013_q2bfsm_ref.sv:21: error: Incomprehensible case expression.\n",
      "test_success": null,
      "test_error": null,
      "mismatch_count": null
    }
  ]
}