=== Static Analysis ===
PASS: No simulation-hanging patterns detected
==================================================
=== Compilation ===
Return code: 2
results/gemma3_12b_0shot_temp0_0_topP0_01_iterative\Prob137_fsm_serial\attempt_1\Prob137_fsm_serial_code.sv:54: error: done is not a valid l-value in tb.top_module1.
results/gemma3_12b_0shot_temp0_0_topP0_01_iterative\Prob137_fsm_serial\attempt_1\Prob137_fsm_serial_code.sv:6:      : done is declared here as wire.
results/gemma3_12b_0shot_temp0_0_topP0_01_iterative\Prob137_fsm_serial\attempt_1\Prob137_fsm_serial_code.sv:92: error: done is not a valid l-value in tb.top_module1.
results/gemma3_12b_0shot_temp0_0_topP0_01_iterative\Prob137_fsm_serial\attempt_1\Prob137_fsm_serial_code.sv:6:      : done is declared here as wire.
2 error(s) during elaboration.
