=== Static Analysis ===
PASS: No simulation-hanging patterns detected
==================================================
=== Compilation ===
Return code: 3
results/glm_4_6_0shot_temp0_8_topP0_95_iterative\Prob125_kmap3\attempt_2\Prob125_kmap3_code.sv:10: syntax error
D:\WorkSpace\ResearchCode\LLM4DSL\verilog\Verilog-benchmark\dataset_code-complete-iccad2023/Prob125_kmap3_test.sv:1: error: `timescale directive can not be inside a module definition.
results/glm_4_6_0shot_temp0_8_topP0_95_iterative\Prob125_kmap3\attempt_2\Prob125_kmap3_code.sv:10: error: Invalid module instantiation
