=== Static Analysis ===
PASS: No simulation-hanging patterns detected
==================================================
=== Compilation ===
Return code: 8
results/gemma3_12b_0shot_temp0_0_topP0_01_iterative\Prob093_ece241_2014_q3\attempt_4\Prob093_ece241_2014_q3_code.sv:21: syntax error
results/gemma3_12b_0shot_temp0_0_topP0_01_iterative\Prob093_ece241_2014_q3\attempt_4\Prob093_ece241_2014_q3_code.sv:21: error: syntax error in continuous assignment
results/gemma3_12b_0shot_temp0_0_topP0_01_iterative\Prob093_ece241_2014_q3\attempt_4\Prob093_ece241_2014_q3_code.sv:24: syntax error
results/gemma3_12b_0shot_temp0_0_topP0_01_iterative\Prob093_ece241_2014_q3\attempt_4\Prob093_ece241_2014_q3_code.sv:24: error: syntax error in continuous assignment
results/gemma3_12b_0shot_temp0_0_topP0_01_iterative\Prob093_ece241_2014_q3\attempt_4\Prob093_ece241_2014_q3_code.sv:27: syntax error
results/gemma3_12b_0shot_temp0_0_topP0_01_iterative\Prob093_ece241_2014_q3\attempt_4\Prob093_ece241_2014_q3_code.sv:27: error: syntax error in continuous assignment
results/gemma3_12b_0shot_temp0_0_topP0_01_iterative\Prob093_ece241_2014_q3\attempt_4\Prob093_ece241_2014_q3_code.sv:30: syntax error
results/gemma3_12b_0shot_temp0_0_topP0_01_iterative\Prob093_ece241_2014_q3\attempt_4\Prob093_ece241_2014_q3_code.sv:30: error: syntax error in continuous assignment
