=== Compilation ===
Command: iverilog -Wall -Winfloop -Wno-timescale -g2012 -s tb -o results\gemma3_12b_0shot_temp0.0\Prob137_fsm_serial/Prob137_fsm_serial_sample01 results\gemma3_12b_0shot_temp0.0\Prob137_fsm_serial/Prob137_fsm_serial_sample01.sv dataset_code-complete-iccad2023/Prob137_fsm_serial_test.sv dataset_code-complete-iccad2023/Prob137_fsm_serial_ref.sv
Return code: 3

--- stdout ---


--- stderr ---
results\gemma3_12b_0shot_temp0.0\Prob137_fsm_serial/Prob137_fsm_serial_sample01.sv:22: error: done is not a valid l-value in tb.top_module1.
results\gemma3_12b_0shot_temp0.0\Prob137_fsm_serial/Prob137_fsm_serial_sample01.sv:7:      : done is declared here as wire.
results\gemma3_12b_0shot_temp0.0\Prob137_fsm_serial/Prob137_fsm_serial_sample01.sv:25: error: done is not a valid l-value in tb.top_module1.
results\gemma3_12b_0shot_temp0.0\Prob137_fsm_serial/Prob137_fsm_serial_sample01.sv:7:      : done is declared here as wire.
results\gemma3_12b_0shot_temp0.0\Prob137_fsm_serial/Prob137_fsm_serial_sample01.sv:51: error: done is not a valid l-value in tb.top_module1.
results\gemma3_12b_0shot_temp0.0\Prob137_fsm_serial/Prob137_fsm_serial_sample01.sv:7:      : done is declared here as wire.
3 error(s) during elaboration.
