=== Compilation ===
Command: iverilog -Wall -Winfloop -Wno-timescale -g2012 -s tb -o results\gpt-oss_20b_0shot_temp0.0\Prob136_m2014_q6/Prob136_m2014_q6_sample01 results\gpt-oss_20b_0shot_temp0.0\Prob136_m2014_q6/Prob136_m2014_q6_sample01.sv dataset_code-complete-iccad2023/Prob136_m2014_q6_test.sv dataset_code-complete-iccad2023/Prob136_m2014_q6_ref.sv
Return code: 11

--- stdout ---


--- stderr ---
dataset_code-complete-iccad2023/Prob136_m2014_q6_test.sv:1: error: `timescale directive can not be inside a module definition.
dataset_code-complete-iccad2023/Prob136_m2014_q6_test.sv:6: syntax error
dataset_code-complete-iccad2023/Prob136_m2014_q6_test.sv:10: error: malformed statement
dataset_code-complete-iccad2023/Prob136_m2014_q6_test.sv:12: syntax error
dataset_code-complete-iccad2023/Prob136_m2014_q6_test.sv:37: error: malformed statement
dataset_code-complete-iccad2023/Prob136_m2014_q6_test.sv:37: error: Incomprehensible case expression.
dataset_code-complete-iccad2023/Prob136_m2014_q6_test.sv:38: syntax error
dataset_code-complete-iccad2023/Prob136_m2014_q6_ref.sv:10: error: malformed statement
dataset_code-complete-iccad2023/Prob136_m2014_q6_ref.sv:10: error: Incomprehensible case expression.
dataset_code-complete-iccad2023/Prob136_m2014_q6_ref.sv:12: syntax error
dataset_code-complete-iccad2023/Prob136_m2014_q6_ref.sv:20: error: Incomprehensible case expression.
