Problem: Prob092_gatesv100
Code file: results\phi4_14b_0shot_temp0_0_topP0_01\Prob092_gatesv100/Prob092_gatesv100_sample01.sv
Compilation: FAILED
==================================================
=== Static Analysis ===
PASS: No simulation-hanging patterns detected
==================================================
Compilation failed (exit code 4):

results\phi4_14b_0shot_temp0_0_topP0_01\Prob092_gatesv100/Prob092_gatesv100_sample01.sv:27: syntax error
D:\WorkSpace\ResearchCode\LLM4DSL\verilog\Verilog-benchmark\dataset_code-complete-iccad2023/Prob092_gatesv100_test.sv:10: error: malformed statement
D:\WorkSpace\ResearchCode\LLM4DSL\verilog\Verilog-benchmark\dataset_code-complete-iccad2023/Prob092_gatesv100_test.sv:12: syntax error
D:\WorkSpace\ResearchCode\LLM4DSL\verilog\Verilog-benchmark\dataset_code-complete-iccad2023/Prob092_gatesv100_test.sv:13: Syntax in assignment statement l-value.
