Problem: Prob111_fsm2s
Code file: results\phi4_14b_0shot_temp0_0_topP0_01\Prob111_fsm2s/Prob111_fsm2s_sample01.sv
Compilation: FAILED
==================================================
=== Static Analysis ===
PASS: No simulation-hanging patterns detected
==================================================
Compilation failed (exit code 3):

results\phi4_14b_0shot_temp0_0_topP0_01\Prob111_fsm2s/Prob111_fsm2s_sample01.sv:23: error: out is not a valid l-value in tb.top_module1.
results\phi4_14b_0shot_temp0_0_topP0_01\Prob111_fsm2s/Prob111_fsm2s_sample01.sv:8:      : out is declared here as wire.
results\phi4_14b_0shot_temp0_0_topP0_01\Prob111_fsm2s/Prob111_fsm2s_sample01.sv:30: error: out is not a valid l-value in tb.top_module1.
results\phi4_14b_0shot_temp0_0_topP0_01\Prob111_fsm2s/Prob111_fsm2s_sample01.sv:8:      : out is declared here as wire.
results\phi4_14b_0shot_temp0_0_topP0_01\Prob111_fsm2s/Prob111_fsm2s_sample01.sv:37: error: out is not a valid l-value in tb.top_module1.
results\phi4_14b_0shot_temp0_0_topP0_01\Prob111_fsm2s/Prob111_fsm2s_sample01.sv:8:      : out is declared here as wire.
3 error(s) during elaboration.
