Problem: Prob072_thermostat
Code file: results\phi4_14b_0shot_temp0_0_topP0_01\Prob072_thermostat/Prob072_thermostat_sample01.sv
Compilation: FAILED
==================================================
=== Static Analysis ===
PASS: No simulation-hanging patterns detected
==================================================
Compilation failed (exit code 8):

results\phi4_14b_0shot_temp0_0_topP0_01\Prob072_thermostat/Prob072_thermostat_sample01.sv:23: syntax error
D:\WorkSpace\ResearchCode\LLM4DSL\verilog\Verilog-benchmark\dataset_code-complete-iccad2023/Prob072_thermostat_test.sv:11: error: malformed statement
D:\WorkSpace\ResearchCode\LLM4DSL\verilog\Verilog-benchmark\dataset_code-complete-iccad2023/Prob072_thermostat_test.sv:18: syntax error
D:\WorkSpace\ResearchCode\LLM4DSL\verilog\Verilog-benchmark\dataset_code-complete-iccad2023/Prob072_thermostat_test.sv:18: error: malformed statement
D:\WorkSpace\ResearchCode\LLM4DSL\verilog\Verilog-benchmark\dataset_code-complete-iccad2023/Prob072_thermostat_test.sv:19: syntax error
D:\WorkSpace\ResearchCode\LLM4DSL\verilog\Verilog-benchmark\dataset_code-complete-iccad2023/Prob072_thermostat_test.sv:21: error: malformed statement
D:\WorkSpace\ResearchCode\LLM4DSL\verilog\Verilog-benchmark\dataset_code-complete-iccad2023/Prob072_thermostat_test.sv:23: syntax error
D:\WorkSpace\ResearchCode\LLM4DSL\verilog\Verilog-benchmark\dataset_code-complete-iccad2023/Prob072_thermostat_test.sv:28: Syntax in assignment statement l-value.
