Problem: Prob120_fsm3s
Code file: results\phi4_14b_0shot_temp0_0_topP0_01\Prob120_fsm3s/Prob120_fsm3s_sample01.sv
Compilation: FAILED
==================================================
=== Static Analysis ===
PASS: No simulation-hanging patterns detected
==================================================
Compilation failed (exit code 4):

results\phi4_14b_0shot_temp0_0_topP0_01\Prob120_fsm3s/Prob120_fsm3s_sample01.sv:22: error: out is not a valid l-value in tb.top_module1.
results\phi4_14b_0shot_temp0_0_topP0_01\Prob120_fsm3s/Prob120_fsm3s_sample01.sv:7:      : out is declared here as wire.
results\phi4_14b_0shot_temp0_0_topP0_01\Prob120_fsm3s/Prob120_fsm3s_sample01.sv:29: error: out is not a valid l-value in tb.top_module1.
results\phi4_14b_0shot_temp0_0_topP0_01\Prob120_fsm3s/Prob120_fsm3s_sample01.sv:7:      : out is declared here as wire.
results\phi4_14b_0shot_temp0_0_topP0_01\Prob120_fsm3s/Prob120_fsm3s_sample01.sv:36: error: out is not a valid l-value in tb.top_module1.
results\phi4_14b_0shot_temp0_0_topP0_01\Prob120_fsm3s/Prob120_fsm3s_sample01.sv:7:      : out is declared here as wire.
results\phi4_14b_0shot_temp0_0_topP0_01\Prob120_fsm3s/Prob120_fsm3s_sample01.sv:43: error: out is not a valid l-value in tb.top_module1.
results\phi4_14b_0shot_temp0_0_topP0_01\Prob120_fsm3s/Prob120_fsm3s_sample01.sv:7:      : out is declared here as wire.
4 error(s) during elaboration.
