Problem: Prob013_m2014_q4e
Code file: results\phi4_14b_0shot_temp0_0_topP0_01\Prob013_m2014_q4e/Prob013_m2014_q4e_sample01.sv
Compilation: FAILED
==================================================
=== Static Analysis ===
PASS: No simulation-hanging patterns detected
==================================================
Compilation failed (exit code 2):

results\phi4_14b_0shot_temp0_0_topP0_01\Prob013_m2014_q4e/Prob013_m2014_q4e_sample01.sv:9: error: Unable to bind wire/reg/memory `clk' in `tb.top_module1'
results\phi4_14b_0shot_temp0_0_topP0_01\Prob013_m2014_q4e/Prob013_m2014_q4e_sample01.sv:9: error: Failed to evaluate event expression 'posedge clk'.
2 error(s) during elaboration.
