=== Compilation ===
Command: iverilog -Wall -Winfloop -Wno-timescale -g2012 -s tb -o results\gemma3_12b_0shot_temp0.0\Prob041_dff8r/Prob041_dff8r_sample01 results\gemma3_12b_0shot_temp0.0\Prob041_dff8r/Prob041_dff8r_sample01.sv dataset_code-complete-iccad2023/Prob041_dff8r_test.sv dataset_code-complete-iccad2023/Prob041_dff8r_ref.sv
Return code: 12

--- stdout ---


--- stderr ---
results\gemma3_12b_0shot_temp0.0\Prob041_dff8r/Prob041_dff8r_sample01.sv:16: syntax error
dataset_code-complete-iccad2023/Prob041_dff8r_test.sv:12: error: malformed statement
dataset_code-complete-iccad2023/Prob041_dff8r_test.sv:19: syntax error
dataset_code-complete-iccad2023/Prob041_dff8r_test.sv:19: error: malformed statement
dataset_code-complete-iccad2023/Prob041_dff8r_test.sv:20: syntax error
dataset_code-complete-iccad2023/Prob041_dff8r_test.sv:22: error: malformed statement
dataset_code-complete-iccad2023/Prob041_dff8r_test.sv:24: syntax error
dataset_code-complete-iccad2023/Prob041_dff8r_test.sv:27: error: malformed statement
dataset_code-complete-iccad2023/Prob041_dff8r_test.sv:28: syntax error
dataset_code-complete-iccad2023/Prob041_dff8r_test.sv:28: error: malformed statement
dataset_code-complete-iccad2023/Prob041_dff8r_test.sv:47: syntax error
dataset_code-complete-iccad2023/Prob041_dff8r_test.sv:52: Syntax in assignment statement l-value.
