{
  "problem_name": "Prob121_2014_q3bfsm",
  "model_name": "phi4:14b",
  "parameters": {
    "temperature": 0.8,
    "top_p": 0.95,
    "max_compile_attempts": 3,
    "max_test_attempts": 3
  },
  "compile_attempts": 1,
  "test_attempts": 3,
  "total_attempts": 4,
  "final_compile_success": true,
  "final_test_success": false,
  "first_attempt_compile_success": true,
  "first_attempt_test_success": false,
  "improved_by_iteration": false,
  "history": [
    {
      "attempt": 1,
      "phase": "initial",
      "compile_success": true,
      "compile_error": null,
      "test_success": false,
      "test_error": "=== Test Execution ===\nReturn code: 0\nVCD info: dumpfile wave.vcd opened for output.\nHint: Output 'z' has 245 mismatches. First mismatch occurred at time 10.\nHint: Total mismatched samples is 245 out of 1006 samples\n\nSimulation finished at 5031 ps\nMismatches: 245 in 1006 samples\n",
      "mismatch_count": 245
    },
    {
      "attempt": 2,
      "phase": "test_fix",
      "compile_success": false,
      "compile_error": "=== Static Analysis ===\nPASS: No simulation-hanging patterns detected\n==================================================\n=== Compilation ===\nReturn code: 4\nresults/phi4_14b_0shot_temp0_8_topP0_95_iterative\\Prob121_2014_q3bfsm\\attempt_2\\Prob121_2014_q3bfsm_code.sv:60: syntax error\nD:\\WorkSpace\\ResearchCode\\LLM4DSL\\verilog\\Verilog-benchmark\\dataset_code-complete-iccad2023/Prob121_2014_q3bfsm_test.sv:10: error: malformed statement\nD:\\WorkSpace\\ResearchCode\\LLM4DSL\\verilog\\Verilog-benchmark\\dataset_code-complete-iccad2023/Prob121_2014_q3bfsm_test.sv:12: syntax error\nD:\\WorkSpace\\ResearchCode\\LLM4DSL\\verilog\\Verilog-benchmark\\dataset_code-complete-iccad2023/Prob121_2014_q3bfsm_test.sv:13: Syntax in assignment statement l-value.\n",
      "test_success": null,
      "test_error": null,
      "mismatch_count": null
    },
    {
      "attempt": 3,
      "phase": "test_fix",
      "compile_success": false,
      "compile_error": "=== Static Analysis ===\nPASS: No simulation-hanging patterns detected\n==================================================\n=== Compilation ===\nReturn code: 4\nresults/phi4_14b_0shot_temp0_8_topP0_95_iterative\\Prob121_2014_q3bfsm\\attempt_3\\Prob121_2014_q3bfsm_code.sv:60: syntax error\nD:\\WorkSpace\\ResearchCode\\LLM4DSL\\verilog\\Verilog-benchmark\\dataset_code-complete-iccad2023/Prob121_2014_q3bfsm_test.sv:10: error: malformed statement\nD:\\WorkSpace\\ResearchCode\\LLM4DSL\\verilog\\Verilog-benchmark\\dataset_code-complete-iccad2023/Prob121_2014_q3bfsm_test.sv:12: syntax error\nD:\\WorkSpace\\ResearchCode\\LLM4DSL\\verilog\\Verilog-benchmark\\dataset_code-complete-iccad2023/Prob121_2014_q3bfsm_test.sv:13: Syntax in assignment statement l-value.\n",
      "test_success": null,
      "test_error": null,
      "mismatch_count": null
    },
    {
      "attempt": 4,
      "phase": "test_fix",
      "compile_success": false,
      "compile_error": "=== Static Analysis ===\nPASS: No simulation-hanging patterns detected\n==================================================\n=== Compilation ===\nReturn code: 4\nresults/phi4_14b_0shot_temp0_8_topP0_95_iterative\\Prob121_2014_q3bfsm\\attempt_4\\Prob121_2014_q3bfsm_code.sv:62: syntax error\nD:\\WorkSpace\\ResearchCode\\LLM4DSL\\verilog\\Verilog-benchmark\\dataset_code-complete-iccad2023/Prob121_2014_q3bfsm_test.sv:10: error: malformed statement\nD:\\WorkSpace\\ResearchCode\\LLM4DSL\\verilog\\Verilog-benchmark\\dataset_code-complete-iccad2023/Prob121_2014_q3bfsm_test.sv:12: syntax error\nD:\\WorkSpace\\ResearchCode\\LLM4DSL\\verilog\\Verilog-benchmark\\dataset_code-complete-iccad2023/Prob121_2014_q3bfsm_test.sv:13: Syntax in assignment statement l-value.\n",
      "test_success": null,
      "test_error": null,
      "mismatch_count": null
    }
  ]
}