{
  "problem_name": "Prob057_kmap2",
  "model_name": "gemma3:12b",
  "parameters": {
    "temperature": 0.0,
    "top_p": 0.01,
    "max_compile_attempts": 3,
    "max_test_attempts": 3
  },
  "compile_attempts": 1,
  "test_attempts": 3,
  "total_attempts": 4,
  "final_compile_success": true,
  "final_test_success": false,
  "first_attempt_compile_success": true,
  "first_attempt_test_success": false,
  "improved_by_iteration": false,
  "history": [
    {
      "attempt": 1,
      "phase": "initial",
      "compile_success": true,
      "compile_error": null,
      "test_success": false,
      "test_error": "=== Test Execution ===\nReturn code: 0\nVCD info: dumpfile wave.vcd opened for output.\nHint: Output 'out' has 169 mismatches. First mismatch occurred at time 5.\nHint: Total mismatched samples is 169 out of 232 samples\n\nSimulation finished at 1161 ps\nMismatches: 169 in 232 samples\n",
      "mismatch_count": 169
    },
    {
      "attempt": 2,
      "phase": "test_fix",
      "compile_success": false,
      "compile_error": "=== Static Analysis ===\nPASS: No simulation-hanging patterns detected\n==================================================\n=== Compilation ===\nReturn code: 3\nD:\\WorkSpace\\ResearchCode\\LLM4DSL\\verilog\\Verilog-benchmark\\dataset_code-complete-iccad2023/Prob057_kmap2_test.sv:1: error: `timescale directive can not be inside a module definition.\nD:\\WorkSpace\\ResearchCode\\LLM4DSL\\verilog\\Verilog-benchmark\\dataset_code-complete-iccad2023/Prob057_kmap2_ref.sv:14: syntax error\nI give up.\n",
      "test_success": null,
      "test_error": null,
      "mismatch_count": null
    },
    {
      "attempt": 3,
      "phase": "test_fix",
      "compile_success": false,
      "compile_error": "=== Static Analysis ===\nPASS: No simulation-hanging patterns detected\n==================================================\n=== Compilation ===\nReturn code: 4\nresults/gemma3_12b_0shot_temp0_0_topP0_01_iterative\\Prob057_kmap2\\attempt_3\\Prob057_kmap2_code.sv:13: warning: macro assign undefined (and assumed null) at this point.\nresults/gemma3_12b_0shot_temp0_0_topP0_01_iterative\\Prob057_kmap2\\attempt_3\\Prob057_kmap2_code.sv:9: syntax error\nresults/gemma3_12b_0shot_temp0_0_topP0_01_iterative\\Prob057_kmap2\\attempt_3\\Prob057_kmap2_code.sv:9: error: Invalid module instantiation\nresults/gemma3_12b_0shot_temp0_0_topP0_01_iterative\\Prob057_kmap2\\attempt_3\\Prob057_kmap2_code.sv:13: error: Stray tic (`) here. Perhaps you put white space\nresults/gemma3_12b_0shot_temp0_0_topP0_01_iterative\\Prob057_kmap2\\attempt_3\\Prob057_kmap2_code.sv:13:      : between the tic and preprocessor directive?\nresults/gemma3_12b_0shot_temp0_0_topP0_01_iterative\\Prob057_kmap2\\attempt_3\\Prob057_kmap2_code.sv:13: error: Invalid module instantiation\n",
      "test_success": null,
      "test_error": null,
      "mismatch_count": null
    },
    {
      "attempt": 4,
      "phase": "test_fix",
      "compile_success": true,
      "compile_error": null,
      "test_success": false,
      "test_error": "=== Test Execution ===\nReturn code: 0\nVCD info: dumpfile wave.vcd opened for output.\nHint: Output 'out' has 114 mismatches. First mismatch occurred at time 5.\nHint: Total mismatched samples is 114 out of 232 samples\n\nSimulation finished at 1161 ps\nMismatches: 114 in 232 samples\n",
      "mismatch_count": 114
    }
  ]
}