{
  "problem_name": "Prob080_timer",
  "model_name": "glm-4.6",
  "parameters": {
    "temperature": 0.0,
    "top_p": 0.01,
    "max_compile_attempts": 3,
    "max_test_attempts": 3
  },
  "compile_attempts": 3,
  "test_attempts": 0,
  "total_attempts": 3,
  "final_compile_success": true,
  "final_test_success": true,
  "first_attempt_compile_success": false,
  "first_attempt_test_success": false,
  "improved_by_iteration": true,
  "history": [
    {
      "attempt": 1,
      "phase": "initial",
      "compile_success": false,
      "compile_error": "=== Static Analysis ===\nPASS: No simulation-hanging patterns detected\n==================================================\n=== Compilation ===\nReturn code: 3\nD:\\WorkSpace\\ResearchCode\\LLM4DSL\\verilog\\Verilog-benchmark\\dataset_code-complete-iccad2023/Prob080_timer_test.sv:1: error: `timescale directive can not be inside a module definition.\nD:\\WorkSpace\\ResearchCode\\LLM4DSL\\verilog\\Verilog-benchmark\\dataset_code-complete-iccad2023/Prob080_timer_ref.sv:19: syntax error\nI give up.\n",
      "test_success": null,
      "test_error": null,
      "mismatch_count": null
    },
    {
      "attempt": 2,
      "phase": "compile_fix",
      "compile_success": false,
      "compile_error": "=== Static Analysis ===\nPASS: No simulation-hanging patterns detected\n==================================================\n=== Compilation ===\nReturn code: 5\nresults/glm_4_6_0shot_temp0_0_topP0_01_iterative\\Prob080_timer\\attempt_2\\Prob080_timer_code.sv:18: error: Unable to bind wire/reg/memory `counter' in `tb.top_module1'\nresults/glm_4_6_0shot_temp0_0_topP0_01_iterative\\Prob080_timer\\attempt_2\\Prob080_timer_code.sv:18: error: Unable to elaborate r-value: (counter)==('sd0)\nresults/glm_4_6_0shot_temp0_0_topP0_01_iterative\\Prob080_timer\\attempt_2\\Prob080_timer_code.sv:11: error: Could not find variable ``counter'' in ``tb.top_module1''\nresults/glm_4_6_0shot_temp0_0_topP0_01_iterative\\Prob080_timer\\attempt_2\\Prob080_timer_code.sv:12: error: Unable to bind wire/reg/memory `counter' in `tb.top_module1'\nresults/glm_4_6_0shot_temp0_0_topP0_01_iterative\\Prob080_timer\\attempt_2\\Prob080_timer_code.sv:12: error: Unable to elaborate condition expression.\n5 error(s) during elaboration.\n",
      "test_success": null,
      "test_error": null,
      "mismatch_count": null
    },
    {
      "attempt": 3,
      "phase": "compile_fix",
      "compile_success": true,
      "compile_error": null,
      "test_success": true,
      "test_error": null,
      "mismatch_count": 0
    }
  ]
}