=== Static Analysis ===
PASS: No simulation-hanging patterns detected
==================================================
=== Compilation ===
Return code: 2
results/phi4_14b_0shot_temp0_0_topP0_01_iterative\Prob152_lemmings3\attempt_2\Prob152_lemmings3_code.sv:62: error: This assignment requires an explicit cast.
results/phi4_14b_0shot_temp0_0_topP0_01_iterative\Prob152_lemmings3\attempt_2\Prob152_lemmings3_code.sv:72: error: This assignment requires an explicit cast.
2 error(s) during elaboration.
