=== Static Analysis ===
PASS: No simulation-hanging patterns detected
==================================================
=== Compilation ===
Return code: 10
results/phi4_14b_0shot_temp0_0_topP0_01_iterative\Prob146_fsm_serialdata\attempt_2\Prob146_fsm_serialdata_code.sv:11: error: Could not find variable ``current_state'' in ``tb.top_module1''
results/phi4_14b_0shot_temp0_0_topP0_01_iterative\Prob146_fsm_serialdata\attempt_2\Prob146_fsm_serialdata_code.sv:12: error: out_byte is not a valid l-value in tb.top_module1.
results/phi4_14b_0shot_temp0_0_topP0_01_iterative\Prob146_fsm_serialdata\attempt_2\Prob146_fsm_serialdata_code.sv:6:      : out_byte is declared here as wire.
results/phi4_14b_0shot_temp0_0_topP0_01_iterative\Prob146_fsm_serialdata\attempt_2\Prob146_fsm_serialdata_code.sv:13: error: done is not a valid l-value in tb.top_module1.
results/phi4_14b_0shot_temp0_0_topP0_01_iterative\Prob146_fsm_serialdata\attempt_2\Prob146_fsm_serialdata_code.sv:7:      : done is declared here as wire.
results/phi4_14b_0shot_temp0_0_topP0_01_iterative\Prob146_fsm_serialdata\attempt_2\Prob146_fsm_serialdata_code.sv:14: error: Could not find variable ``bit_counter'' in ``tb.top_module1''
results/phi4_14b_0shot_temp0_0_topP0_01_iterative\Prob146_fsm_serialdata\attempt_2\Prob146_fsm_serialdata_code.sv:16: error: Unable to bind wire/reg/memory `current_state' in `tb.top_module1'
results/phi4_14b_0shot_temp0_0_topP0_01_iterative\Prob146_fsm_serialdata\attempt_2\Prob146_fsm_serialdata_code.sv:16: error: Unable to elaborate this case expression.
results/phi4_14b_0shot_temp0_0_topP0_01_iterative\Prob146_fsm_serialdata\attempt_2\Prob146_fsm_serialdata_code.sv:63: error: Unable to bind wire/reg/memory `current_state' in `tb.top_module1'
results/phi4_14b_0shot_temp0_0_topP0_01_iterative\Prob146_fsm_serialdata\attempt_2\Prob146_fsm_serialdata_code.sv:63: error: Unable to bind wire/reg/memory `CHECK_STOP' in `tb.top_module1'
results/phi4_14b_0shot_temp0_0_topP0_01_iterative\Prob146_fsm_serialdata\attempt_2\Prob146_fsm_serialdata_code.sv:63: error: Unable to elaborate condition expression.
results/phi4_14b_0shot_temp0_0_topP0_01_iterative\Prob146_fsm_serialdata\attempt_2\Prob146_fsm_serialdata_code.sv:67: error: Could not find variable ``current_state'' in ``tb.top_module1''
results/phi4_14b_0shot_temp0_0_topP0_01_iterative\Prob146_fsm_serialdata\attempt_2\Prob146_fsm_serialdata_code.sv:72: error: Unable to bind wire/reg/memory `current_state' in `tb.top_module1'
results/phi4_14b_0shot_temp0_0_topP0_01_iterative\Prob146_fsm_serialdata\attempt_2\Prob146_fsm_serialdata_code.sv:72: error: Unable to elaborate this case expression.
10 error(s) during elaboration.
