=== Compilation ===
Command: iverilog -Wall -Winfloop -Wno-timescale -g2012 -s tb -o results\phi4_14b_0shot_temp0.0\Prob125_kmap3/Prob125_kmap3_sample01 results\phi4_14b_0shot_temp0.0\Prob125_kmap3/Prob125_kmap3_sample01.sv dataset_code-complete-iccad2023/Prob125_kmap3_test.sv dataset_code-complete-iccad2023/Prob125_kmap3_ref.sv
Return code: 8

--- stdout ---


--- stderr ---
results\phi4_14b_0shot_temp0.0\Prob125_kmap3/Prob125_kmap3_sample01.sv:22: syntax error
dataset_code-complete-iccad2023/Prob125_kmap3_test.sv:11: error: malformed statement
dataset_code-complete-iccad2023/Prob125_kmap3_test.sv:18: syntax error
dataset_code-complete-iccad2023/Prob125_kmap3_test.sv:18: error: malformed statement
dataset_code-complete-iccad2023/Prob125_kmap3_test.sv:19: syntax error
dataset_code-complete-iccad2023/Prob125_kmap3_test.sv:21: error: malformed statement
dataset_code-complete-iccad2023/Prob125_kmap3_test.sv:23: syntax error
dataset_code-complete-iccad2023/Prob125_kmap3_test.sv:28: error: malformed statement
