=== Compilation ===
Command: iverilog -Wall -Winfloop -Wno-timescale -g2012 -s tb -o results\gemma3_12b_0shot_temp0.0\Prob089_ece241_2014_q5a/Prob089_ece241_2014_q5a_sample01 results\gemma3_12b_0shot_temp0.0\Prob089_ece241_2014_q5a/Prob089_ece241_2014_q5a_sample01.sv dataset_code-complete-iccad2023/Prob089_ece241_2014_q5a_test.sv dataset_code-complete-iccad2023/Prob089_ece241_2014_q5a_ref.sv
Return code: 14

--- stdout ---


--- stderr ---
results\gemma3_12b_0shot_temp0.0\Prob089_ece241_2014_q5a/Prob089_ece241_2014_q5a_sample01.sv:109: syntax error
dataset_code-complete-iccad2023/Prob089_ece241_2014_q5a_test.sv:13: error: malformed statement
dataset_code-complete-iccad2023/Prob089_ece241_2014_q5a_test.sv:14: syntax error
dataset_code-complete-iccad2023/Prob089_ece241_2014_q5a_test.sv:14: error: malformed statement
dataset_code-complete-iccad2023/Prob089_ece241_2014_q5a_test.sv:21: syntax error
dataset_code-complete-iccad2023/Prob089_ece241_2014_q5a_test.sv:21: error: malformed statement
dataset_code-complete-iccad2023/Prob089_ece241_2014_q5a_test.sv:22: syntax error
dataset_code-complete-iccad2023/Prob089_ece241_2014_q5a_test.sv:24: error: malformed statement
dataset_code-complete-iccad2023/Prob089_ece241_2014_q5a_test.sv:26: syntax error
dataset_code-complete-iccad2023/Prob089_ece241_2014_q5a_test.sv:29: error: malformed statement
dataset_code-complete-iccad2023/Prob089_ece241_2014_q5a_test.sv:30: syntax error
dataset_code-complete-iccad2023/Prob089_ece241_2014_q5a_test.sv:30: error: malformed statement
dataset_code-complete-iccad2023/Prob089_ece241_2014_q5a_test.sv:49: syntax error
dataset_code-complete-iccad2023/Prob089_ece241_2014_q5a_test.sv:53: Syntax in assignment statement l-value.
