{
  "problem_name": "Prob121_2014_q3bfsm",
  "model_name": "phi4:14b",
  "parameters": {
    "temperature": 0.0,
    "top_p": 0.01,
    "max_compile_attempts": 3,
    "max_test_attempts": 3
  },
  "compile_attempts": 1,
  "test_attempts": 3,
  "total_attempts": 4,
  "final_compile_success": true,
  "final_test_success": false,
  "first_attempt_compile_success": true,
  "first_attempt_test_success": false,
  "improved_by_iteration": false,
  "history": [
    {
      "attempt": 1,
      "phase": "initial",
      "compile_success": true,
      "compile_error": null,
      "test_success": false,
      "test_error": "=== Test Execution ===\nReturn code: 0\nVCD info: dumpfile wave.vcd opened for output.\nHint: Output 'z' has 2 mismatches. First mismatch occurred at time 205.\nHint: Total mismatched samples is 2 out of 1006 samples\n\nSimulation finished at 5031 ps\nMismatches: 2 in 1006 samples\n",
      "mismatch_count": 2
    },
    {
      "attempt": 2,
      "phase": "test_fix",
      "compile_success": false,
      "compile_error": "=== Static Analysis ===\nPASS: No simulation-hanging patterns detected\n==================================================\n=== Compilation ===\nReturn code: 3\nresults/phi4_14b_0shot_temp0_0_topP0_01_iterative\\Prob121_2014_q3bfsm\\attempt_2\\Prob121_2014_q3bfsm_code.sv:11: error: Could not find variable ``y'' in ``tb.top_module1''\nresults/phi4_14b_0shot_temp0_0_topP0_01_iterative\\Prob121_2014_q3bfsm\\attempt_2\\Prob121_2014_q3bfsm_code.sv:13: error: Could not find variable ``y'' in ``tb.top_module1''\nresults/phi4_14b_0shot_temp0_0_topP0_01_iterative\\Prob121_2014_q3bfsm\\attempt_2\\Prob121_2014_q3bfsm_code.sv:19: error: Unable to bind wire/reg/memory `y' in `tb.top_module1'\nresults/phi4_14b_0shot_temp0_0_topP0_01_iterative\\Prob121_2014_q3bfsm\\attempt_2\\Prob121_2014_q3bfsm_code.sv:19: error: Unable to elaborate this case expression.\n3 error(s) during elaboration.\n",
      "test_success": null,
      "test_error": null,
      "mismatch_count": null
    },
    {
      "attempt": 3,
      "phase": "test_fix",
      "compile_success": false,
      "compile_error": "=== Static Analysis ===\nPASS: No simulation-hanging patterns detected\n==================================================\n=== Compilation ===\nReturn code: 3\nresults/phi4_14b_0shot_temp0_0_topP0_01_iterative\\Prob121_2014_q3bfsm\\attempt_3\\Prob121_2014_q3bfsm_code.sv:11: error: Could not find variable ``y'' in ``tb.top_module1''\nresults/phi4_14b_0shot_temp0_0_topP0_01_iterative\\Prob121_2014_q3bfsm\\attempt_3\\Prob121_2014_q3bfsm_code.sv:13: error: Could not find variable ``y'' in ``tb.top_module1''\nresults/phi4_14b_0shot_temp0_0_topP0_01_iterative\\Prob121_2014_q3bfsm\\attempt_3\\Prob121_2014_q3bfsm_code.sv:19: error: Unable to bind wire/reg/memory `y' in `tb.top_module1'\nresults/phi4_14b_0shot_temp0_0_topP0_01_iterative\\Prob121_2014_q3bfsm\\attempt_3\\Prob121_2014_q3bfsm_code.sv:19: error: Unable to elaborate this case expression.\n3 error(s) during elaboration.\n",
      "test_success": null,
      "test_error": null,
      "mismatch_count": null
    },
    {
      "attempt": 4,
      "phase": "test_fix",
      "compile_success": true,
      "compile_error": null,
      "test_success": false,
      "test_error": "=== Test Execution ===\nReturn code: 0\nVCD info: dumpfile wave.vcd opened for output.\nHint: Output 'z' has 2 mismatches. First mismatch occurred at time 205.\nHint: Total mismatched samples is 2 out of 1006 samples\n\nSimulation finished at 5031 ps\nMismatches: 2 in 1006 samples\n",
      "mismatch_count": 2
    }
  ]
}