=== Compilation ===
Command: iverilog -Wall -Winfloop -Wno-timescale -g2012 -s tb -o results\phi4_14b_0shot_temp0.0\Prob017_mux2to1v/Prob017_mux2to1v_sample01 results\phi4_14b_0shot_temp0.0\Prob017_mux2to1v/Prob017_mux2to1v_sample01.sv dataset_code-complete-iccad2023/Prob017_mux2to1v_test.sv dataset_code-complete-iccad2023/Prob017_mux2to1v_ref.sv
Return code: 2

--- stdout ---


--- stderr ---
results\phi4_14b_0shot_temp0.0\Prob017_mux2to1v/Prob017_mux2to1v_sample01.sv:12: error: Unable to bind wire/reg/memory `clk' in `tb.top_module1'
results\phi4_14b_0shot_temp0.0\Prob017_mux2to1v/Prob017_mux2to1v_sample01.sv:12: error: Failed to evaluate event expression 'posedge clk'.
2 error(s) during elaboration.
