=== Static Analysis ===
PASS: No simulation-hanging patterns detected
==================================================
=== Compilation ===
Return code: 2
results/glm_4_6_0shot_temp0_0_topP0_01_iterative\Prob089_ece241_2014_q5a\attempt_2\Prob089_ece241_2014_q5a_code.sv:35: error: z is not a valid l-value in tb.top_module1.
results/glm_4_6_0shot_temp0_0_topP0_01_iterative\Prob089_ece241_2014_q5a\attempt_2\Prob089_ece241_2014_q5a_code.sv:6:      : z is declared here as wire.
results/glm_4_6_0shot_temp0_0_topP0_01_iterative\Prob089_ece241_2014_q5a\attempt_2\Prob089_ece241_2014_q5a_code.sv:36: error: z is not a valid l-value in tb.top_module1.
results/glm_4_6_0shot_temp0_0_topP0_01_iterative\Prob089_ece241_2014_q5a\attempt_2\Prob089_ece241_2014_q5a_code.sv:6:      : z is declared here as wire.
2 error(s) during elaboration.
