Problem: Prob101_circuit4
Code file: results\gemma3_12b_0shot_temp0_8_topP0_95\Prob101_circuit4/Prob101_circuit4_sample01.sv
Compilation: FAILED
==================================================
=== Static Analysis ===
PASS: No simulation-hanging patterns detected
==================================================
Compilation failed (exit code 2):

results\gemma3_12b_0shot_temp0_8_topP0_95\Prob101_circuit4/Prob101_circuit4_sample01.sv:24: syntax error
results\gemma3_12b_0shot_temp0_8_topP0_95\Prob101_circuit4/Prob101_circuit4_sample01.sv:10: error: syntax error in continuous assignment
