Problem: Prob077_wire_decl
Code file: results\gemma3_12b_0shot_temp0_8_topP0_95\Prob077_wire_decl/Prob077_wire_decl_sample01.sv
Compilation: FAILED
==================================================
=== Static Analysis ===
PASS: No simulation-hanging patterns detected
==================================================
Compilation failed (exit code 5):

results\gemma3_12b_0shot_temp0_8_topP0_95\Prob077_wire_decl/Prob077_wire_decl_sample01.sv:15: syntax error
results\gemma3_12b_0shot_temp0_8_topP0_95\Prob077_wire_decl/Prob077_wire_decl_sample01.sv:15: error: Invalid module instantiation
results\gemma3_12b_0shot_temp0_8_topP0_95\Prob077_wire_decl/Prob077_wire_decl_sample01.sv:16: error: Invalid module instantiation
results\gemma3_12b_0shot_temp0_8_topP0_95\Prob077_wire_decl/Prob077_wire_decl_sample01.sv:19: error: Invalid module instantiation
results\gemma3_12b_0shot_temp0_8_topP0_95\Prob077_wire_decl/Prob077_wire_decl_sample01.sv:20: error: Invalid module instantiation
