Problem: Prob140_fsm_hdlc
Code file: results\gemma3_12b_0shot_temp0_8_topP0_95\Prob140_fsm_hdlc/Prob140_fsm_hdlc_sample01.sv
Compilation: FAILED
==================================================
=== Static Analysis ===
PASS: No simulation-hanging patterns detected
==================================================
Compilation failed (exit code 4):

results\gemma3_12b_0shot_temp0_8_topP0_95\Prob140_fsm_hdlc/Prob140_fsm_hdlc_sample01.sv:57: syntax error
results\gemma3_12b_0shot_temp0_8_topP0_95\Prob140_fsm_hdlc/Prob140_fsm_hdlc_sample01.sv:69: error: Incomprehensible case expression.
results\gemma3_12b_0shot_temp0_8_topP0_95\Prob140_fsm_hdlc/Prob140_fsm_hdlc_sample01.sv:126: syntax error
results\gemma3_12b_0shot_temp0_8_topP0_95\Prob140_fsm_hdlc/Prob140_fsm_hdlc_sample01.sv:127: Syntax in assignment statement l-value.
