Problem: Prob083_mt2015_q4b
Code file: results\gemma3_12b_0shot_temp0_8_topP0_95\Prob083_mt2015_q4b/Prob083_mt2015_q4b_sample01.sv
Compilation: FAILED
==================================================
=== Static Analysis ===
PASS: No simulation-hanging patterns detected
==================================================
Compilation failed (exit code 24):

results\gemma3_12b_0shot_temp0_8_topP0_95\Prob083_mt2015_q4b/Prob083_mt2015_q4b_sample01.sv:10: error: z is not a valid l-value in tb.top_module1.
results\gemma3_12b_0shot_temp0_8_topP0_95\Prob083_mt2015_q4b/Prob083_mt2015_q4b_sample01.sv:5:      : z is declared here as wire.
results\gemma3_12b_0shot_temp0_8_topP0_95\Prob083_mt2015_q4b/Prob083_mt2015_q4b_sample01.sv:12: error: z is not a valid l-value in tb.top_module1.
results\gemma3_12b_0shot_temp0_8_topP0_95\Prob083_mt2015_q4b/Prob083_mt2015_q4b_sample01.sv:5:      : z is declared here as wire.
results\gemma3_12b_0shot_temp0_8_topP0_95\Prob083_mt2015_q4b/Prob083_mt2015_q4b_sample01.sv:14: error: z is not a valid l-value in tb.top_module1.
results\gemma3_12b_0shot_temp0_8_topP0_95\Prob083_mt2015_q4b/Prob083_mt2015_q4b_sample01.sv:5:      : z is declared here as wire.
results\gemma3_12b_0shot_temp0_8_topP0_95\Prob083_mt2015_q4b/Prob083_mt2015_q4b_sample01.sv:16: error: z is not a valid l-value in tb.top_module1.
results\gemma3_12b_0shot_temp0_8_topP0_95\Prob083_mt2015_q4b/Prob083_mt2015_q4b_sample01.sv:5:      : z is declared here as wire.
results\gemma3_12b_0shot_temp0_8_topP0_95\Prob083_mt2015_q4b/Prob083_mt2015_q4b_sample01.sv:18: error: z is not a valid l-value in tb.top_module1.
results\gemma3_12b_0shot_temp0_8_topP0_95\Prob083_mt2015_q4b/Prob083_mt2015_q4b_sample01.sv:5:      : z is declared here as wire.
results\gemma3_12b_0shot_temp0_8_topP0_95\Prob083_mt2015_q4b/Prob083_mt2015_q4b_sample01.sv:20: error: z is not a valid l-value in tb.top_module1.
results\gemma3_12b_0shot_temp0_8_topP0_95\Prob083_mt2015_q4b/Prob083_mt2015_q4b_sample01.sv:5:      : z is declared here as wire.
results\gemma3_12b_0shot_temp0_8_topP0_95\Prob083_mt2015_q4b/Prob083_mt2015_q4b_sample01.sv:22: error: z is not a valid l-value in tb.top_module1.
results\gemma3_12b_0shot_temp0_8_topP0_95\Prob083_mt2015_q4b/Prob083_mt2015_q4b_sample01.sv:5:      : z is declared here as wire.
results\gemma3_12b_0shot_temp0_8_topP0_95\Prob083_mt2015_q4b/Prob083_mt2015_q4b_sample01.sv:24: error: z is not a valid l-value in tb.top_module1.
results\gemma3_12b_0shot_temp0_8_topP0_95\Prob083_mt2015_q4b/Prob083_mt2015_q4b_sample01.sv:5:      : z is declared here as wire.
results\gemma3_12b_0shot_temp0_8_topP0_95\Prob083_mt2015_q4b/Prob083_mt2015_q4b_sample01.sv:26: error: z is not a valid l-value in tb.top_module1.
results\gemma3_12b_0shot_temp0_8_topP0_95\Prob083_mt2015_q4b/Prob083_mt2015_q4b_sample01.sv:5:      : z is declared here as wire.
results\gemma3_12b_0shot_temp0_8_topP0_95\Prob083_mt2015_q4b/Prob083_mt2015_q4b_sample01.sv:28: error: z is not a valid l-value in tb.top_module1.
results\gemma3_12b_0shot_temp0_8_topP0_95\Prob083_mt2015_q4b/Prob083_mt2015_q4b_sample01.sv:5:      : z is declared here as wire.
results\gemma3_12b_0shot_temp0_8_topP0_95\Prob083_mt2015_q4b/Prob083_mt2015_q4b_sample01.sv:30: error: z is not a valid l-value in tb.top_module1.
results\gemma3_12b_0shot_temp0_8_topP0_95\Prob083_mt2015_q4b/Prob083_mt2015_q4b_sample01.sv:5:      : z is declared here as wire.
results\gemma3_12b_0shot_temp0_8_topP0_95\Prob083_mt2015_q4b/Prob083_mt2015_q4b_sample01.sv:32: error: z is not a valid l-value in tb.top_module1.
results\gemma3_12b_0shot_temp0_8_topP0_95\Prob083_mt2015_q4b/Prob083_mt2015_q4b_sample01.sv:5:      : z is declared here as wire.
results\gemma3_12b_0shot_temp0_8_topP0_95\Prob083_mt2015_q4b/Prob083_mt2015_q4b_sample01.sv:34: error: z is not a valid l-value in tb.top_module1.
results\gemma3_12b_0shot_temp0_8_topP0_95\Prob083_mt2015_q4b/Prob083_mt2015_q4b_sample01.sv:5:      : z is declared here as wire.
results\gemma3_12b_0shot_temp0_8_topP0_95\Prob083_mt2015_q4b/Prob083_mt2015_q4b_sample01.sv:36: error: z is not a valid l-value in tb.top_module1.
results\gemma3_12b_0shot_temp0_8_topP0_95\Prob083_mt2015_q4b/Prob083_mt2015_q4b_sample01.sv:5:      : z is declared here as wire.
results\gemma3_12b_0shot_temp0_8_topP0_95\Prob083_mt2015_q4b/Prob083_mt2015_q4b_sample01.sv:38: error: z is not a valid l-value in tb.top_module1.
results\gemma3_12b_0shot_temp0_8_topP0_95\Prob083_mt2015_q4b/Prob083_mt2015_q4b_sample01.sv:5:      : z is declared here as wire.
results\gemma3_12b_0shot_temp0_8_topP0_95\Prob083_mt2015_q4b/Prob083_mt2015_q4b_sample01.sv:40: error: z is not a valid l-value in tb.top_module1.
results\gemma3_12b_0shot_temp0_8_topP0_95\Prob083_mt2015_q4b/Prob083_mt2015_q4b_sample01.sv:5:      : z is declared here as wire.
results\gemma3_12b_0shot_temp0_8_topP0_95\Prob083_mt2015_q4b/Prob083_mt2015_q4b_sample01.sv:42: error: z is not a valid l-value in tb.top_module1.
results\gemma3_12b_0shot_temp0_8_topP0_95\Prob083_mt2015_q4b/Prob083_mt2015_q4b_sample01.sv:5:      : z is declared here as wire.
results\gemma3_12b_0shot_temp0_8_topP0_95\Prob083_mt2015_q4b/Prob083_mt2015_q4b_sample01.sv:44: error: z is not a valid l-value in tb.top_module1.
results\gemma3_12b_0shot_temp0_8_topP0_95\Prob083_mt2015_q4b/Prob083_mt2015_q4b_sample01.sv:5:      : z is declared here as wire.
results\gemma3_12b_0shot_temp0_8_topP0_95\Prob083_mt2015_q4b/Prob083_mt2015_q4b_sample01.sv:46: error: z is not a valid l-value in tb.top_module1.
results\gemma3_12b_0shot_temp0_8_topP0_95\Prob083_mt2015_q4b/Prob083_mt2015_q4b_sample01.sv:5:      : z is declared here as wire.
results\gemma3_12b_0shot_temp0_8_topP0_95\Prob083_mt2015_q4b/Prob083_mt2015_q4b_sample01.sv:48: error: z is not a valid l-value in tb.top_module1.
results\gemma3_12b_0shot_temp0_8_topP0_95\Prob083_mt2015_q4b/Prob083_mt2015_q4b_sample01.sv:5:      : z is declared here as wire.
results\gemma3_12b_0shot_temp0_8_topP0_95\Prob083_mt2015_q4b/Prob083_mt2015_q4b_sample01.sv:50: error: z is not a valid l-value in tb.top_module1.
results\gemma3_12b_0shot_temp0_8_topP0_95\Prob083_mt2015_q4b/Prob083_mt2015_q4b_sample01.sv:5:      : z is declared here as wire.
results\gemma3_12b_0shot_temp0_8_topP0_95\Prob083_mt2015_q4b/Prob083_mt2015_q4b_sample01.sv:52: error: z is not a valid l-value in tb.top_module1.
results\gemma3_12b_0shot_temp0_8_topP0_95\Prob083_mt2015_q4b/Prob083_mt2015_q4b_sample01.sv:5:      : z is declared here as wire.
results\gemma3_12b_0shot_temp0_8_topP0_95\Prob083_mt2015_q4b/Prob083_mt2015_q4b_sample01.sv:8: error: Unable to bind wire/reg/memory `clk' in `tb.top_module1'
results\gemma3_12b_0shot_temp0_8_topP0_95\Prob083_mt2015_q4b/Prob083_mt2015_q4b_sample01.sv:8: error: Failed to evaluate event expression 'posedge clk'.
24 error(s) during elaboration.
