Problem: Prob073_dff16e
Code file: results\gemma3_12b_0shot_temp0_8_topP0_95\Prob073_dff16e/Prob073_dff16e_sample01.sv
Compilation: FAILED
==================================================
=== Static Analysis ===
PASS: No simulation-hanging patterns detected
==================================================
Compilation failed (exit code 1):

results\gemma3_12b_0shot_temp0_8_topP0_95\Prob073_dff16e/Prob073_dff16e_sample01.sv:33: error: Array dff_q needs an array index here.
1 error(s) during elaboration.
