Problem: Prob128_fsm_ps2
Code file: results\gemma3_12b_0shot_temp0_8_topP0_95\Prob128_fsm_ps2/Prob128_fsm_ps2_sample01.sv
Compilation: FAILED
==================================================
=== Static Analysis ===
PASS: No simulation-hanging patterns detected
==================================================
Compilation failed (exit code 7):

results\gemma3_12b_0shot_temp0_8_topP0_95\Prob128_fsm_ps2/Prob128_fsm_ps2_sample01.sv:38: error: done is not a valid l-value in tb.top_module1.
results\gemma3_12b_0shot_temp0_8_topP0_95\Prob128_fsm_ps2/Prob128_fsm_ps2_sample01.sv:6:      : done is declared here as wire.
results\gemma3_12b_0shot_temp0_8_topP0_95\Prob128_fsm_ps2/Prob128_fsm_ps2_sample01.sv:50: error: Unable to bind wire/reg/memory `BYTE2_SEARCH' in `tb.top_module1'
results\gemma3_12b_0shot_temp0_8_topP0_95\Prob128_fsm_ps2/Prob128_fsm_ps2_sample01.sv:58: error: Unable to bind wire/reg/memory `BYTE2_SEARCH' in `tb.top_module1'
results\gemma3_12b_0shot_temp0_8_topP0_95\Prob128_fsm_ps2/Prob128_fsm_ps2_sample01.sv:60: error: Unable to bind wire/reg/memory `BYTE3_SEARCH' in `tb.top_module1'
results\gemma3_12b_0shot_temp0_8_topP0_95\Prob128_fsm_ps2/Prob128_fsm_ps2_sample01.sv:64: error: Unable to bind wire/reg/memory `BYTE2_SEARCH' in `tb.top_module1'
results\gemma3_12b_0shot_temp0_8_topP0_95\Prob128_fsm_ps2/Prob128_fsm_ps2_sample01.sv:68: error: Unable to bind wire/reg/memory `BYTE3_SEARCH' in `tb.top_module1'
results\gemma3_12b_0shot_temp0_8_topP0_95\Prob128_fsm_ps2/Prob128_fsm_ps2_sample01.sv:70: error: done is not a valid l-value in tb.top_module1.
results\gemma3_12b_0shot_temp0_8_topP0_95\Prob128_fsm_ps2/Prob128_fsm_ps2_sample01.sv:6:      : done is declared here as wire.
results\gemma3_12b_0shot_temp0_8_topP0_95\Prob128_fsm_ps2/Prob128_fsm_ps2_sample01.sv:36: sorry: constant selects in always_* processes are not currently supported (all bits will be included).
7 error(s) during elaboration.
