Problem: Prob119_fsm3
Code file: results\glm_4_6_0shot_temp0_0_topP0_01\Prob119_fsm3/Prob119_fsm3_sample01.sv
Compilation: FAILED
==================================================
=== Static Analysis ===
PASS: No simulation-hanging patterns detected
==================================================
Compilation failed (exit code 3):

D:\WorkSpace\ResearchCode\LLM4DSL\verilog\Verilog-benchmark\dataset_code-complete-iccad2023/Prob119_fsm3_test.sv:1: error: `timescale directive can not be inside a module definition.
D:\WorkSpace\ResearchCode\LLM4DSL\verilog\Verilog-benchmark\dataset_code-complete-iccad2023/Prob119_fsm3_ref.sv:31: syntax error
I give up.
