Problem: Prob066_edgecapture
Code file: results\glm_4_6_0shot_temp0_0_topP0_01\Prob066_edgecapture/Prob066_edgecapture_sample01.sv
Compilation: FAILED
==================================================
=== Static Analysis ===
PASS: No simulation-hanging patterns detected
==================================================
Compilation failed (exit code 3):

D:\WorkSpace\ResearchCode\LLM4DSL\verilog\Verilog-benchmark\dataset_code-complete-iccad2023/Prob066_edgecapture_test.sv:1: error: `timescale directive can not be inside a module definition.
D:\WorkSpace\ResearchCode\LLM4DSL\verilog\Verilog-benchmark\dataset_code-complete-iccad2023/Prob066_edgecapture_ref.sv:21: syntax error
I give up.
