Problem: Prob006_vectorr
Code file: results\glm_4_6_0shot_temp0_0_topP0_01\Prob006_vectorr/Prob006_vectorr_sample01.sv
Compilation: FAILED
==================================================
=== Static Analysis ===
PASS: No simulation-hanging patterns detected
==================================================
Compilation failed (exit code 3):

D:\WorkSpace\ResearchCode\LLM4DSL\verilog\Verilog-benchmark\dataset_code-complete-iccad2023/Prob006_vectorr_test.sv:1: error: `timescale directive can not be inside a module definition.
D:\WorkSpace\ResearchCode\LLM4DSL\verilog\Verilog-benchmark\dataset_code-complete-iccad2023/Prob006_vectorr_ref.sv:11: syntax error
I give up.
