=== Static Analysis ===
PASS: No simulation-hanging patterns detected
==================================================
=== Compilation ===
Return code: 3
D:\WorkSpace\ResearchCode\LLM4DSL\verilog\Verilog-benchmark\dataset_code-complete-iccad2023/Prob068_countbcd_test.sv:1: error: `timescale directive can not be inside a module definition.
D:\WorkSpace\ResearchCode\LLM4DSL\verilog\Verilog-benchmark\dataset_code-complete-iccad2023/Prob068_countbcd_test.sv:6: syntax error
results/glm_4_6_0shot_temp0_8_topP0_95_iterative\Prob068_countbcd\attempt_4\Prob068_countbcd_code.sv:38: error: syntax error in continuous assignment
