{
  "problem_name": "Prob102_circuit3",
  "model_name": "glm-4.6",
  "parameters": {
    "temperature": 0.8,
    "top_p": 0.95,
    "max_compile_attempts": 3,
    "max_test_attempts": 3
  },
  "compile_attempts": 3,
  "test_attempts": 0,
  "total_attempts": 3,
  "final_compile_success": false,
  "final_test_success": false,
  "first_attempt_compile_success": false,
  "first_attempt_test_success": false,
  "improved_by_iteration": false,
  "history": [
    {
      "attempt": 1,
      "phase": "initial",
      "compile_success": false,
      "compile_error": "=== Static Analysis ===\nPASS: No simulation-hanging patterns detected\n==================================================\n=== Compilation ===\nReturn code: 3\nresults/glm_4_6_0shot_temp0_8_topP0_95_iterative\\Prob102_circuit3\\attempt_1\\Prob102_circuit3_code.sv:10: syntax error\nD:\\WorkSpace\\ResearchCode\\LLM4DSL\\verilog\\Verilog-benchmark\\dataset_code-complete-iccad2023/Prob102_circuit3_test.sv:1: error: `timescale directive can not be inside a module definition.\nresults/glm_4_6_0shot_temp0_8_topP0_95_iterative\\Prob102_circuit3\\attempt_1\\Prob102_circuit3_code.sv:10: error: Invalid module instantiation\n",
      "test_success": null,
      "test_error": null,
      "mismatch_count": null
    },
    {
      "attempt": 2,
      "phase": "compile_fix",
      "compile_success": false,
      "compile_error": "=== Static Analysis ===\nPASS: No simulation-hanging patterns detected\n==================================================\n=== Compilation ===\nReturn code: 3\nresults/glm_4_6_0shot_temp0_8_topP0_95_iterative\\Prob102_circuit3\\attempt_2\\Prob102_circuit3_code.sv:10: syntax error\nD:\\WorkSpace\\ResearchCode\\LLM4DSL\\verilog\\Verilog-benchmark\\dataset_code-complete-iccad2023/Prob102_circuit3_test.sv:1: error: `timescale directive can not be inside a module definition.\nresults/glm_4_6_0shot_temp0_8_topP0_95_iterative\\Prob102_circuit3\\attempt_2\\Prob102_circuit3_code.sv:10: error: Invalid module instantiation\n",
      "test_success": null,
      "test_error": null,
      "mismatch_count": null
    },
    {
      "attempt": 3,
      "phase": "compile_fix",
      "compile_success": false,
      "compile_error": "=== Static Analysis ===\nPASS: No simulation-hanging patterns detected\n==================================================\n=== Compilation ===\nReturn code: 3\nD:\\WorkSpace\\ResearchCode\\LLM4DSL\\verilog\\Verilog-benchmark\\dataset_code-complete-iccad2023/Prob102_circuit3_test.sv:1: error: `timescale directive can not be inside a module definition.\nD:\\WorkSpace\\ResearchCode\\LLM4DSL\\verilog\\Verilog-benchmark\\dataset_code-complete-iccad2023/Prob102_circuit3_ref.sv:14: syntax error\nI give up.\n",
      "test_success": null,
      "test_error": null,
      "mismatch_count": null
    }
  ]
}