=== Static Analysis ===
PASS: No simulation-hanging patterns detected
==================================================
=== Compilation ===
Return code: 6
results/phi4_14b_0shot_temp0_8_topP0_95_iterative\Prob152_lemmings3\attempt_2\Prob152_lemmings3_code.sv:16: error: walk_left is not a valid l-value in tb.top_module1.
results/phi4_14b_0shot_temp0_8_topP0_95_iterative\Prob152_lemmings3\attempt_2\Prob152_lemmings3_code.sv:9:      : walk_left is declared here as wire.
results/phi4_14b_0shot_temp0_8_topP0_95_iterative\Prob152_lemmings3\attempt_2\Prob152_lemmings3_code.sv:17: error: walk_right is not a valid l-value in tb.top_module1.
results/phi4_14b_0shot_temp0_8_topP0_95_iterative\Prob152_lemmings3\attempt_2\Prob152_lemmings3_code.sv:10:      : walk_right is declared here as wire.
results/phi4_14b_0shot_temp0_8_topP0_95_iterative\Prob152_lemmings3\attempt_2\Prob152_lemmings3_code.sv:18: error: aaah is not a valid l-value in tb.top_module1.
results/phi4_14b_0shot_temp0_8_topP0_95_iterative\Prob152_lemmings3\attempt_2\Prob152_lemmings3_code.sv:11:      : aaah is declared here as wire.
results/phi4_14b_0shot_temp0_8_topP0_95_iterative\Prob152_lemmings3\attempt_2\Prob152_lemmings3_code.sv:19: error: digging is not a valid l-value in tb.top_module1.
results/phi4_14b_0shot_temp0_8_topP0_95_iterative\Prob152_lemmings3\attempt_2\Prob152_lemmings3_code.sv:12:      : digging is declared here as wire.
results/phi4_14b_0shot_temp0_8_topP0_95_iterative\Prob152_lemmings3\attempt_2\Prob152_lemmings3_code.sv:22: error: Unable to bind wire/reg/memory `current_state' in `tb.top_module1'
results/phi4_14b_0shot_temp0_8_topP0_95_iterative\Prob152_lemmings3\attempt_2\Prob152_lemmings3_code.sv:22: error: Unable to elaborate this case expression.
results/phi4_14b_0shot_temp0_8_topP0_95_iterative\Prob152_lemmings3\attempt_2\Prob152_lemmings3_code.sv:82: error: Unable to bind wire/reg/memory `current_state' in `tb.top_module1'
results/phi4_14b_0shot_temp0_8_topP0_95_iterative\Prob152_lemmings3\attempt_2\Prob152_lemmings3_code.sv:82: error: Unable to elaborate this case expression.
results/phi4_14b_0shot_temp0_8_topP0_95_iterative\Prob152_lemmings3\attempt_2\Prob152_lemmings3_code.sv:14: warning: always_comb process has no sensitivities.
6 error(s) during elaboration.
