=== Compilation ===
Command: iverilog -Wall -Winfloop -Wno-timescale -g2012 -s tb -o results\gemma3_12b_0shot_temp0.0\Prob109_fsm1/Prob109_fsm1_sample01 results\gemma3_12b_0shot_temp0.0\Prob109_fsm1/Prob109_fsm1_sample01.sv dataset_code-complete-iccad2023/Prob109_fsm1_test.sv dataset_code-complete-iccad2023/Prob109_fsm1_ref.sv
Return code: 2

--- stdout ---


--- stderr ---
results\gemma3_12b_0shot_temp0.0\Prob109_fsm1/Prob109_fsm1_sample01.sv:37: error: out is not a valid l-value in tb.top_module1.
results\gemma3_12b_0shot_temp0.0\Prob109_fsm1/Prob109_fsm1_sample01.sv:7:      : out is declared here as wire.
results\gemma3_12b_0shot_temp0.0\Prob109_fsm1/Prob109_fsm1_sample01.sv:38: error: out is not a valid l-value in tb.top_module1.
results\gemma3_12b_0shot_temp0.0\Prob109_fsm1/Prob109_fsm1_sample01.sv:7:      : out is declared here as wire.
2 error(s) during elaboration.
